mode: atomic
mcp-memory/cmd/demo/main.go:14.13,20.16 4 0
mcp-memory/cmd/demo/main.go:20.16,41.3 2 0
mcp-memory/cmd/demo/main.go:44.2,45.16 2 0
mcp-memory/cmd/demo/main.go:45.16,47.3 1 0
mcp-memory/cmd/demo/main.go:50.2,51.42 2 0
mcp-memory/cmd/demo/main.go:51.42,54.3 2 0
mcp-memory/cmd/demo/main.go:57.2,62.29 5 0
mcp-memory/cmd/demo/main.go:62.29,65.3 2 0
mcp-memory/cmd/demo/main.go:67.2,73.40 4 0
mcp-memory/cmd/demo/main.go:73.40,79.17 4 0
mcp-memory/cmd/demo/main.go:79.17,81.4 1 0
mcp-memory/cmd/demo/main.go:81.9,83.4 1 0
mcp-memory/cmd/demo/main.go:86.2,94.39 7 0
mcp-memory/cmd/demo/main.go:94.39,96.3 1 0
mcp-memory/cmd/graphql/main.go:20.13,23.16 2 0
mcp-memory/cmd/graphql/main.go:23.16,25.3 1 0
mcp-memory/cmd/graphql/main.go:28.2,29.16 2 0
mcp-memory/cmd/graphql/main.go:29.16,31.3 1 0
mcp-memory/cmd/graphql/main.go:33.2,36.67 2 0
mcp-memory/cmd/graphql/main.go:36.67,39.3 2 0
mcp-memory/cmd/graphql/main.go:41.2,41.51 1 0
mcp-memory/cmd/graphql/main.go:41.51,43.3 1 0
mcp-memory/cmd/graphql/main.go:46.2,47.16 2 0
mcp-memory/cmd/graphql/main.go:47.16,50.3 2 0
mcp-memory/cmd/graphql/main.go:51.2,51.15 1 0
mcp-memory/cmd/graphql/main.go:51.15,51.43 1 0
mcp-memory/cmd/graphql/main.go:54.2,73.67 9 0
mcp-memory/cmd/graphql/main.go:73.67,74.24 1 0
mcp-memory/cmd/graphql/main.go:74.24,77.4 2 0
mcp-memory/cmd/graphql/main.go:78.3,78.63 1 0
mcp-memory/cmd/graphql/main.go:82.2,86.16 3 0
mcp-memory/cmd/graphql/main.go:86.16,88.3 1 0
mcp-memory/cmd/graphql/main.go:90.2,99.12 2 0
mcp-memory/cmd/graphql/main.go:99.12,103.77 4 0
mcp-memory/cmd/graphql/main.go:103.77,106.4 2 0
mcp-memory/cmd/graphql/main.go:110.2,119.42 7 0
mcp-memory/cmd/graphql/main.go:119.42,121.3 1 0
mcp-memory/cmd/graphql/main.go:123.2,123.30 1 0
mcp-memory/cmd/graphql/main.go:127.62,128.54 1 0
mcp-memory/cmd/graphql/main.go:128.54,130.52 2 0
mcp-memory/cmd/graphql/main.go:130.52,134.4 3 0
mcp-memory/cmd/graphql/main.go:135.3,136.29 2 0
mcp-memory/cmd/graphql/main.go:141.43,142.71 1 0
mcp-memory/cmd/graphql/main.go:142.71,147.28 4 0
mcp-memory/cmd/graphql/main.go:147.28,150.4 2 0
mcp-memory/cmd/graphql/main.go:152.3,152.23 1 0
mcp-memory/cmd/openapi/main.go:16.13,17.22 1 0
mcp-memory/cmd/openapi/main.go:17.22,24.3 6 0
mcp-memory/cmd/openapi/main.go:26.2,28.17 2 0
mcp-memory/cmd/openapi/main.go:29.15,30.23 1 0
mcp-memory/cmd/openapi/main.go:31.18,32.17 1 0
mcp-memory/cmd/openapi/main.go:33.18,34.17 1 0
mcp-memory/cmd/openapi/main.go:35.10,37.13 2 0
mcp-memory/cmd/openapi/main.go:41.27,45.82 2 0
mcp-memory/cmd/openapi/main.go:45.82,47.17 2 0
mcp-memory/cmd/openapi/main.go:47.17,50.4 2 0
mcp-memory/cmd/openapi/main.go:52.3,53.38 2 0
mcp-memory/cmd/openapi/main.go:57.2,57.74 1 0
mcp-memory/cmd/openapi/main.go:57.74,88.3 3 0
mcp-memory/cmd/openapi/main.go:91.2,91.70 1 0
mcp-memory/cmd/openapi/main.go:91.70,93.3 1 0
mcp-memory/cmd/openapi/main.go:95.2,96.16 2 0
mcp-memory/cmd/openapi/main.go:96.16,98.3 1 0
mcp-memory/cmd/openapi/main.go:100.2,102.33 3 0
mcp-memory/cmd/openapi/main.go:105.21,107.16 2 0
mcp-memory/cmd/openapi/main.go:107.16,110.3 2 0
mcp-memory/cmd/openapi/main.go:113.2,113.67 1 0
mcp-memory/cmd/openapi/main.go:113.67,116.3 2 0
mcp-memory/cmd/openapi/main.go:118.2,124.56 5 0
mcp-memory/cmd/openapi/main.go:127.21,135.2 7 0
mcp-memory/cmd/openapi/main.go:137.38,139.62 2 0
mcp-memory/cmd/openapi/main.go:139.62,141.3 1 0
mcp-memory/cmd/openapi/main.go:143.2,144.16 2 0
mcp-memory/cmd/openapi/main.go:144.16,146.3 1 0
mcp-memory/cmd/openapi/main.go:149.2,150.56 2 0
mcp-memory/cmd/openapi/main.go:150.56,152.3 1 0
mcp-memory/cmd/openapi/main.go:154.2,155.16 2 0
mcp-memory/cmd/openapi/main.go:155.16,157.3 1 0
mcp-memory/cmd/openapi/main.go:160.2,162.16 3 0
mcp-memory/cmd/openapi/main.go:162.16,164.3 1 0
mcp-memory/cmd/openapi/main.go:166.2,166.17 1 0
mcp-memory/cmd/openapi/main.go:169.43,171.43 2 0
mcp-memory/cmd/openapi/main.go:171.43,172.26 1 0
mcp-memory/cmd/openapi/main.go:172.26,174.4 1 0
mcp-memory/cmd/openapi/main.go:175.3,175.27 1 0
mcp-memory/cmd/openapi/main.go:175.27,177.4 1 0
mcp-memory/cmd/openapi/main.go:178.3,178.26 1 0
mcp-memory/cmd/openapi/main.go:178.26,180.4 1 0
mcp-memory/cmd/openapi/main.go:181.3,181.29 1 0
mcp-memory/cmd/openapi/main.go:181.29,183.4 1 0
mcp-memory/cmd/openapi/main.go:184.3,184.28 1 0
mcp-memory/cmd/openapi/main.go:184.28,186.4 1 0
mcp-memory/cmd/openapi/main.go:188.2,188.14 1 0
mcp-memory/cmd/migrate/main.go:47.13,60.48 3 0
mcp-memory/cmd/migrate/main.go:60.48,64.3 3 0
mcp-memory/cmd/migrate/main.go:66.2,66.48 1 0
mcp-memory/cmd/migrate/main.go:66.48,70.3 3 0
mcp-memory/cmd/migrate/main.go:73.2,73.14 1 0
mcp-memory/cmd/migrate/main.go:73.14,75.3 1 0
mcp-memory/cmd/migrate/main.go:78.2,79.16 2 0
mcp-memory/cmd/migrate/main.go:79.16,81.3 1 0
mcp-memory/cmd/migrate/main.go:84.2,85.25 2 0
mcp-memory/cmd/migrate/main.go:85.25,87.3 1 0
mcp-memory/cmd/migrate/main.go:89.2,89.54 1 0
mcp-memory/cmd/migrate/main.go:89.54,91.3 1 0
mcp-memory/cmd/migrate/main.go:94.2,95.16 2 0
mcp-memory/cmd/migrate/main.go:95.16,97.3 1 0
mcp-memory/cmd/migrate/main.go:100.2,100.71 1 0
mcp-memory/cmd/migrate/main.go:100.71,102.3 1 0
mcp-memory/cmd/migrate/main.go:105.2,105.25 1 0
mcp-memory/cmd/migrate/main.go:109.144,114.68 2 0
mcp-memory/cmd/migrate/main.go:114.68,116.3 1 0
mcp-memory/cmd/migrate/main.go:118.2,128.8 1 0
mcp-memory/cmd/migrate/main.go:132.73,137.36 2 0
mcp-memory/cmd/migrate/main.go:137.36,138.56 1 0
mcp-memory/cmd/migrate/main.go:138.56,140.4 1 0
mcp-memory/cmd/migrate/main.go:144.2,144.46 1 0
mcp-memory/cmd/migrate/main.go:144.46,145.55 1 0
mcp-memory/cmd/migrate/main.go:145.55,147.4 1 0
mcp-memory/cmd/migrate/main.go:151.2,151.36 1 0
mcp-memory/cmd/migrate/main.go:151.36,152.58 1 0
mcp-memory/cmd/migrate/main.go:152.58,154.4 1 0
mcp-memory/cmd/migrate/main.go:158.2,159.16 2 0
mcp-memory/cmd/migrate/main.go:159.16,161.3 1 0
mcp-memory/cmd/migrate/main.go:163.2,166.21 3 0
mcp-memory/cmd/migrate/main.go:166.21,168.3 1 0
mcp-memory/cmd/migrate/main.go:171.2,171.57 1 0
mcp-memory/cmd/migrate/main.go:171.57,173.3 1 0
mcp-memory/cmd/migrate/main.go:176.2,176.16 1 0
mcp-memory/cmd/migrate/main.go:176.16,177.59 1 0
mcp-memory/cmd/migrate/main.go:177.59,179.4 1 0
mcp-memory/cmd/migrate/main.go:182.2,186.12 3 0
mcp-memory/cmd/migrate/main.go:190.99,191.21 1 0
mcp-memory/cmd/migrate/main.go:191.21,193.3 1 0
mcp-memory/cmd/migrate/main.go:194.2,194.35 1 0
mcp-memory/cmd/migrate/main.go:198.78,202.16 3 0
mcp-memory/cmd/migrate/main.go:202.16,204.3 1 0
mcp-memory/cmd/migrate/main.go:205.2,205.15 1 0
mcp-memory/cmd/migrate/main.go:205.15,206.48 1 0
mcp-memory/cmd/migrate/main.go:206.48,208.4 1 0
mcp-memory/cmd/migrate/main.go:211.2,217.52 3 0
mcp-memory/cmd/migrate/main.go:217.52,219.3 1 0
mcp-memory/cmd/migrate/main.go:221.2,223.32 2 0
mcp-memory/cmd/migrate/main.go:223.32,224.77 1 0
mcp-memory/cmd/migrate/main.go:224.77,226.4 1 0
mcp-memory/cmd/migrate/main.go:229.2,229.31 1 0
mcp-memory/cmd/migrate/main.go:233.101,257.2 12 0
mcp-memory/cmd/migrate/main.go:260.104,263.46 2 0
mcp-memory/cmd/migrate/main.go:263.46,265.24 2 0
mcp-memory/cmd/migrate/main.go:265.24,267.4 1 0
mcp-memory/cmd/migrate/main.go:269.3,271.16 2 0
mcp-memory/cmd/migrate/main.go:271.16,274.4 2 0
mcp-memory/cmd/migrate/main.go:274.9,275.54 1 0
mcp-memory/cmd/migrate/main.go:275.54,278.13 3 0
mcp-memory/cmd/migrate/main.go:280.4,280.41 1 0
mcp-memory/cmd/migrate/main.go:283.3,289.73 3 0
mcp-memory/cmd/migrate/main.go:293.2,293.101 1 0
mcp-memory/cmd/migrate/main.go:293.101,295.3 1 0
mcp-memory/cmd/migrate/main.go:297.2,297.12 1 0
mcp-memory/cmd/migrate/main.go:301.99,303.16 2 0
mcp-memory/cmd/migrate/main.go:303.16,305.3 1 0
mcp-memory/cmd/migrate/main.go:307.2,307.23 1 0
mcp-memory/cmd/migrate/main.go:307.23,310.3 1 0
mcp-memory/cmd/migrate/main.go:312.2,312.12 1 0
mcp-memory/cmd/migrate/main.go:316.113,321.16 3 0
mcp-memory/cmd/migrate/main.go:321.16,323.3 1 0
mcp-memory/cmd/migrate/main.go:325.2,329.53 2 0
mcp-memory/cmd/migrate/main.go:329.53,331.3 1 0
mcp-memory/cmd/migrate/main.go:334.2,334.29 1 0
mcp-memory/cmd/migrate/main.go:334.29,336.35 2 0
mcp-memory/cmd/migrate/main.go:336.35,339.18 3 0
mcp-memory/cmd/migrate/main.go:339.18,341.5 1 0
mcp-memory/cmd/migrate/main.go:343.4,343.42 1 0
mcp-memory/cmd/migrate/main.go:343.42,345.5 1 0
mcp-memory/cmd/migrate/main.go:349.2,351.12 3 0
mcp-memory/cmd/migrate/main.go:355.79,359.31 3 0
mcp-memory/cmd/migrate/main.go:359.31,360.42 1 0
mcp-memory/cmd/migrate/main.go:360.42,363.4 2 0
mcp-memory/cmd/migrate/main.go:366.2,366.23 1 0
mcp-memory/cmd/migrate/main.go:366.23,368.3 1 0
mcp-memory/cmd/migrate/main.go:368.8,371.3 2 0
mcp-memory/cmd/migrate/main.go:373.2,373.12 1 0
mcp-memory/cmd/migrate/main.go:377.75,379.16 2 0
mcp-memory/cmd/migrate/main.go:379.16,382.3 1 0
mcp-memory/cmd/migrate/main.go:384.2,384.27 1 0
mcp-memory/cmd/migrate/main.go:384.27,386.3 1 0
mcp-memory/cmd/migrate/main.go:388.2,388.12 1 0
mcp-memory/cmd/migrate/main.go:392.78,399.56 4 0
mcp-memory/cmd/migrate/main.go:399.56,401.3 1 0
mcp-memory/cmd/migrate/main.go:405.2,407.16 3 0
mcp-memory/cmd/migrate/main.go:407.16,409.3 1 0
mcp-memory/cmd/migrate/main.go:410.2,410.15 1 0
mcp-memory/cmd/migrate/main.go:410.15,411.48 1 0
mcp-memory/cmd/migrate/main.go:411.48,413.4 1 0
mcp-memory/cmd/migrate/main.go:416.2,416.12 1 0
mcp-memory/cmd/migrate/main.go:420.41,431.15 10 0
mcp-memory/cmd/migrate/main.go:431.15,433.3 1 0
mcp-memory/cmd/migrate/main.go:435.2,435.31 1 0
mcp-memory/cmd/migrate/main.go:435.31,437.3 1 0
mcp-memory/cmd/migrate/main.go:439.2,439.75 1 0
mcp-memory/cmd/migrate/main.go:439.75,441.3 1 0
mcp-memory/cmd/migrate/main.go:442.2,442.38 1 0
mcp-memory/cmd/migrate/main.go:445.24,446.11 1 0
mcp-memory/cmd/migrate/main.go:446.11,448.3 1 0
mcp-memory/cmd/migrate/main.go:449.2,449.10 1 0
mcp-memory/cmd/test-mcp/main.go:15.13,41.16 5 0
mcp-memory/cmd/test-mcp/main.go:41.16,43.3 1 0
mcp-memory/cmd/test-mcp/main.go:46.2,47.42 2 0
mcp-memory/cmd/test-mcp/main.go:47.42,49.3 1 0
mcp-memory/cmd/test-mcp/main.go:51.2,72.23 5 0
mcp-memory/cmd/test-mcp/main.go:72.23,74.3 1 0
mcp-memory/cmd/test-mcp/main.go:74.8,76.76 2 0
mcp-memory/cmd/test-mcp/main.go:76.76,78.4 1 0
mcp-memory/cmd/test-mcp/main.go:82.2,90.23 4 0
mcp-memory/cmd/test-mcp/main.go:90.23,92.3 1 0
mcp-memory/cmd/test-mcp/main.go:92.8,94.61 2 0
mcp-memory/cmd/test-mcp/main.go:94.61,95.58 1 0
mcp-memory/cmd/test-mcp/main.go:95.58,97.32 2 0
mcp-memory/cmd/test-mcp/main.go:97.32,99.6 1 0
mcp-memory/cmd/test-mcp/main.go:105.2,117.23 4 0
mcp-memory/cmd/test-mcp/main.go:117.23,119.3 1 0
mcp-memory/cmd/test-mcp/main.go:119.8,121.76 2 0
mcp-memory/cmd/test-mcp/main.go:121.76,123.4 1 0
mcp-memory/cmd/test-mcp/main.go:127.2,135.23 4 0
mcp-memory/cmd/test-mcp/main.go:135.23,137.3 1 0
mcp-memory/cmd/test-mcp/main.go:137.8,139.76 2 0
mcp-memory/cmd/test-mcp/main.go:139.76,141.4 1 0
mcp-memory/cmd/test-mcp/main.go:144.2,151.62 8 0
mcp-memory/internal/deployment/graceful_shutdown.go:33.88,44.2 3 0
mcp-memory/internal/deployment/graceful_shutdown.go:47.112,59.44 5 0
mcp-memory/internal/deployment/graceful_shutdown.go:59.44,60.35 1 0
mcp-memory/internal/deployment/graceful_shutdown.go:60.35,63.9 3 0
mcp-memory/internal/deployment/graceful_shutdown.go:67.2,67.15 1 0
mcp-memory/internal/deployment/graceful_shutdown.go:67.15,69.3 1 0
mcp-memory/internal/deployment/graceful_shutdown.go:71.2,71.84 1 0
mcp-memory/internal/deployment/graceful_shutdown.go:75.46,76.9 1 0
mcp-memory/internal/deployment/graceful_shutdown.go:77.32,79.23 2 0
mcp-memory/internal/deployment/graceful_shutdown.go:80.17,81.39 1 0
mcp-memory/internal/deployment/graceful_shutdown.go:86.39,89.2 2 0
mcp-memory/internal/deployment/graceful_shutdown.go:92.46,104.31 8 0
mcp-memory/internal/deployment/graceful_shutdown.go:104.31,105.10 1 0
mcp-memory/internal/deployment/graceful_shutdown.go:106.21,108.10 2 0
mcp-memory/internal/deployment/graceful_shutdown.go:109.11,113.43 3 0
mcp-memory/internal/deployment/graceful_shutdown.go:113.43,115.5 1 0
mcp-memory/internal/deployment/graceful_shutdown.go:115.10,117.5 1 0
mcp-memory/internal/deployment/graceful_shutdown.go:121.2,121.47 1 0
mcp-memory/internal/deployment/graceful_shutdown.go:130.59,132.2 1 0
mcp-memory/internal/deployment/graceful_shutdown.go:135.115,136.41 1 0
mcp-memory/internal/deployment/graceful_shutdown.go:136.41,137.75 1 0
mcp-memory/internal/deployment/graceful_shutdown.go:137.75,140.4 2 0
mcp-memory/internal/deployment/graceful_shutdown.go:141.3,141.65 1 0
mcp-memory/internal/deployment/graceful_shutdown.go:146.109,147.41 1 0
mcp-memory/internal/deployment/graceful_shutdown.go:147.41,148.56 1 0
mcp-memory/internal/deployment/graceful_shutdown.go:148.56,151.4 2 0
mcp-memory/internal/deployment/graceful_shutdown.go:152.3,152.64 1 0
mcp-memory/internal/deployment/graceful_shutdown.go:157.114,158.41 1 0
mcp-memory/internal/deployment/graceful_shutdown.go:158.41,161.3 2 0
mcp-memory/internal/deployment/graceful_shutdown.go:165.148,166.41 1 0
mcp-memory/internal/deployment/graceful_shutdown.go:166.41,173.10 3 0
mcp-memory/internal/deployment/graceful_shutdown.go:174.19,176.14 2 0
mcp-memory/internal/deployment/graceful_shutdown.go:177.21,178.68 1 0
mcp-memory/internal/deployment/graceful_shutdown.go:184.117,185.41 1 0
mcp-memory/internal/deployment/graceful_shutdown.go:185.41,189.59 2 0
mcp-memory/internal/deployment/graceful_shutdown.go:189.59,191.4 1 0
mcp-memory/internal/deployment/graceful_shutdown.go:193.3,193.58 1 0
mcp-memory/internal/deployment/graceful_shutdown.go:193.58,195.4 1 0
mcp-memory/internal/deployment/graceful_shutdown.go:197.3,197.80 1 0
mcp-memory/internal/deployment/health.go:102.54,109.2 1 0
mcp-memory/internal/deployment/health.go:112.60,114.2 1 0
mcp-memory/internal/deployment/health.go:117.73,122.38 3 0
mcp-memory/internal/deployment/health.go:122.38,130.3 5 0
mcp-memory/internal/deployment/health.go:133.2,134.31 2 0
mcp-memory/internal/deployment/health.go:134.31,135.23 1 0
mcp-memory/internal/deployment/health.go:136.30,137.41 1 0
mcp-memory/internal/deployment/health.go:138.29,139.44 1 0
mcp-memory/internal/deployment/health.go:139.44,141.5 1 0
mcp-memory/internal/deployment/health.go:142.28,142.28 0 0
mcp-memory/internal/deployment/health.go:144.28,146.44 1 0
mcp-memory/internal/deployment/health.go:146.44,148.5 1 0
mcp-memory/internal/deployment/health.go:152.2,159.3 1 0
mcp-memory/internal/deployment/health.go:163.58,170.38 5 0
mcp-memory/internal/deployment/health.go:170.38,172.23 2 0
mcp-memory/internal/deployment/health.go:173.30,174.41 1 0
mcp-memory/internal/deployment/health.go:175.29,176.44 1 0
mcp-memory/internal/deployment/health.go:176.44,178.5 1 0
mcp-memory/internal/deployment/health.go:179.28,179.28 0 0
mcp-memory/internal/deployment/health.go:181.28,183.44 1 0
mcp-memory/internal/deployment/health.go:183.44,185.5 1 0
mcp-memory/internal/deployment/health.go:189.2,196.3 1 0
mcp-memory/internal/deployment/health.go:200.91,204.6 3 0
mcp-memory/internal/deployment/health.go:204.6,205.10 1 0
mcp-memory/internal/deployment/health.go:206.21,207.10 1 0
mcp-memory/internal/deployment/health.go:208.19,209.23 1 0
mcp-memory/internal/deployment/health.go:215.57,216.54 1 0
mcp-memory/internal/deployment/health.go:216.54,226.24 6 0
mcp-memory/internal/deployment/health.go:227.28,228.32 1 0
mcp-memory/internal/deployment/health.go:229.29,230.32 1 0
mcp-memory/internal/deployment/health.go:231.30,232.48 1 0
mcp-memory/internal/deployment/health.go:233.28,235.49 1 0
mcp-memory/internal/deployment/health.go:236.11,238.49 1 0
mcp-memory/internal/deployment/health.go:241.3,241.59 1 0
mcp-memory/internal/deployment/health.go:241.59,244.4 2 0
mcp-memory/internal/deployment/health.go:249.62,250.54 1 0
mcp-memory/internal/deployment/health.go:250.54,260.43 6 0
mcp-memory/internal/deployment/health.go:260.43,262.116 2 0
mcp-memory/internal/deployment/health.go:262.116,264.5 1 0
mcp-memory/internal/deployment/health.go:265.9,267.120 2 0
mcp-memory/internal/deployment/health.go:267.120,269.5 1 0
mcp-memory/internal/deployment/health.go:275.61,276.54 1 0
mcp-memory/internal/deployment/health.go:276.54,281.75 3 0
mcp-memory/internal/deployment/health.go:281.75,283.4 1 0
mcp-memory/internal/deployment/health.go:288.53,310.2 3 0
mcp-memory/internal/deployment/health.go:315.109,320.2 1 0
mcp-memory/internal/deployment/health.go:322.49,324.2 1 0
mcp-memory/internal/deployment/health.go:326.74,336.16 7 0
mcp-memory/internal/deployment/health.go:336.16,344.3 1 0
mcp-memory/internal/deployment/health.go:346.2,351.30 4 0
mcp-memory/internal/deployment/health.go:351.30,354.3 2 0
mcp-memory/internal/deployment/health.go:356.2,365.3 1 0
mcp-memory/internal/deployment/health.go:369.119,374.2 1 0
mcp-memory/internal/deployment/health.go:376.55,378.2 1 0
mcp-memory/internal/deployment/health.go:380.80,390.16 7 0
mcp-memory/internal/deployment/health.go:390.16,398.3 1 0
mcp-memory/internal/deployment/health.go:400.2,405.30 4 0
mcp-memory/internal/deployment/health.go:405.30,408.3 2 0
mcp-memory/internal/deployment/health.go:410.2,419.3 1 0
mcp-memory/internal/deployment/health.go:423.70,428.2 1 0
mcp-memory/internal/deployment/health.go:430.47,432.2 1 0
mcp-memory/internal/deployment/health.go:434.72,446.25 8 0
mcp-memory/internal/deployment/health.go:446.25,447.32 1 0
mcp-memory/internal/deployment/health.go:447.32,450.4 2 0
mcp-memory/internal/deployment/health.go:450.9,450.124 1 0
mcp-memory/internal/deployment/health.go:450.124,453.4 2 0
mcp-memory/internal/deployment/health.go:456.2,469.3 1 0
mcp-memory/internal/deployment/health.go:473.67,474.38 1 0
mcp-memory/internal/deployment/health.go:474.38,475.52 1 0
mcp-memory/internal/deployment/health.go:475.52,477.4 1 0
mcp-memory/internal/deployment/health.go:479.2,479.52 1 0
mcp-memory/internal/deployment/health.go:483.60,484.38 1 0
mcp-memory/internal/deployment/health.go:484.38,485.56 1 0
mcp-memory/internal/deployment/health.go:485.56,487.4 1 0
mcp-memory/internal/deployment/health.go:489.2,489.21 1 0
mcp-memory/internal/deployment/monitoring.go:103.119,114.2 1 0
mcp-memory/internal/deployment/monitoring.go:117.75,125.2 1 0
mcp-memory/internal/deployment/monitoring.go:128.59,134.2 1 0
mcp-memory/internal/deployment/monitoring.go:137.63,139.16 2 0
mcp-memory/internal/deployment/monitoring.go:139.16,142.3 2 0
mcp-memory/internal/deployment/monitoring.go:143.2,149.12 5 0
mcp-memory/internal/deployment/monitoring.go:153.43,155.17 2 0
mcp-memory/internal/deployment/monitoring.go:155.17,158.3 2 0
mcp-memory/internal/deployment/monitoring.go:159.2,166.12 6 0
mcp-memory/internal/deployment/monitoring.go:170.66,176.6 4 0
mcp-memory/internal/deployment/monitoring.go:176.6,177.10 1 0
mcp-memory/internal/deployment/monitoring.go:178.21,179.10 1 0
mcp-memory/internal/deployment/monitoring.go:180.22,181.10 1 0
mcp-memory/internal/deployment/monitoring.go:182.19,184.20 2 0
mcp-memory/internal/deployment/monitoring.go:190.66,211.25 9 0
mcp-memory/internal/deployment/monitoring.go:211.25,216.24 3 0
mcp-memory/internal/deployment/monitoring.go:217.28,218.21 1 0
mcp-memory/internal/deployment/monitoring.go:219.29,220.21 1 0
mcp-memory/internal/deployment/monitoring.go:221.30,222.21 1 0
mcp-memory/internal/deployment/monitoring.go:223.28,225.21 1 0
mcp-memory/internal/deployment/monitoring.go:226.11,228.21 1 0
mcp-memory/internal/deployment/monitoring.go:230.3,232.39 2 0
mcp-memory/internal/deployment/monitoring.go:232.39,234.24 2 0
mcp-memory/internal/deployment/monitoring.go:235.29,236.21 1 0
mcp-memory/internal/deployment/monitoring.go:237.30,238.21 1 0
mcp-memory/internal/deployment/monitoring.go:239.31,240.21 1 0
mcp-memory/internal/deployment/monitoring.go:241.29,243.21 1 0
mcp-memory/internal/deployment/monitoring.go:244.12,246.21 1 0
mcp-memory/internal/deployment/monitoring.go:248.4,249.101 2 0
mcp-memory/internal/deployment/monitoring.go:255.44,258.2 2 0
mcp-memory/internal/deployment/monitoring.go:261.59,263.2 1 0
mcp-memory/internal/deployment/monitoring.go:265.68,269.2 3 0
mcp-memory/internal/deployment/monitoring.go:271.59,275.2 3 0
mcp-memory/internal/deployment/monitoring.go:278.66,282.2 3 0
mcp-memory/internal/deployment/monitoring.go:284.59,288.2 3 0
mcp-memory/internal/deployment/monitoring.go:291.73,295.32 3 0
mcp-memory/internal/deployment/monitoring.go:295.32,297.3 1 0
mcp-memory/internal/deployment/monitoring.go:299.2,302.38 2 0
mcp-memory/internal/deployment/monitoring.go:302.38,304.3 1 0
mcp-memory/internal/deployment/monitoring.go:308.59,310.2 1 0
mcp-memory/internal/deployment/monitoring.go:312.58,318.32 4 0
mcp-memory/internal/deployment/monitoring.go:318.32,320.3 1 0
mcp-memory/internal/deployment/monitoring.go:322.2,323.30 2 0
mcp-memory/internal/deployment/monitoring.go:323.30,325.3 1 0
mcp-memory/internal/deployment/monitoring.go:327.2,328.34 2 0
mcp-memory/internal/deployment/monitoring.go:328.34,330.3 1 0
mcp-memory/internal/deployment/monitoring.go:332.2,347.3 3 0
mcp-memory/internal/deployment/monitoring.go:351.63,352.22 1 0
mcp-memory/internal/deployment/monitoring.go:352.22,354.3 1 0
mcp-memory/internal/deployment/monitoring.go:357.2,361.35 3 0
mcp-memory/internal/deployment/monitoring.go:361.35,362.40 1 0
mcp-memory/internal/deployment/monitoring.go:362.40,363.31 1 0
mcp-memory/internal/deployment/monitoring.go:363.31,365.5 1 0
mcp-memory/internal/deployment/monitoring.go:369.2,377.27 3 0
mcp-memory/internal/deployment/monitoring.go:377.27,379.3 1 0
mcp-memory/internal/deployment/monitoring.go:380.2,387.14 5 0
mcp-memory/internal/deployment/monitoring.go:391.54,392.22 1 0
mcp-memory/internal/deployment/monitoring.go:392.22,394.3 1 0
mcp-memory/internal/deployment/monitoring.go:396.2,400.26 4 0
mcp-memory/internal/deployment/monitoring.go:400.26,402.3 1 0
mcp-memory/internal/deployment/monitoring.go:404.2,405.56 2 0
mcp-memory/internal/deployment/monitoring.go:409.61,410.54 1 0
mcp-memory/internal/deployment/monitoring.go:410.54,414.61 3 0
mcp-memory/internal/deployment/monitoring.go:414.61,417.4 2 0
mcp-memory/internal/deployment/monitoring.go:422.49,429.2 5 0
mcp-memory/internal/deployment/monitoring.go:431.61,435.2 3 0
mcp-memory/internal/deployment/monitoring.go:437.64,445.29 7 0
mcp-memory/internal/deployment/monitoring.go:445.29,446.20 1 0
mcp-memory/internal/deployment/monitoring.go:446.20,447.12 1 0
mcp-memory/internal/deployment/monitoring.go:451.3,451.49 1 0
mcp-memory/internal/deployment/monitoring.go:451.49,452.12 1 0
mcp-memory/internal/deployment/monitoring.go:456.3,459.56 3 0
mcp-memory/internal/deployment/monitoring.go:459.56,462.4 2 0
mcp-memory/internal/deployment/monitoring.go:462.9,462.61 1 0
mcp-memory/internal/deployment/monitoring.go:462.61,465.4 2 0
mcp-memory/internal/deployment/monitoring.go:467.3,467.13 1 0
mcp-memory/internal/deployment/monitoring.go:467.13,468.12 1 0
mcp-memory/internal/deployment/monitoring.go:472.3,473.24 2 0
mcp-memory/internal/deployment/monitoring.go:474.13,475.38 1 0
mcp-memory/internal/deployment/monitoring.go:476.14,477.39 1 0
mcp-memory/internal/deployment/monitoring.go:478.13,479.38 1 0
mcp-memory/internal/deployment/monitoring.go:480.14,481.39 1 0
mcp-memory/internal/deployment/monitoring.go:482.13,483.39 1 0
mcp-memory/internal/deployment/monitoring.go:486.3,486.16 1 0
mcp-memory/internal/deployment/monitoring.go:486.16,502.39 6 0
mcp-memory/internal/deployment/monitoring.go:502.39,504.5 1 0
mcp-memory/internal/graphql/resolvers.go:15.81,16.60 1 0
mcp-memory/internal/graphql/resolvers.go:16.60,23.17 5 0
mcp-memory/internal/graphql/resolvers.go:23.17,25.4 1 0
mcp-memory/internal/graphql/resolvers.go:28.3,30.33 3 0
mcp-memory/internal/graphql/resolvers.go:30.33,32.4 1 0
mcp-memory/internal/graphql/resolvers.go:34.3,44.79 2 0
mcp-memory/internal/graphql/resolvers.go:44.79,45.19 1 0
mcp-memory/internal/graphql/resolvers.go:46.20,47.41 1 0
mcp-memory/internal/graphql/resolvers.go:48.22,49.43 1 0
mcp-memory/internal/graphql/resolvers.go:50.12,51.40 1 0
mcp-memory/internal/graphql/resolvers.go:56.3,57.17 2 0
mcp-memory/internal/graphql/resolvers.go:57.17,59.4 1 0
mcp-memory/internal/graphql/resolvers.go:62.3,63.17 2 0
mcp-memory/internal/graphql/resolvers.go:63.17,65.4 1 0
mcp-memory/internal/graphql/resolvers.go:67.3,67.22 1 0
mcp-memory/internal/graphql/resolvers.go:72.83,73.60 1 0
mcp-memory/internal/graphql/resolvers.go:73.60,78.17 4 0
mcp-memory/internal/graphql/resolvers.go:78.17,80.4 1 0
mcp-memory/internal/graphql/resolvers.go:82.3,82.20 1 0
mcp-memory/internal/graphql/resolvers.go:87.85,88.60 1 0
mcp-memory/internal/graphql/resolvers.go:88.60,95.17 6 0
mcp-memory/internal/graphql/resolvers.go:95.17,97.4 1 0
mcp-memory/internal/graphql/resolvers.go:99.3,99.21 1 0
mcp-memory/internal/graphql/resolvers.go:104.86,105.60 1 0
mcp-memory/internal/graphql/resolvers.go:105.60,123.17 8 0
mcp-memory/internal/graphql/resolvers.go:123.17,125.4 1 0
mcp-memory/internal/graphql/resolvers.go:129.3,132.42 2 0
mcp-memory/internal/graphql/resolvers.go:132.42,144.4 2 0
mcp-memory/internal/graphql/resolvers.go:146.3,146.23 1 0
mcp-memory/internal/graphql/resolvers.go:151.89,152.60 1 0
mcp-memory/internal/graphql/resolvers.go:152.60,186.17 11 0
mcp-memory/internal/graphql/resolvers.go:186.17,188.4 1 0
mcp-memory/internal/graphql/resolvers.go:191.3,191.40 1 0
mcp-memory/internal/graphql/resolvers.go:191.40,193.4 1 0
mcp-memory/internal/graphql/resolvers.go:196.3,201.42 5 0
mcp-memory/internal/graphql/resolvers.go:201.42,203.51 1 0
mcp-memory/internal/graphql/resolvers.go:203.51,212.5 1 0
mcp-memory/internal/graphql/resolvers.go:215.4,215.27 1 0
mcp-memory/internal/graphql/resolvers.go:216.84,222.7 1 0
mcp-memory/internal/graphql/resolvers.go:226.86,232.7 1 0
mcp-memory/internal/graphql/resolvers.go:233.12,235.110 1 0
mcp-memory/internal/graphql/resolvers.go:235.110,242.6 1 0
mcp-memory/internal/graphql/resolvers.go:246.3,253.21 2 0
mcp-memory/internal/graphql/resolvers.go:258.86,259.60 1 0
mcp-memory/internal/graphql/resolvers.go:259.60,267.17 6 0
mcp-memory/internal/graphql/resolvers.go:267.17,269.4 1 0
mcp-memory/internal/graphql/resolvers.go:272.3,273.23 2 0
mcp-memory/internal/graphql/resolvers.go:273.23,275.4 1 0
mcp-memory/internal/graphql/resolvers.go:277.3,287.17 3 0
mcp-memory/internal/graphql/resolvers.go:287.17,289.4 1 0
mcp-memory/internal/graphql/resolvers.go:292.3,293.42 2 0
mcp-memory/internal/graphql/resolvers.go:293.42,295.4 1 0
mcp-memory/internal/graphql/resolvers.go:297.3,297.21 1 0
mcp-memory/internal/graphql/resolvers.go:302.85,303.60 1 0
mcp-memory/internal/graphql/resolvers.go:303.60,327.17 5 0
mcp-memory/internal/graphql/resolvers.go:327.17,329.4 1 0
mcp-memory/internal/graphql/resolvers.go:330.3,335.17 4 0
mcp-memory/internal/graphql/resolvers.go:335.17,337.4 1 0
mcp-memory/internal/graphql/resolvers.go:340.3,340.50 1 0
mcp-memory/internal/graphql/resolvers.go:340.50,341.80 1 0
mcp-memory/internal/graphql/resolvers.go:341.80,343.5 1 0
mcp-memory/internal/graphql/resolvers.go:347.3,347.31 1 0
mcp-memory/internal/graphql/resolvers.go:347.31,349.4 1 0
mcp-memory/internal/graphql/resolvers.go:351.3,351.48 1 0
mcp-memory/internal/graphql/resolvers.go:356.88,357.60 1 0
mcp-memory/internal/graphql/resolvers.go:357.60,375.68 4 0
mcp-memory/internal/graphql/resolvers.go:375.68,377.4 1 0
mcp-memory/internal/graphql/resolvers.go:380.3,381.17 2 0
mcp-memory/internal/graphql/resolvers.go:381.17,383.4 1 0
mcp-memory/internal/graphql/resolvers.go:384.3,387.70 2 0
mcp-memory/internal/graphql/resolvers.go:387.70,389.4 1 0
mcp-memory/internal/graphql/resolvers.go:391.3,391.21 1 0
mcp-memory/internal/graphql/resolvers.go:396.86,397.60 1 0
mcp-memory/internal/graphql/resolvers.go:397.60,401.68 3 0
mcp-memory/internal/graphql/resolvers.go:401.68,403.4 1 0
mcp-memory/internal/graphql/resolvers.go:405.3,405.19 1 0
mcp-memory/internal/graphql/resolvers.go:410.80,411.52 1 0
mcp-memory/internal/graphql/resolvers.go:411.52,412.61 1 0
mcp-memory/internal/graphql/resolvers.go:412.61,413.42 1 0
mcp-memory/internal/graphql/resolvers.go:413.42,415.5 1 0
mcp-memory/internal/graphql/resolvers.go:418.2,418.21 1 0
mcp-memory/internal/graphql/resolvers.go:421.71,422.52 1 0
mcp-memory/internal/graphql/resolvers.go:422.52,423.61 1 0
mcp-memory/internal/graphql/resolvers.go:423.61,424.39 1 0
mcp-memory/internal/graphql/resolvers.go:424.39,426.5 1 0
mcp-memory/internal/graphql/resolvers.go:429.2,429.21 1 0
mcp-memory/internal/graphql/resolvers.go:432.81,433.52 1 0
mcp-memory/internal/graphql/resolvers.go:433.52,434.61 1 0
mcp-memory/internal/graphql/resolvers.go:434.61,435.45 1 0
mcp-memory/internal/graphql/resolvers.go:435.45,437.5 1 0
mcp-memory/internal/graphql/resolvers.go:440.2,440.21 1 0
mcp-memory/internal/graphql/resolvers.go:443.66,445.9 2 0
mcp-memory/internal/graphql/resolvers.go:445.9,447.3 1 0
mcp-memory/internal/graphql/resolvers.go:449.2,450.29 2 0
mcp-memory/internal/graphql/resolvers.go:450.29,452.3 1 0
mcp-memory/internal/graphql/resolvers.go:454.2,455.9 2 0
mcp-memory/internal/graphql/resolvers.go:455.9,457.3 1 0
mcp-memory/internal/graphql/resolvers.go:459.2,460.24 2 0
mcp-memory/internal/graphql/resolvers.go:460.24,461.32 1 0
mcp-memory/internal/graphql/resolvers.go:461.32,463.4 1 0
mcp-memory/internal/graphql/resolvers.go:465.2,465.15 1 0
mcp-memory/internal/graphql/resolvers.go:469.62,470.19 1 0
mcp-memory/internal/graphql/resolvers.go:471.24,472.29 1 0
mcp-memory/internal/graphql/resolvers.go:473.15,474.32 1 0
mcp-memory/internal/graphql/resolvers.go:475.24,476.30 1 0
mcp-memory/internal/graphql/resolvers.go:477.10,478.29 1 0
mcp-memory/internal/graphql/resolvers.go:483.87,484.60 1 0
mcp-memory/internal/graphql/resolvers.go:484.60,490.17 4 0
mcp-memory/internal/graphql/resolvers.go:490.17,492.4 1 0
mcp-memory/internal/graphql/resolvers.go:496.3,496.21 1 0
mcp-memory/internal/graphql/resolvers.go:501.87,502.60 1 0
mcp-memory/internal/graphql/resolvers.go:502.60,509.17 5 0
mcp-memory/internal/graphql/resolvers.go:509.17,511.4 1 0
mcp-memory/internal/graphql/resolvers.go:514.3,523.68 5 0
mcp-memory/internal/graphql/resolvers.go:523.68,526.39 2 0
mcp-memory/internal/graphql/resolvers.go:526.39,537.34 3 0
mcp-memory/internal/graphql/resolvers.go:537.34,539.6 1 0
mcp-memory/internal/graphql/resolvers.go:539.11,541.20 2 0
mcp-memory/internal/graphql/resolvers.go:541.20,542.15 1 0
mcp-memory/internal/graphql/resolvers.go:546.5,547.19 2 0
mcp-memory/internal/graphql/resolvers.go:547.19,548.14 1 0
mcp-memory/internal/graphql/resolvers.go:552.5,552.44 1 0
mcp-memory/internal/graphql/resolvers.go:552.44,553.57 1 0
mcp-memory/internal/graphql/resolvers.go:553.57,557.7 3 0
mcp-memory/internal/graphql/resolvers.go:561.4,561.28 1 0
mcp-memory/internal/graphql/resolvers.go:564.3,564.28 1 0
mcp-memory/internal/graphql/schema.go:18.58,392.16 12 0
mcp-memory/internal/graphql/schema.go:392.16,394.3 1 0
mcp-memory/internal/graphql/schema.go:396.2,399.8 1 0
mcp-memory/internal/graphql/schema.go:403.45,405.2 1 0
mcp-memory/internal/logging/logger.go:35.39,40.2 1 0
mcp-memory/internal/logging/logger.go:43.64,44.21 1 0
mcp-memory/internal/logging/logger.go:44.21,46.3 1 0
mcp-memory/internal/logging/logger.go:50.64,51.21 1 0
mcp-memory/internal/logging/logger.go:51.21,53.3 1 0
mcp-memory/internal/logging/logger.go:57.65,58.22 1 0
mcp-memory/internal/logging/logger.go:58.22,60.3 1 0
mcp-memory/internal/logging/logger.go:64.65,65.22 1 0
mcp-memory/internal/logging/logger.go:65.22,67.3 1 0
mcp-memory/internal/logging/logger.go:71.65,74.2 2 0
mcp-memory/internal/logging/logger.go:80.46,82.2 1 0
mcp-memory/internal/logging/logger.go:84.46,86.2 1 0
mcp-memory/internal/logging/logger.go:88.47,90.2 1 0
mcp-memory/internal/logging/logger.go:92.47,94.2 1 0
mcp-memory/internal/logging/logger.go:96.47,98.2 1 0
mcp-memory/cmd/server/main.go:24.13,34.16 4 0
mcp-memory/cmd/server/main.go:34.16,36.3 1 0
mcp-memory/cmd/server/main.go:39.2,40.16 2 0
mcp-memory/cmd/server/main.go:40.16,42.3 1 0
mcp-memory/cmd/server/main.go:45.2,46.48 2 0
mcp-memory/cmd/server/main.go:46.48,48.3 1 0
mcp-memory/cmd/server/main.go:51.2,57.15 4 0
mcp-memory/cmd/server/main.go:58.15,65.46 4 0
mcp-memory/cmd/server/main.go:65.46,66.41 1 0
mcp-memory/cmd/server/main.go:66.41,70.5 3 0
mcp-memory/cmd/server/main.go:73.14,77.64 3 0
mcp-memory/cmd/server/main.go:77.64,78.41 1 0
mcp-memory/cmd/server/main.go:78.41,82.5 3 0
mcp-memory/cmd/server/main.go:85.10,88.9 3 0
mcp-memory/cmd/server/main.go:92.2,92.45 1 0
mcp-memory/cmd/server/main.go:92.45,94.3 1 0
mcp-memory/cmd/server/main.go:97.88,102.70 2 0
mcp-memory/cmd/server/main.go:102.70,109.28 5 0
mcp-memory/cmd/server/main.go:109.28,112.4 2 0
mcp-memory/cmd/server/main.go:114.3,114.25 1 0
mcp-memory/cmd/server/main.go:114.25,117.4 2 0
mcp-memory/cmd/server/main.go:120.3,121.62 2 0
mcp-memory/cmd/server/main.go:121.62,124.4 2 0
mcp-memory/cmd/server/main.go:127.3,131.57 3 0
mcp-memory/cmd/server/main.go:131.57,133.4 1 0
mcp-memory/cmd/server/main.go:137.2,137.70 1 0
mcp-memory/cmd/server/main.go:137.70,139.28 1 0
mcp-memory/cmd/server/main.go:139.28,145.4 5 0
mcp-memory/cmd/server/main.go:148.3,148.25 1 0
mcp-memory/cmd/server/main.go:148.25,154.63 4 0
mcp-memory/cmd/server/main.go:154.63,157.5 2 0
mcp-memory/cmd/server/main.go:160.4,164.58 3 0
mcp-memory/cmd/server/main.go:164.58,166.5 1 0
mcp-memory/cmd/server/main.go:167.4,167.10 1 0
mcp-memory/cmd/server/main.go:171.3,171.24 1 0
mcp-memory/cmd/server/main.go:171.24,174.4 2 0
mcp-memory/cmd/server/main.go:177.3,185.10 7 0
mcp-memory/cmd/server/main.go:185.10,188.4 2 0
mcp-memory/cmd/server/main.go:191.3,198.7 5 0
mcp-memory/cmd/server/main.go:198.7,199.11 1 0
mcp-memory/cmd/server/main.go:200.20,203.20 2 0
mcp-memory/cmd/server/main.go:204.30,205.11 1 0
mcp-memory/cmd/server/main.go:211.2,212.43 1 0
mcp-memory/cmd/server/main.go:212.43,214.4 1 0
mcp-memory/cmd/server/main.go:218.2,218.69 1 0
mcp-memory/cmd/server/main.go:218.69,221.60 1 0
mcp-memory/cmd/server/main.go:221.60,224.4 2 0
mcp-memory/cmd/server/main.go:227.3,228.17 2 0
mcp-memory/cmd/server/main.go:228.17,231.4 2 0
mcp-memory/cmd/server/main.go:232.3,232.16 1 0
mcp-memory/cmd/server/main.go:232.16,233.49 1 0
mcp-memory/cmd/server/main.go:233.49,235.5 1 0
mcp-memory/cmd/server/main.go:238.3,247.52 3 0
mcp-memory/cmd/server/main.go:247.52,250.4 2 0
mcp-memory/cmd/server/main.go:253.3,253.7 1 0
mcp-memory/cmd/server/main.go:253.7,255.46 2 0
mcp-memory/cmd/server/main.go:255.46,256.104 1 0
mcp-memory/cmd/server/main.go:256.104,258.6 1 0
mcp-memory/cmd/server/main.go:259.5,259.10 1 0
mcp-memory/cmd/server/main.go:262.4,268.47 3 0
mcp-memory/cmd/server/main.go:268.47,270.10 2 0
mcp-memory/cmd/server/main.go:274.3,274.65 1 0
mcp-memory/cmd/server/main.go:278.2,278.73 1 0
mcp-memory/cmd/server/main.go:278.73,281.3 2 0
mcp-memory/cmd/server/main.go:283.2,293.12 2 0
mcp-memory/cmd/server/main.go:293.12,299.80 6 0
mcp-memory/cmd/server/main.go:299.80,301.4 1 0
mcp-memory/cmd/server/main.go:305.2,313.37 4 0
mcp-memory/internal/monitoring/performance_monitor.go:593.126,594.19 1 0
mcp-memory/internal/monitoring/performance_monitor.go:594.19,596.3 1 0
mcp-memory/internal/monitoring/performance_monitor.go:598.2,618.36 3 0
mcp-memory/internal/monitoring/performance_monitor.go:618.36,620.3 1 0
mcp-memory/internal/monitoring/performance_monitor.go:622.2,622.33 1 0
mcp-memory/internal/monitoring/performance_monitor.go:622.33,624.3 1 0
mcp-memory/internal/monitoring/performance_monitor.go:626.2,626.39 1 0
mcp-memory/internal/monitoring/performance_monitor.go:626.39,628.3 1 0
mcp-memory/internal/monitoring/performance_monitor.go:630.2,630.38 1 0
mcp-memory/internal/monitoring/performance_monitor.go:630.38,632.3 1 0
mcp-memory/internal/monitoring/performance_monitor.go:634.2,634.28 1 0
mcp-memory/internal/monitoring/performance_monitor.go:634.28,638.3 3 0
mcp-memory/internal/monitoring/performance_monitor.go:640.2,640.29 1 0
mcp-memory/internal/monitoring/performance_monitor.go:640.29,642.3 1 0
mcp-memory/internal/monitoring/performance_monitor.go:644.2,644.27 1 0
mcp-memory/internal/monitoring/performance_monitor.go:644.27,647.3 2 0
mcp-memory/internal/monitoring/performance_monitor.go:649.2,649.29 1 0
mcp-memory/internal/monitoring/performance_monitor.go:649.29,651.3 1 0
mcp-memory/internal/monitoring/performance_monitor.go:653.2,653.29 1 0
mcp-memory/internal/monitoring/performance_monitor.go:653.29,655.3 1 0
mcp-memory/internal/monitoring/performance_monitor.go:657.2,660.32 2 0
mcp-memory/internal/monitoring/performance_monitor.go:660.32,662.3 1 0
mcp-memory/internal/monitoring/performance_monitor.go:665.2,670.11 3 0
mcp-memory/internal/monitoring/performance_monitor.go:674.140,675.17 1 0
mcp-memory/internal/monitoring/performance_monitor.go:675.17,677.3 1 0
mcp-memory/internal/monitoring/performance_monitor.go:679.2,680.15 2 0
mcp-memory/internal/monitoring/performance_monitor.go:680.15,683.3 2 0
mcp-memory/internal/monitoring/performance_monitor.go:686.2,696.31 2 0
mcp-memory/internal/monitoring/performance_monitor.go:696.31,700.3 3 0
mcp-memory/internal/monitoring/performance_monitor.go:703.2,709.30 3 0
mcp-memory/internal/monitoring/performance_monitor.go:709.30,711.3 1 0
mcp-memory/internal/monitoring/performance_monitor.go:714.2,714.32 1 0
mcp-memory/internal/monitoring/performance_monitor.go:714.32,723.3 2 0
mcp-memory/internal/monitoring/performance_monitor.go:727.125,732.13 4 0
mcp-memory/internal/monitoring/performance_monitor.go:732.13,734.3 1 0
mcp-memory/internal/monitoring/performance_monitor.go:737.2,749.42 4 0
mcp-memory/internal/monitoring/performance_monitor.go:749.42,750.36 1 0
mcp-memory/internal/monitoring/performance_monitor.go:750.36,752.4 1 0
mcp-memory/internal/monitoring/performance_monitor.go:754.2,759.28 3 0
mcp-memory/internal/monitoring/performance_monitor.go:763.79,768.47 4 0
mcp-memory/internal/monitoring/performance_monitor.go:768.47,772.3 2 0
mcp-memory/internal/monitoring/performance_monitor.go:774.2,774.15 1 0
mcp-memory/internal/monitoring/performance_monitor.go:778.99,790.47 8 0
mcp-memory/internal/monitoring/performance_monitor.go:790.47,798.31 2 0
mcp-memory/internal/monitoring/performance_monitor.go:798.31,800.4 1 0
mcp-memory/internal/monitoring/performance_monitor.go:802.2,808.47 5 0
mcp-memory/internal/monitoring/performance_monitor.go:808.47,816.3 1 0
mcp-memory/internal/monitoring/performance_monitor.go:817.2,821.31 3 0
mcp-memory/internal/monitoring/performance_monitor.go:821.31,823.3 1 0
mcp-memory/internal/monitoring/performance_monitor.go:826.2,826.29 1 0
mcp-memory/internal/monitoring/performance_monitor.go:826.29,828.3 1 0
mcp-memory/internal/monitoring/performance_monitor.go:831.2,831.33 1 0
mcp-memory/internal/monitoring/performance_monitor.go:831.33,833.3 1 0
mcp-memory/internal/monitoring/performance_monitor.go:836.2,836.32 1 0
mcp-memory/internal/monitoring/performance_monitor.go:836.32,838.3 1 0
mcp-memory/internal/monitoring/performance_monitor.go:841.2,841.30 1 0
mcp-memory/internal/monitoring/performance_monitor.go:841.30,843.3 1 0
mcp-memory/internal/monitoring/performance_monitor.go:846.2,851.35 4 0
mcp-memory/internal/monitoring/performance_monitor.go:851.35,853.3 1 0
mcp-memory/internal/monitoring/performance_monitor.go:854.2,856.15 2 0
mcp-memory/internal/monitoring/performance_monitor.go:860.92,867.44 5 0
mcp-memory/internal/monitoring/performance_monitor.go:867.44,869.43 2 0
mcp-memory/internal/monitoring/performance_monitor.go:869.43,870.56 1 0
mcp-memory/internal/monitoring/performance_monitor.go:870.56,873.5 2 0
mcp-memory/internal/monitoring/performance_monitor.go:875.3,875.25 1 0
mcp-memory/internal/monitoring/performance_monitor.go:879.2,879.44 1 0
mcp-memory/internal/monitoring/performance_monitor.go:879.44,881.3 1 0
mcp-memory/internal/monitoring/performance_monitor.go:883.2,883.18 1 0
mcp-memory/internal/monitoring/performance_monitor.go:887.74,888.29 1 0
mcp-memory/internal/monitoring/performance_monitor.go:888.29,890.3 1 0
mcp-memory/internal/monitoring/performance_monitor.go:892.2,892.37 1 0
mcp-memory/internal/monitoring/performance_monitor.go:896.90,897.33 1 0
mcp-memory/internal/monitoring/performance_monitor.go:897.33,899.3 1 0
mcp-memory/internal/monitoring/performance_monitor.go:901.2,901.47 1 0
mcp-memory/internal/monitoring/performance_monitor.go:905.100,906.32 1 0
mcp-memory/internal/monitoring/performance_monitor.go:906.32,908.3 1 0
mcp-memory/internal/monitoring/performance_monitor.go:910.2,910.52 1 0
mcp-memory/internal/monitoring/performance_monitor.go:914.69,915.30 1 0
mcp-memory/internal/monitoring/performance_monitor.go:915.30,917.3 1 0
mcp-memory/internal/monitoring/performance_monitor.go:919.2,919.44 1 0
mcp-memory/internal/monitoring/performance_monitor.go:923.72,924.30 1 0
mcp-memory/internal/monitoring/performance_monitor.go:924.30,926.3 1 0
mcp-memory/internal/monitoring/performance_monitor.go:930.77,935.2 3 0
mcp-memory/internal/monitoring/performance_monitor.go:938.90,943.13 4 0
mcp-memory/internal/monitoring/performance_monitor.go:943.13,945.3 1 0
mcp-memory/internal/monitoring/performance_monitor.go:947.2,974.34 12 0
mcp-memory/internal/monitoring/performance_monitor.go:974.34,976.3 1 0
mcp-memory/internal/monitoring/performance_monitor.go:977.2,979.20 2 0
mcp-memory/internal/monitoring/performance_monitor.go:984.93,989.13 4 0
mcp-memory/internal/monitoring/performance_monitor.go:989.13,1005.3 2 0
mcp-memory/internal/monitoring/performance_monitor.go:1007.2,1012.54 4 0
mcp-memory/internal/monitoring/performance_monitor.go:1012.54,1014.3 1 0
mcp-memory/internal/monitoring/performance_monitor.go:1017.2,1018.23 2 0
mcp-memory/internal/monitoring/performance_monitor.go:1021.80,1026.13 4 0
mcp-memory/internal/monitoring/performance_monitor.go:1026.13,1042.3 3 0
mcp-memory/internal/monitoring/performance_monitor.go:1045.2,1051.31 5 0
mcp-memory/internal/monitoring/performance_monitor.go:1051.31,1053.3 1 0
mcp-memory/internal/monitoring/performance_monitor.go:1056.2,1060.9 3 0
mcp-memory/internal/monitoring/performance_monitor.go:1061.32,1062.30 1 0
mcp-memory/internal/monitoring/performance_monitor.go:1063.33,1064.30 1 0
mcp-memory/internal/monitoring/performance_monitor.go:1065.10,1066.26 1 0
mcp-memory/internal/monitoring/performance_monitor.go:1070.2,1071.71 2 0
mcp-memory/internal/monitoring/performance_monitor.go:1074.111,1075.26 1 0
mcp-memory/internal/monitoring/performance_monitor.go:1075.26,1077.3 1 0
mcp-memory/internal/monitoring/performance_monitor.go:1079.2,1080.35 2 0
mcp-memory/internal/monitoring/performance_monitor.go:1080.35,1082.3 1 0
mcp-memory/internal/monitoring/performance_monitor.go:1084.2,1096.27 4 0
mcp-memory/internal/monitoring/performance_monitor.go:1096.27,1098.3 1 0
mcp-memory/internal/monitoring/performance_monitor.go:1099.2,1103.24 3 0
mcp-memory/internal/monitoring/performance_monitor.go:1103.24,1105.3 1 0
mcp-memory/internal/monitoring/performance_monitor.go:1105.8,1107.3 1 0
mcp-memory/internal/monitoring/performance_monitor.go:1110.2,1117.27 6 0
mcp-memory/internal/monitoring/performance_monitor.go:1117.27,1120.3 2 0
mcp-memory/internal/monitoring/performance_monitor.go:1121.2,1126.14 4 0
mcp-memory/internal/monitoring/performance_monitor.go:1129.61,1130.65 1 0
mcp-memory/internal/monitoring/performance_monitor.go:1130.65,1141.3 1 0
mcp-memory/internal/monitoring/performance_monitor.go:1144.59,1150.41 3 0
mcp-memory/internal/monitoring/performance_monitor.go:1150.41,1153.3 2 0
mcp-memory/internal/monitoring/performance_monitor.go:1156.2,1156.31 1 0
mcp-memory/internal/monitoring/performance_monitor.go:1156.31,1159.3 2 0
mcp-memory/internal/monitoring/performance_monitor.go:1162.2,1162.29 1 0
mcp-memory/internal/monitoring/performance_monitor.go:1162.29,1165.3 2 0
mcp-memory/internal/monitoring/performance_monitor.go:1168.2,1168.33 1 0
mcp-memory/internal/monitoring/performance_monitor.go:1168.33,1171.3 2 0
mcp-memory/internal/monitoring/performance_monitor.go:1174.2,1174.32 1 0
mcp-memory/internal/monitoring/performance_monitor.go:1174.32,1177.3 2 0
mcp-memory/internal/monitoring/performance_monitor.go:1180.2,1185.25 4 0
mcp-memory/internal/monitoring/performance_monitor.go:1188.52,1194.6 4 0
mcp-memory/internal/monitoring/performance_monitor.go:1194.6,1195.10 1 0
mcp-memory/internal/monitoring/performance_monitor.go:1196.24,1197.10 1 0
mcp-memory/internal/monitoring/performance_monitor.go:1198.19,1200.30 2 0
mcp-memory/internal/monitoring/performance_monitor.go:1205.54,1235.2 9 0
mcp-memory/internal/monitoring/performance_monitor.go:1237.56,1243.6 4 0
mcp-memory/internal/monitoring/performance_monitor.go:1243.6,1244.10 1 0
mcp-memory/internal/monitoring/performance_monitor.go:1245.24,1246.10 1 0
mcp-memory/internal/monitoring/performance_monitor.go:1247.19,1248.31 1 0
mcp-memory/internal/monitoring/performance_monitor.go:1253.56,1256.44 2 0
mcp-memory/internal/monitoring/performance_monitor.go:1256.44,1258.10 1 0
mcp-memory/internal/monitoring/performance_monitor.go:1259.33,1260.28 1 0
mcp-memory/internal/monitoring/performance_monitor.go:1261.32,1262.27 1 0
mcp-memory/internal/monitoring/performance_monitor.go:1263.11,1264.27 1 0
mcp-memory/internal/monitoring/performance_monitor.go:1267.2,1267.28 1 0
mcp-memory/internal/monitoring/performance_monitor.go:1270.54,1276.6 4 0
mcp-memory/internal/monitoring/performance_monitor.go:1276.6,1277.10 1 0
mcp-memory/internal/monitoring/performance_monitor.go:1278.24,1279.10 1 0
mcp-memory/internal/monitoring/performance_monitor.go:1280.19,1281.53 1 0
mcp-memory/internal/monitoring/performance_monitor.go:1286.51,1292.6 4 0
mcp-memory/internal/monitoring/performance_monitor.go:1292.6,1293.10 1 0
mcp-memory/internal/monitoring/performance_monitor.go:1294.24,1295.10 1 0
mcp-memory/internal/monitoring/performance_monitor.go:1296.19,1297.51 1 0
mcp-memory/internal/monitoring/performance_monitor.go:1302.57,1308.6 4 0
mcp-memory/internal/monitoring/performance_monitor.go:1308.6,1309.10 1 0
mcp-memory/internal/monitoring/performance_monitor.go:1310.24,1311.10 1 0
mcp-memory/internal/monitoring/performance_monitor.go:1312.19,1313.55 1 0
mcp-memory/internal/monitoring/performance_monitor.go:1318.56,1324.6 4 0
mcp-memory/internal/monitoring/performance_monitor.go:1324.6,1325.10 1 0
mcp-memory/internal/monitoring/performance_monitor.go:1326.24,1327.10 1 0
mcp-memory/internal/monitoring/performance_monitor.go:1328.19,1329.54 1 0
mcp-memory/internal/monitoring/performance_monitor.go:1334.54,1340.6 4 0
mcp-memory/internal/monitoring/performance_monitor.go:1340.6,1341.10 1 0
mcp-memory/internal/monitoring/performance_monitor.go:1342.24,1343.10 1 0
mcp-memory/internal/monitoring/performance_monitor.go:1344.19,1345.27 1 0
mcp-memory/internal/monitoring/performance_monitor.go:1350.52,1366.26 10 0
mcp-memory/internal/monitoring/performance_monitor.go:1366.26,1368.3 1 0
mcp-memory/internal/monitoring/performance_monitor.go:1371.2,1372.44 2 0
mcp-memory/internal/monitoring/performance_monitor.go:1372.44,1373.58 1 0
mcp-memory/internal/monitoring/performance_monitor.go:1373.58,1375.4 1 0
mcp-memory/internal/monitoring/performance_monitor.go:1379.2,1379.9 1 0
mcp-memory/internal/monitoring/performance_monitor.go:1380.26,1381.40 1 0
mcp-memory/internal/monitoring/performance_monitor.go:1382.26,1383.41 1 0
mcp-memory/internal/monitoring/performance_monitor.go:1384.10,1385.42 1 0
mcp-memory/internal/monitoring/performance_monitor.go:1388.2,1388.46 1 0
mcp-memory/internal/monitoring/performance_monitor.go:1391.49,1397.6 4 0
mcp-memory/internal/monitoring/performance_monitor.go:1397.6,1398.10 1 0
mcp-memory/internal/monitoring/performance_monitor.go:1399.24,1400.10 1 0
mcp-memory/internal/monitoring/performance_monitor.go:1401.19,1402.23 1 0
mcp-memory/internal/monitoring/performance_monitor.go:1407.48,1413.44 4 0
mcp-memory/internal/monitoring/performance_monitor.go:1413.44,1416.43 3 0
mcp-memory/internal/monitoring/performance_monitor.go:1416.43,1417.37 1 0
mcp-memory/internal/monitoring/performance_monitor.go:1417.37,1419.5 1 0
mcp-memory/internal/monitoring/performance_monitor.go:1421.3,1422.24 2 0
mcp-memory/internal/monitoring/performance_monitor.go:1427.48,1432.32 3 0
mcp-memory/internal/monitoring/performance_monitor.go:1432.32,1434.3 1 0
mcp-memory/internal/monitoring/performance_monitor.go:1436.2,1436.12 1 0
mcp-memory/internal/monitoring/performance_monitor.go:1441.69,1468.2 1 0
mcp-memory/internal/monitoring/performance_monitor.go:1470.54,1471.22 1 0
mcp-memory/internal/monitoring/performance_monitor.go:1471.22,1473.3 1 0
mcp-memory/internal/monitoring/performance_monitor.go:1475.2,1479.26 4 0
mcp-memory/internal/monitoring/performance_monitor.go:1479.26,1481.3 1 0
mcp-memory/internal/monitoring/performance_monitor.go:1483.2,1484.56 2 0
mcp-memory/internal/monitoring/performance_monitor.go:1489.102,1499.2 1 0
mcp-memory/internal/monitoring/performance_monitor.go:1501.104,1504.2 1 0
mcp-memory/internal/monitoring/performance_monitor.go:1506.92,1508.2 0 0
mcp-memory/internal/monitoring/performance_monitor.go:1510.76,1516.2 1 0
mcp-memory/internal/monitoring/performance_monitor.go:1518.143,1526.2 1 0
mcp-memory/internal/monitoring/performance_monitor.go:1528.90,1530.2 0 0
mcp-memory/internal/monitoring/performance_monitor.go:1532.81,1537.31 4 0
mcp-memory/internal/monitoring/performance_monitor.go:1537.31,1539.3 1 0
mcp-memory/internal/monitoring/performance_monitor.go:1541.2,1541.15 1 0
mcp-memory/internal/monitoring/performance_monitor.go:1544.74,1551.2 1 0
mcp-memory/internal/monitoring/performance_monitor.go:1553.148,1561.2 1 0
mcp-memory/internal/monitoring/performance_monitor.go:1563.94,1565.2 0 0
mcp-memory/internal/monitoring/performance_monitor.go:1567.101,1572.37 4 0
mcp-memory/internal/monitoring/performance_monitor.go:1572.37,1574.25 2 0
mcp-memory/internal/monitoring/performance_monitor.go:1574.25,1576.4 1 0
mcp-memory/internal/monitoring/performance_monitor.go:1579.2,1579.15 1 0
mcp-memory/internal/monitoring/performance_monitor.go:1582.78,1589.2 1 0
mcp-memory/internal/monitoring/performance_monitor.go:1591.127,1598.2 1 0
mcp-memory/internal/monitoring/performance_monitor.go:1600.93,1602.2 0 0
mcp-memory/internal/monitoring/performance_monitor.go:1604.110,1609.44 4 0
mcp-memory/internal/monitoring/performance_monitor.go:1609.44,1611.3 1 0
mcp-memory/internal/monitoring/performance_monitor.go:1613.2,1613.15 1 0
mcp-memory/internal/monitoring/performance_monitor.go:1616.77,1622.2 1 0
mcp-memory/internal/monitoring/performance_monitor.go:1624.64,1632.2 1 0
mcp-memory/internal/monitoring/performance_monitor.go:1634.75,1639.2 3 0
mcp-memory/internal/monitoring/performance_monitor.go:1641.113,1643.2 0 0
mcp-memory/internal/monitoring/performance_monitor.go:1645.77,1650.41 4 0
mcp-memory/internal/monitoring/performance_monitor.go:1650.41,1652.3 1 0
mcp-memory/internal/monitoring/performance_monitor.go:1654.2,1654.15 1 0
mcp-memory/internal/monitoring/performance_monitor.go:1657.75,1667.2 3 0
mcp-memory/internal/monitoring/performance_monitor.go:1671.50,1676.2 1 0
mcp-memory/internal/monitoring/performance_monitor.go:1678.48,1683.2 1 0
mcp-memory/internal/monitoring/performance_monitor.go:1685.72,1691.2 1 0
mcp-memory/internal/monitoring/performance_monitor.go:1693.40,1698.2 1 0
mcp-memory/internal/monitoring/performance_monitor.go:1700.62,1706.2 1 0
mcp-memory/internal/monitoring/performance_monitor.go:1708.44,1713.2 1 0
mcp-memory/internal/monitoring/performance_monitor.go:1715.44,1720.2 1 0
mcp-memory/internal/monitoring/performance_monitor.go:1722.44,1727.2 1 0
mcp-memory/internal/analytics/memory_analytics.go:41.69,52.2 3 7
mcp-memory/internal/analytics/memory_analytics.go:55.84,60.13 4 7
mcp-memory/internal/analytics/memory_analytics.go:60.13,66.3 2 2
mcp-memory/internal/analytics/memory_analytics.go:68.2,73.12 5 7
mcp-memory/internal/analytics/memory_analytics.go:77.100,82.13 4 7
mcp-memory/internal/analytics/memory_analytics.go:82.13,88.3 2 1
mcp-memory/internal/analytics/memory_analytics.go:90.2,92.16 3 7
mcp-memory/internal/analytics/memory_analytics.go:92.16,94.3 1 5
mcp-memory/internal/analytics/memory_analytics.go:95.2,97.12 2 7
mcp-memory/internal/analytics/memory_analytics.go:101.96,108.25 3 14
mcp-memory/internal/analytics/memory_analytics.go:108.25,110.21 2 10
mcp-memory/internal/analytics/memory_analytics.go:110.21,112.4 1 7
mcp-memory/internal/analytics/memory_analytics.go:112.9,114.4 1 3
mcp-memory/internal/analytics/memory_analytics.go:115.8,118.3 1 4
mcp-memory/internal/analytics/memory_analytics.go:121.2,121.25 1 14
mcp-memory/internal/analytics/memory_analytics.go:121.25,123.21 2 10
mcp-memory/internal/analytics/memory_analytics.go:123.21,127.4 2 8
mcp-memory/internal/analytics/memory_analytics.go:127.9,129.4 1 2
mcp-memory/internal/analytics/memory_analytics.go:130.8,133.3 1 4
mcp-memory/internal/analytics/memory_analytics.go:136.2,141.24 3 14
mcp-memory/internal/analytics/memory_analytics.go:145.99,146.20 1 4
mcp-memory/internal/analytics/memory_analytics.go:147.27,149.92 1 2
mcp-memory/internal/analytics/memory_analytics.go:149.92,150.94 1 1
mcp-memory/internal/analytics/memory_analytics.go:150.94,152.5 1 1
mcp-memory/internal/analytics/memory_analytics.go:153.4,153.14 1 0
mcp-memory/internal/analytics/memory_analytics.go:156.3,156.13 1 1
mcp-memory/internal/analytics/memory_analytics.go:157.33,158.13 1 1
mcp-memory/internal/analytics/memory_analytics.go:159.35,161.79 1 1
mcp-memory/internal/analytics/memory_analytics.go:161.79,163.4 1 1
mcp-memory/internal/analytics/memory_analytics.go:164.3,164.13 1 0
mcp-memory/internal/analytics/memory_analytics.go:165.31,166.13 1 0
mcp-memory/internal/analytics/memory_analytics.go:167.43,168.13 1 0
mcp-memory/internal/analytics/memory_analytics.go:169.30,170.13 1 0
mcp-memory/internal/analytics/memory_analytics.go:171.33,172.13 1 0
mcp-memory/internal/analytics/memory_analytics.go:173.31,174.13 1 0
mcp-memory/internal/analytics/memory_analytics.go:175.35,176.13 1 0
mcp-memory/internal/analytics/memory_analytics.go:177.89,178.13 1 0
mcp-memory/internal/analytics/memory_analytics.go:179.10,180.13 1 0
mcp-memory/internal/analytics/memory_analytics.go:185.103,186.20 1 4
mcp-memory/internal/analytics/memory_analytics.go:187.27,189.93 1 2
mcp-memory/internal/analytics/memory_analytics.go:189.93,191.4 1 1
mcp-memory/internal/analytics/memory_analytics.go:192.3,192.13 1 1
mcp-memory/internal/analytics/memory_analytics.go:193.33,194.13 1 1
mcp-memory/internal/analytics/memory_analytics.go:195.35,196.13 1 1
mcp-memory/internal/analytics/memory_analytics.go:197.31,198.13 1 0
mcp-memory/internal/analytics/memory_analytics.go:199.43,200.13 1 0
mcp-memory/internal/analytics/memory_analytics.go:201.30,202.13 1 0
mcp-memory/internal/analytics/memory_analytics.go:203.33,204.13 1 0
mcp-memory/internal/analytics/memory_analytics.go:205.31,206.13 1 0
mcp-memory/internal/analytics/memory_analytics.go:207.35,208.13 1 0
mcp-memory/internal/analytics/memory_analytics.go:209.89,210.13 1 0
mcp-memory/internal/analytics/memory_analytics.go:211.10,212.13 1 0
mcp-memory/internal/analytics/memory_analytics.go:217.100,218.20 1 14
mcp-memory/internal/analytics/memory_analytics.go:219.31,220.13 1 4
mcp-memory/internal/analytics/memory_analytics.go:221.43,222.14 1 2
mcp-memory/internal/analytics/memory_analytics.go:223.30,224.14 1 2
mcp-memory/internal/analytics/memory_analytics.go:225.33,226.14 1 0
mcp-memory/internal/analytics/memory_analytics.go:227.31,228.14 1 0
mcp-memory/internal/analytics/memory_analytics.go:229.35,230.14 1 0
mcp-memory/internal/analytics/memory_analytics.go:231.89,232.13 1 1
mcp-memory/internal/analytics/memory_analytics.go:234.27,236.92 2 2
mcp-memory/internal/analytics/memory_analytics.go:236.92,239.94 2 1
mcp-memory/internal/analytics/memory_analytics.go:239.94,241.5 1 1
mcp-memory/internal/analytics/memory_analytics.go:242.9,242.100 1 1
mcp-memory/internal/analytics/memory_analytics.go:242.100,244.4 1 0
mcp-memory/internal/analytics/memory_analytics.go:245.3,245.19 1 2
mcp-memory/internal/analytics/memory_analytics.go:246.33,247.14 1 1
mcp-memory/internal/analytics/memory_analytics.go:248.35,250.79 2 1
mcp-memory/internal/analytics/memory_analytics.go:250.79,252.4 1 1
mcp-memory/internal/analytics/memory_analytics.go:253.3,253.19 1 1
mcp-memory/internal/analytics/memory_analytics.go:254.10,255.13 1 1
mcp-memory/internal/analytics/memory_analytics.go:260.116,261.26 1 14
mcp-memory/internal/analytics/memory_analytics.go:261.26,265.18 3 4
mcp-memory/internal/analytics/memory_analytics.go:265.18,267.4 1 0
mcp-memory/internal/analytics/memory_analytics.go:268.3,268.17 1 4
mcp-memory/internal/analytics/memory_analytics.go:271.2,272.22 2 10
mcp-memory/internal/analytics/memory_analytics.go:272.22,276.18 3 3
mcp-memory/internal/analytics/memory_analytics.go:276.18,278.4 1 1
mcp-memory/internal/analytics/memory_analytics.go:279.3,279.17 1 2
mcp-memory/internal/analytics/memory_analytics.go:282.2,283.16 2 7
mcp-memory/internal/analytics/memory_analytics.go:283.16,287.18 3 0
mcp-memory/internal/analytics/memory_analytics.go:287.18,289.4 1 0
mcp-memory/internal/analytics/memory_analytics.go:290.3,290.17 1 0
mcp-memory/internal/analytics/memory_analytics.go:293.2,295.17 3 7
mcp-memory/internal/analytics/memory_analytics.go:295.17,297.3 1 0
mcp-memory/internal/analytics/memory_analytics.go:298.2,298.16 1 7
mcp-memory/internal/analytics/memory_analytics.go:302.92,304.16 2 4
mcp-memory/internal/analytics/memory_analytics.go:304.16,306.3 1 1
mcp-memory/internal/analytics/memory_analytics.go:309.2,309.44 1 3
mcp-memory/internal/analytics/memory_analytics.go:309.44,311.3 1 2
mcp-memory/internal/analytics/memory_analytics.go:314.2,318.12 4 3
mcp-memory/internal/analytics/memory_analytics.go:318.12,329.28 5 1
mcp-memory/internal/analytics/memory_analytics.go:329.28,332.4 2 1
mcp-memory/internal/analytics/memory_analytics.go:334.3,334.22 1 1
mcp-memory/internal/analytics/memory_analytics.go:338.2,342.37 3 3
mcp-memory/internal/analytics/memory_analytics.go:346.99,348.16 2 1
mcp-memory/internal/analytics/memory_analytics.go:348.16,350.3 1 0
mcp-memory/internal/analytics/memory_analytics.go:352.2,352.44 1 1
mcp-memory/internal/analytics/memory_analytics.go:352.44,354.3 1 1
mcp-memory/internal/analytics/memory_analytics.go:356.2,360.37 4 1
mcp-memory/internal/analytics/memory_analytics.go:364.129,367.16 2 1
mcp-memory/internal/analytics/memory_analytics.go:367.16,369.3 1 0
mcp-memory/internal/analytics/memory_analytics.go:372.2,378.31 3 1
mcp-memory/internal/analytics/memory_analytics.go:378.31,380.100 1 5
mcp-memory/internal/analytics/memory_analytics.go:380.100,381.12 1 1
mcp-memory/internal/analytics/memory_analytics.go:384.3,385.67 2 4
mcp-memory/internal/analytics/memory_analytics.go:389.2,389.37 1 1
mcp-memory/internal/analytics/memory_analytics.go:389.37,390.40 1 3
mcp-memory/internal/analytics/memory_analytics.go:390.40,391.41 1 6
mcp-memory/internal/analytics/memory_analytics.go:391.41,393.5 1 2
mcp-memory/internal/analytics/memory_analytics.go:398.2,399.48 2 1
mcp-memory/internal/analytics/memory_analytics.go:399.48,401.3 1 3
mcp-memory/internal/analytics/memory_analytics.go:403.2,403.20 1 1
mcp-memory/internal/analytics/memory_analytics.go:407.40,408.29 1 7
mcp-memory/internal/analytics/memory_analytics.go:408.29,410.3 1 0
mcp-memory/internal/analytics/memory_analytics.go:414.36,420.35 4 6
mcp-memory/internal/analytics/memory_analytics.go:420.35,423.3 2 3
mcp-memory/internal/analytics/memory_analytics.go:424.2,427.31 2 6
mcp-memory/internal/analytics/memory_analytics.go:427.31,428.63 1 3
mcp-memory/internal/analytics/memory_analytics.go:428.63,431.4 1 1
mcp-memory/internal/analytics/memory_analytics.go:436.35,439.2 2 6
mcp-memory/internal/analytics/memory_analytics.go:442.32,443.11 1 22
mcp-memory/internal/analytics/memory_analytics.go:443.11,445.3 1 3
mcp-memory/internal/analytics/memory_analytics.go:446.2,446.10 1 19
mcp-memory/internal/retry/retry.go:25.30,34.2 1 0
mcp-memory/internal/retry/retry.go:52.35,53.19 1 0
mcp-memory/internal/retry/retry.go:53.19,55.3 1 0
mcp-memory/internal/retry/retry.go:56.2,56.27 1 0
mcp-memory/internal/retry/retry.go:56.27,58.3 1 0
mcp-memory/internal/retry/retry.go:59.2,59.32 1 0
mcp-memory/internal/retry/retry.go:59.32,61.3 1 0
mcp-memory/internal/retry/retry.go:61.8,61.39 1 0
mcp-memory/internal/retry/retry.go:61.39,63.3 1 0
mcp-memory/internal/retry/retry.go:64.2,64.27 1 0
mcp-memory/internal/retry/retry.go:64.27,66.3 1 0
mcp-memory/internal/retry/retry.go:67.2,67.33 1 0
mcp-memory/internal/retry/retry.go:71.65,72.74 1 0
mcp-memory/internal/retry/retry.go:72.74,74.3 1 0
mcp-memory/internal/retry/retry.go:78.122,86.92 5 0
mcp-memory/internal/retry/retry.go:86.92,90.35 2 0
mcp-memory/internal/retry/retry.go:90.35,92.9 2 0
mcp-memory/internal/retry/retry.go:96.3,97.17 2 0
mcp-memory/internal/retry/retry.go:97.17,101.4 2 0
mcp-memory/internal/retry/retry.go:103.3,106.29 2 0
mcp-memory/internal/retry/retry.go:106.29,107.9 1 0
mcp-memory/internal/retry/retry.go:111.3,111.66 1 0
mcp-memory/internal/retry/retry.go:111.66,112.9 1 0
mcp-memory/internal/retry/retry.go:116.3,119.10 2 0
mcp-memory/internal/retry/retry.go:120.32,121.30 1 0
mcp-memory/internal/retry/retry.go:122.21,124.19 2 0
mcp-memory/internal/retry/retry.go:128.2,130.15 3 0
mcp-memory/internal/retry/retry.go:134.69,135.35 1 0
mcp-memory/internal/retry/retry.go:135.35,137.3 1 0
mcp-memory/internal/retry/retry.go:140.2,147.21 5 0
mcp-memory/internal/retry/retry.go:147.21,149.3 1 0
mcp-memory/internal/retry/retry.go:151.2,152.16 2 0
mcp-memory/internal/retry/retry.go:152.16,155.3 1 0
mcp-memory/internal/retry/retry.go:157.2,158.35 2 0
mcp-memory/internal/retry/retry.go:162.71,164.35 2 0
mcp-memory/internal/retry/retry.go:164.35,166.3 1 0
mcp-memory/internal/retry/retry.go:167.2,167.18 1 0
mcp-memory/internal/retry/retry.go:177.41,179.2 1 0
mcp-memory/internal/retry/retry.go:181.41,183.2 1 0
mcp-memory/internal/retry/retry.go:185.43,187.2 1 0
mcp-memory/internal/retry/retry.go:194.41,196.2 1 0
mcp-memory/internal/retry/retry.go:198.41,200.2 1 0
mcp-memory/internal/retry/retry.go:203.37,204.16 1 0
mcp-memory/internal/retry/retry.go:204.16,206.3 1 0
mcp-memory/internal/retry/retry.go:209.2,212.35 2 0
mcp-memory/internal/retry/retry.go:212.35,214.3 1 0
mcp-memory/internal/retry/retry.go:217.2,218.30 2 0
mcp-memory/internal/retry/retry.go:218.30,220.3 1 0
mcp-memory/internal/retry/retry.go:223.2,224.30 2 0
mcp-memory/internal/retry/retry.go:224.30,226.3 1 0
mcp-memory/internal/retry/retry.go:229.2,229.13 1 0
mcp-memory/internal/retry/retry.go:235.53,239.2 3 0
mcp-memory/internal/retry/retry.go:242.79,246.2 3 0
mcp-memory/internal/retry/retry.go:249.50,258.2 1 0
mcp-memory/internal/retry/retry.go:261.66,270.2 1 0
mcp-memory/internal/retry/retry.go:273.48,282.2 1 0
mcp-memory/internal/retry/retry.go:285.43,286.25 1 0
mcp-memory/internal/retry/retry.go:286.25,288.3 1 0
mcp-memory/internal/retry/retry.go:292.47,293.25 1 0
mcp-memory/internal/retry/retry.go:293.25,295.3 1 0
mcp-memory/internal/retry/retry.go:299.50,300.25 1 0
mcp-memory/internal/retry/retry.go:300.25,302.3 1 0
mcp-memory/internal/retry/retry.go:306.46,307.25 1 0
mcp-memory/internal/retry/retry.go:307.25,309.3 1 0
mcp-memory/internal/retry/retry.go:313.42,314.25 1 0
mcp-memory/internal/retry/retry.go:314.25,316.3 1 0
mcp-memory/internal/retry/retry.go:320.52,321.25 1 0
mcp-memory/internal/retry/retry.go:321.25,323.3 1 0
mcp-memory/internal/retry/retry.go:327.58,329.27 2 0
mcp-memory/internal/retry/retry.go:329.27,331.3 1 0
mcp-memory/internal/retry/retry.go:332.2,332.15 1 0
mcp-memory/internal/retry/retry.go:342.69,344.2 1 0
mcp-memory/internal/retry/retry.go:352.80,354.18 2 0
mcp-memory/internal/retry/retry.go:354.18,356.3 1 0
mcp-memory/internal/retry/retry.go:357.2,357.13 1 0
mcp-memory/internal/retry/retry.go:366.71,368.18 2 0
mcp-memory/internal/retry/retry.go:368.18,370.3 1 0
mcp-memory/internal/retry/retry.go:371.2,371.13 1 0
mcp-memory/internal/decay/memory_decay.go:52.40,69.2 1 7
mcp-memory/internal/decay/memory_decay.go:102.111,103.19 1 7
mcp-memory/internal/decay/memory_decay.go:103.19,105.3 1 0
mcp-memory/internal/decay/memory_decay.go:107.2,112.3 1 7
mcp-memory/internal/decay/memory_decay.go:116.135,117.19 1 0
mcp-memory/internal/decay/memory_decay.go:117.19,119.3 1 0
mcp-memory/internal/decay/memory_decay.go:122.2,129.3 2 0
mcp-memory/internal/decay/memory_decay.go:133.63,135.15 2 0
mcp-memory/internal/decay/memory_decay.go:135.15,138.3 2 0
mcp-memory/internal/decay/memory_decay.go:139.2,143.12 4 0
mcp-memory/internal/decay/memory_decay.go:147.37,151.15 3 0
mcp-memory/internal/decay/memory_decay.go:151.15,154.3 2 0
mcp-memory/internal/decay/memory_decay.go:158.64,163.44 3 0
mcp-memory/internal/decay/memory_decay.go:163.44,165.3 1 0
mcp-memory/internal/decay/memory_decay.go:167.2,167.6 1 0
mcp-memory/internal/decay/memory_decay.go:167.6,168.10 1 0
mcp-memory/internal/decay/memory_decay.go:169.19,170.46 1 0
mcp-memory/internal/decay/memory_decay.go:170.46,172.5 1 0
mcp-memory/internal/decay/memory_decay.go:173.19,174.10 1 0
mcp-memory/internal/decay/memory_decay.go:175.21,176.10 1 0
mcp-memory/internal/decay/memory_decay.go:182.85,189.16 5 2
mcp-memory/internal/decay/memory_decay.go:189.16,191.3 1 0
mcp-memory/internal/decay/memory_decay.go:194.2,201.34 5 2
mcp-memory/internal/decay/memory_decay.go:201.34,203.64 1 9
mcp-memory/internal/decay/memory_decay.go:203.64,204.12 1 1
mcp-memory/internal/decay/memory_decay.go:207.3,207.10 1 8
mcp-memory/internal/decay/memory_decay.go:208.46,209.44 1 1
mcp-memory/internal/decay/memory_decay.go:210.51,211.41 1 5
mcp-memory/internal/decay/memory_decay.go:212.46,217.38 2 0
mcp-memory/internal/decay/memory_decay.go:222.2,222.26 1 2
mcp-memory/internal/decay/memory_decay.go:222.26,224.3 1 1
mcp-memory/internal/decay/memory_decay.go:227.2,227.33 1 2
mcp-memory/internal/decay/memory_decay.go:227.33,228.57 1 0
mcp-memory/internal/decay/memory_decay.go:228.57,230.4 1 0
mcp-memory/internal/decay/memory_decay.go:234.2,234.30 1 2
mcp-memory/internal/decay/memory_decay.go:234.30,235.54 1 1
mcp-memory/internal/decay/memory_decay.go:235.54,237.4 1 0
mcp-memory/internal/decay/memory_decay.go:240.2,243.12 2 2
mcp-memory/internal/decay/memory_decay.go:253.103,256.31 2 2
mcp-memory/internal/decay/memory_decay.go:256.31,262.3 2 9
mcp-memory/internal/decay/memory_decay.go:265.2,265.41 1 2
mcp-memory/internal/decay/memory_decay.go:265.41,267.3 1 15
mcp-memory/internal/decay/memory_decay.go:269.2,269.15 1 2
mcp-memory/internal/decay/memory_decay.go:273.89,282.75 4 13
mcp-memory/internal/decay/memory_decay.go:282.75,284.3 1 0
mcp-memory/internal/decay/memory_decay.go:288.2,288.70 1 13
mcp-memory/internal/decay/memory_decay.go:288.70,292.3 2 0
mcp-memory/internal/decay/memory_decay.go:295.2,295.34 1 13
mcp-memory/internal/decay/memory_decay.go:295.34,297.3 1 0
mcp-memory/internal/decay/memory_decay.go:300.2,300.44 1 13
mcp-memory/internal/decay/memory_decay.go:304.87,307.27 2 17
mcp-memory/internal/decay/memory_decay.go:308.27,311.44 2 1
mcp-memory/internal/decay/memory_decay.go:313.32,316.46 2 1
mcp-memory/internal/decay/memory_decay.go:318.29,320.10 1 15
mcp-memory/internal/decay/memory_decay.go:321.17,323.62 1 4
mcp-memory/internal/decay/memory_decay.go:324.18,326.67 1 2
mcp-memory/internal/decay/memory_decay.go:327.11,329.48 1 9
mcp-memory/internal/decay/memory_decay.go:332.10,333.15 1 0
mcp-memory/internal/decay/memory_decay.go:338.89,342.31 2 1
mcp-memory/internal/decay/memory_decay.go:342.31,343.21 1 1
mcp-memory/internal/decay/memory_decay.go:343.21,345.12 1 0
mcp-memory/internal/decay/memory_decay.go:349.3,350.28 2 1
mcp-memory/internal/decay/memory_decay.go:350.28,352.4 1 5
mcp-memory/internal/decay/memory_decay.go:355.3,356.17 2 1
mcp-memory/internal/decay/memory_decay.go:356.17,358.12 2 0
mcp-memory/internal/decay/memory_decay.go:362.3,362.58 1 1
mcp-memory/internal/decay/memory_decay.go:362.58,364.12 2 0
mcp-memory/internal/decay/memory_decay.go:368.3,368.28 1 1
mcp-memory/internal/decay/memory_decay.go:368.28,369.64 1 5
mcp-memory/internal/decay/memory_decay.go:369.64,371.5 1 0
mcp-memory/internal/decay/memory_decay.go:377.87,381.31 2 1
mcp-memory/internal/decay/memory_decay.go:381.31,384.3 2 5
mcp-memory/internal/decay/memory_decay.go:387.2,388.31 2 1
mcp-memory/internal/decay/memory_decay.go:388.31,392.3 2 1
mcp-memory/internal/decay/memory_decay.go:394.2,394.15 1 1
mcp-memory/internal/decay/memory_decay.go:398.106,399.22 1 1
mcp-memory/internal/decay/memory_decay.go:399.22,401.3 1 0
mcp-memory/internal/decay/memory_decay.go:404.2,404.41 1 1
mcp-memory/internal/decay/memory_decay.go:404.41,406.3 1 10
mcp-memory/internal/decay/memory_decay.go:408.2,411.35 3 1
mcp-memory/internal/decay/memory_decay.go:411.35,413.19 2 4
mcp-memory/internal/decay/memory_decay.go:413.19,417.4 2 0
mcp-memory/internal/decay/memory_decay.go:417.9,419.4 1 4
mcp-memory/internal/decay/memory_decay.go:422.2,422.27 1 1
mcp-memory/internal/decay/memory_decay.go:422.27,424.3 1 1
mcp-memory/internal/decay/memory_decay.go:426.2,426.15 1 1
mcp-memory/internal/decay/memory_decay.go:430.69,439.2 3 0
mcp-memory/internal/decay/summarizer.go:81.48,83.2 1 1
mcp-memory/internal/decay/summarizer.go:86.110,87.22 1 2
mcp-memory/internal/decay/summarizer.go:87.22,89.3 1 0
mcp-memory/internal/decay/summarizer.go:92.2,92.41 1 2
mcp-memory/internal/decay/summarizer.go:92.41,94.3 1 4
mcp-memory/internal/decay/summarizer.go:97.2,108.31 6 2
mcp-memory/internal/decay/summarizer.go:108.31,110.3 1 6
mcp-memory/internal/decay/summarizer.go:113.2,114.43 2 2
mcp-memory/internal/decay/summarizer.go:114.43,116.3 1 6
mcp-memory/internal/decay/summarizer.go:117.2,121.21 3 2
mcp-memory/internal/decay/summarizer.go:121.21,123.3 1 2
mcp-memory/internal/decay/summarizer.go:126.2,127.23 2 2
mcp-memory/internal/decay/summarizer.go:127.23,129.3 1 2
mcp-memory/internal/decay/summarizer.go:132.2,133.20 2 2
mcp-memory/internal/decay/summarizer.go:133.20,135.3 1 0
mcp-memory/internal/decay/summarizer.go:137.2,137.46 1 2
mcp-memory/internal/decay/summarizer.go:141.132,142.22 1 1
mcp-memory/internal/decay/summarizer.go:142.22,144.3 1 0
mcp-memory/internal/decay/summarizer.go:147.2,148.16 2 1
mcp-memory/internal/decay/summarizer.go:148.16,150.3 1 0
mcp-memory/internal/decay/summarizer.go:153.2,167.26 3 1
mcp-memory/internal/decay/summarizer.go:171.89,177.31 2 2
mcp-memory/internal/decay/summarizer.go:177.31,180.30 2 6
mcp-memory/internal/decay/summarizer.go:180.30,181.44 1 12
mcp-memory/internal/decay/summarizer.go:181.44,183.5 1 6
mcp-memory/internal/decay/summarizer.go:187.3,187.43 1 6
mcp-memory/internal/decay/summarizer.go:187.43,189.4 1 0
mcp-memory/internal/decay/summarizer.go:193.2,193.34 1 2
mcp-memory/internal/decay/summarizer.go:197.88,200.31 2 2
mcp-memory/internal/decay/summarizer.go:200.31,201.35 1 6
mcp-memory/internal/decay/summarizer.go:201.35,203.4 1 6
mcp-memory/internal/decay/summarizer.go:206.3,206.44 1 6
mcp-memory/internal/decay/summarizer.go:206.44,208.4 1 2
mcp-memory/internal/decay/summarizer.go:212.2,213.32 2 2
mcp-memory/internal/decay/summarizer.go:213.32,215.3 1 4
mcp-memory/internal/decay/summarizer.go:217.2,217.15 1 2
mcp-memory/internal/decay/summarizer.go:221.85,224.31 2 2
mcp-memory/internal/decay/summarizer.go:224.31,225.49 1 6
mcp-memory/internal/decay/summarizer.go:225.49,227.4 1 0
mcp-memory/internal/decay/summarizer.go:231.2,232.26 2 2
mcp-memory/internal/decay/summarizer.go:232.26,234.3 1 0
mcp-memory/internal/decay/summarizer.go:236.2,237.15 2 2
mcp-memory/internal/decay/summarizer.go:241.105,254.31 6 1
mcp-memory/internal/decay/summarizer.go:254.31,255.38 1 3
mcp-memory/internal/decay/summarizer.go:255.38,257.4 1 3
mcp-memory/internal/decay/summarizer.go:259.3,259.43 1 3
mcp-memory/internal/decay/summarizer.go:259.43,261.4 1 0
mcp-memory/internal/decay/summarizer.go:263.3,263.49 1 3
mcp-memory/internal/decay/summarizer.go:263.49,265.4 1 0
mcp-memory/internal/decay/summarizer.go:267.3,267.38 1 3
mcp-memory/internal/decay/summarizer.go:267.38,269.4 1 0
mcp-memory/internal/decay/summarizer.go:273.2,273.28 1 1
mcp-memory/internal/decay/summarizer.go:273.28,274.34 1 1
mcp-memory/internal/decay/summarizer.go:274.34,276.9 2 1
mcp-memory/internal/decay/summarizer.go:280.2,280.27 1 1
mcp-memory/internal/decay/summarizer.go:280.27,282.3 1 0
mcp-memory/internal/decay/summarizer.go:284.2,284.29 1 1
mcp-memory/internal/decay/summarizer.go:284.29,286.3 1 0
mcp-memory/internal/decay/summarizer.go:288.2,288.19 1 1
mcp-memory/internal/decay/summarizer.go:288.19,290.3 1 0
mcp-memory/internal/decay/summarizer.go:293.2,295.17 2 1
mcp-memory/internal/decay/summarizer.go:300.65,302.31 2 1
mcp-memory/internal/decay/summarizer.go:302.31,304.3 1 3
mcp-memory/internal/decay/summarizer.go:305.2,305.12 1 1
mcp-memory/internal/decay/summarizer.go:308.37,316.2 2 6
mcp-memory/internal/decay/summarizer.go:318.59,326.32 3 2
mcp-memory/internal/decay/summarizer.go:326.32,328.3 1 2
mcp-memory/internal/decay/summarizer.go:331.2,331.40 1 2
mcp-memory/internal/decay/summarizer.go:331.40,333.3 1 0
mcp-memory/internal/decay/summarizer.go:336.2,337.47 2 2
mcp-memory/internal/decay/summarizer.go:337.47,339.3 1 2
mcp-memory/internal/decay/summarizer.go:341.2,341.15 1 2
mcp-memory/internal/decay/summarizer.go:361.71,366.2 1 0
mcp-memory/internal/decay/summarizer.go:369.106,370.22 1 0
mcp-memory/internal/decay/summarizer.go:370.22,372.3 1 0
mcp-memory/internal/decay/summarizer.go:375.2,375.41 1 0
mcp-memory/internal/decay/summarizer.go:375.41,377.3 1 0
mcp-memory/internal/decay/summarizer.go:380.2,391.21 5 0
mcp-memory/internal/decay/summarizer.go:395.134,396.46 1 0
mcp-memory/internal/decay/summarizer.go:396.46,399.3 1 0
mcp-memory/internal/decay/summarizer.go:403.2,404.31 2 0
mcp-memory/internal/decay/summarizer.go:404.31,407.17 2 0
mcp-memory/internal/decay/summarizer.go:407.17,409.4 1 0
mcp-memory/internal/decay/summarizer.go:410.3,410.23 1 0
mcp-memory/internal/decay/summarizer.go:410.23,412.4 1 0
mcp-memory/internal/decay/summarizer.go:414.3,414.80 1 0
mcp-memory/internal/decay/summarizer.go:414.80,416.4 1 0
mcp-memory/internal/decay/summarizer.go:420.2,420.45 1 0
mcp-memory/internal/decay/summarizer.go:424.118,425.24 1 0
mcp-memory/internal/decay/summarizer.go:425.24,427.3 1 0
mcp-memory/internal/decay/summarizer.go:429.2,432.34 3 0
mcp-memory/internal/decay/summarizer.go:432.34,433.14 1 0
mcp-memory/internal/decay/summarizer.go:433.14,434.12 1 0
mcp-memory/internal/decay/summarizer.go:437.3,441.35 3 0
mcp-memory/internal/decay/summarizer.go:441.35,442.25 1 0
mcp-memory/internal/decay/summarizer.go:442.25,443.13 1 0
mcp-memory/internal/decay/summarizer.go:446.4,447.31 2 0
mcp-memory/internal/decay/summarizer.go:447.31,450.5 2 0
mcp-memory/internal/decay/summarizer.go:453.3,453.33 1 0
mcp-memory/internal/decay/summarizer.go:456.2,456.15 1 0
mcp-memory/internal/decay/summarizer.go:460.66,461.22 1 0
mcp-memory/internal/decay/summarizer.go:461.22,463.3 1 0
mcp-memory/internal/decay/summarizer.go:465.2,466.30 2 0
mcp-memory/internal/decay/summarizer.go:466.30,470.3 3 0
mcp-memory/internal/decay/summarizer.go:472.2,472.30 1 0
mcp-memory/internal/decay/summarizer.go:472.30,474.3 1 0
mcp-memory/internal/decay/summarizer.go:476.2,476.59 1 0
mcp-memory/internal/decay/summarizer.go:480.125,492.35 5 0
mcp-memory/internal/decay/summarizer.go:492.35,496.36 3 0
mcp-memory/internal/decay/summarizer.go:496.36,517.4 5 0
mcp-memory/internal/decay/summarizer.go:517.9,519.4 1 0
mcp-memory/internal/decay/summarizer.go:522.3,522.26 1 0
mcp-memory/internal/decay/summarizer.go:522.26,529.4 1 0
mcp-memory/internal/decay/summarizer.go:533.2,533.26 1 0
mcp-memory/internal/decay/summarizer.go:533.26,541.3 1 0
mcp-memory/internal/decay/summarizer.go:543.2,543.13 1 0
mcp-memory/internal/decay/summarizer.go:547.106,561.31 4 0
mcp-memory/internal/decay/summarizer.go:561.31,566.3 4 0
mcp-memory/internal/decay/summarizer.go:568.2,569.13 2 0
mcp-memory/internal/decay/summarizer.go:573.110,574.20 1 0
mcp-memory/internal/decay/summarizer.go:575.31,576.38 1 0
mcp-memory/internal/decay/summarizer.go:577.43,578.50 1 0
mcp-memory/internal/decay/summarizer.go:579.31,580.38 1 0
mcp-memory/internal/decay/summarizer.go:581.30,582.37 1 0
mcp-memory/internal/decay/summarizer.go:583.33,584.40 1 0
mcp-memory/internal/decay/summarizer.go:585.33,586.40 1 0
mcp-memory/internal/decay/summarizer.go:587.27,588.34 1 0
mcp-memory/internal/decay/summarizer.go:589.62,590.40 1 0
mcp-memory/internal/decay/summarizer.go:591.35,592.42 1 0
mcp-memory/internal/decay/summarizer.go:593.31,594.38 1 0
mcp-memory/internal/decay/summarizer.go:595.37,595.37 0 0
mcp-memory/internal/decay/summarizer.go:601.104,602.52 1 0
mcp-memory/internal/decay/summarizer.go:602.52,604.3 1 0
mcp-memory/internal/decay/summarizer.go:608.116,610.2 1 0
mcp-memory/internal/decay/summarizer.go:613.104,614.31 1 0
mcp-memory/internal/decay/summarizer.go:614.31,616.3 1 0
mcp-memory/internal/decay/summarizer.go:620.103,621.58 1 0
mcp-memory/internal/decay/summarizer.go:621.58,623.3 1 0
mcp-memory/internal/decay/summarizer.go:627.106,629.52 1 0
mcp-memory/internal/decay/summarizer.go:629.52,631.3 1 0
mcp-memory/internal/decay/summarizer.go:635.106,637.31 1 0
mcp-memory/internal/decay/summarizer.go:637.31,639.3 1 0
mcp-memory/internal/decay/summarizer.go:643.100,645.91 1 0
mcp-memory/internal/decay/summarizer.go:645.91,648.3 2 0
mcp-memory/internal/decay/summarizer.go:650.2,650.82 1 0
mcp-memory/internal/decay/summarizer.go:650.82,652.3 1 0
mcp-memory/internal/decay/summarizer.go:656.106,658.31 1 0
mcp-memory/internal/decay/summarizer.go:658.31,660.3 1 0
mcp-memory/internal/decay/summarizer.go:664.108,666.52 1 0
mcp-memory/internal/decay/summarizer.go:666.52,668.3 1 0
mcp-memory/internal/decay/summarizer.go:672.104,674.31 1 0
mcp-memory/internal/decay/summarizer.go:674.31,676.3 1 0
mcp-memory/internal/decay/summarizer.go:680.110,681.42 1 0
mcp-memory/internal/decay/summarizer.go:681.42,682.29 1 0
mcp-memory/internal/decay/summarizer.go:682.29,684.4 1 0
mcp-memory/internal/decay/summarizer.go:689.109,690.34 1 0
mcp-memory/internal/decay/summarizer.go:690.34,692.3 1 0
mcp-memory/internal/decay/summarizer.go:696.113,697.34 1 0
mcp-memory/internal/decay/summarizer.go:697.34,699.3 1 0
mcp-memory/internal/decay/summarizer.go:703.125,704.28 1 0
mcp-memory/internal/decay/summarizer.go:704.28,706.3 1 0
mcp-memory/internal/decay/summarizer.go:707.2,707.34 1 0
mcp-memory/internal/decay/summarizer.go:707.34,709.3 1 0
mcp-memory/internal/decay/summarizer.go:713.114,717.31 2 0
mcp-memory/internal/decay/summarizer.go:717.31,725.3 4 0
mcp-memory/internal/decay/summarizer.go:728.2,728.31 1 0
mcp-memory/internal/decay/summarizer.go:728.31,730.42 2 0
mcp-memory/internal/decay/summarizer.go:730.42,734.4 2 0
mcp-memory/internal/decay/summarizer.go:735.3,735.83 1 0
mcp-memory/internal/decay/summarizer.go:739.2,739.33 1 0
mcp-memory/internal/decay/summarizer.go:739.33,741.3 1 0
mcp-memory/internal/decay/summarizer.go:743.2,743.33 1 0
mcp-memory/internal/decay/summarizer.go:743.33,745.47 2 0
mcp-memory/internal/decay/summarizer.go:745.47,746.29 1 0
mcp-memory/internal/decay/summarizer.go:746.29,748.5 1 0
mcp-memory/internal/decay/summarizer.go:750.3,750.92 1 0
mcp-memory/internal/decay/summarizer.go:754.2,754.33 1 0
mcp-memory/internal/decay/summarizer.go:754.33,756.47 2 0
mcp-memory/internal/decay/summarizer.go:756.47,757.29 1 0
mcp-memory/internal/decay/summarizer.go:757.29,759.5 1 0
mcp-memory/internal/decay/summarizer.go:761.3,761.88 1 0
mcp-memory/internal/decay/summarizer.go:765.2,765.36 1 0
mcp-memory/internal/decay/summarizer.go:765.36,767.3 1 0
mcp-memory/internal/decay/summarizer.go:770.2,770.34 1 0
mcp-memory/internal/decay/summarizer.go:770.34,772.45 2 0
mcp-memory/internal/decay/summarizer.go:772.45,774.4 1 0
mcp-memory/internal/decay/summarizer.go:775.3,776.44 2 0
mcp-memory/internal/decay/summarizer.go:776.44,778.4 1 0
mcp-memory/internal/decay/summarizer.go:779.3,779.82 1 0
mcp-memory/internal/decay/summarizer.go:782.2,782.34 1 0
mcp-memory/internal/decay/summarizer.go:785.45,786.9 1 0
mcp-memory/internal/decay/summarizer.go:787.21,788.50 1 0
mcp-memory/internal/decay/summarizer.go:789.24,790.46 1 0
[...]
mcp-memory/internal/storage/relationships.go:551.26,553.3 1 0
mcp-memory/internal/storage/relationships.go:555.2,555.41 1 0
mcp-memory/internal/storage/relationships.go:559.68,561.2 1 0
mcp-memory/internal/storage/relationships.go:563.70,565.2 1 0
mcp-memory/internal/storage/relationships.go:567.66,569.2 1 0
mcp-memory/internal/storage/relationships.go:571.72,573.2 1 0
mcp-memory/internal/storage/relationships.go:575.73,577.2 1 0
mcp-memory/internal/storage/relationships.go:579.104,580.35 1 0
mcp-memory/internal/storage/relationships.go:580.35,582.3 1 0
mcp-memory/internal/storage/relationships.go:583.2,583.11 1 0
mcp-memory/internal/storage/relationships.go:586.106,587.35 1 0
mcp-memory/internal/storage/relationships.go:587.35,589.3 1 0
mcp-memory/internal/storage/relationships.go:590.2,590.12 1 0
mcp-memory/internal/storage/relationships.go:593.102,594.35 1 0
mcp-memory/internal/storage/relationships.go:594.35,596.3 1 0
mcp-memory/internal/storage/relationships.go:597.2,597.10 1 0
mcp-memory/internal/storage/relationships.go:600.64,601.16 1 0
mcp-memory/internal/storage/relationships.go:601.16,603.3 1 0
mcp-memory/internal/storage/relationships.go:605.2,605.28 1 0
mcp-memory/internal/storage/relationships.go:605.28,607.3 1 0
mcp-memory/internal/storage/relationships.go:608.2,608.36 1 0
mcp-memory/internal/storage/relationships.go:611.116,612.18 1 0
mcp-memory/internal/storage/relationships.go:612.18,614.3 1 0
mcp-memory/internal/storage/relationships.go:615.2,615.21 1 0
mcp-memory/internal/storage/relationships.go:615.21,617.3 1 0
mcp-memory/internal/storage/relationships.go:619.2,619.48 1 0
mcp-memory/internal/storage/relationships.go:619.48,621.17 2 0
mcp-memory/internal/storage/relationships.go:622.21,623.94 1 0
mcp-memory/internal/storage/relationships.go:624.21,625.98 1 0
mcp-memory/internal/storage/relationships.go:626.27,627.104 1 0
mcp-memory/internal/storage/relationships.go:628.11,629.94 1 0
mcp-memory/internal/storage/relationships.go:632.3,632.26 1 0
mcp-memory/internal/storage/relationships.go:632.26,634.4 1 0
mcp-memory/internal/storage/relationships.go:635.3,635.14 1 0
mcp-memory/internal/storage/relationships.go:639.116,640.29 1 0
mcp-memory/internal/storage/relationships.go:640.29,642.3 1 0
mcp-memory/internal/storage/relationships.go:645.2,646.21 2 0
mcp-memory/internal/storage/relationships.go:646.21,648.3 1 0
mcp-memory/internal/storage/relationships.go:651.2,652.36 2 0
mcp-memory/internal/storage/relationships.go:652.36,654.3 1 0
mcp-memory/internal/storage/relationships.go:657.2,657.89 1 0
mcp-memory/internal/storage/relationships.go:657.89,658.22 1 0
mcp-memory/internal/storage/relationships.go:658.22,660.4 1 0
mcp-memory/internal/storage/relationships.go:661.3,661.31 1 0
mcp-memory/internal/storage/relationships.go:663.2,663.92 1 0
mcp-memory/internal/storage/relationships.go:663.92,664.22 1 0
mcp-memory/internal/storage/relationships.go:664.22,666.4 1 0
mcp-memory/internal/storage/relationships.go:667.3,667.28 1 0
mcp-memory/internal/storage/relationships.go:669.2,669.93 1 0
mcp-memory/internal/storage/relationships.go:669.93,670.22 1 0
mcp-memory/internal/storage/relationships.go:670.22,672.4 1 0
mcp-memory/internal/storage/relationships.go:673.3,673.29 1 0
mcp-memory/internal/storage/relationships.go:677.2,677.21 1 0
mcp-memory/internal/storage/relationships.go:677.21,679.3 1 0
mcp-memory/internal/storage/relationships.go:680.2,680.18 1 0
mcp-memory/internal/storage/relationships.go:683.85,685.29 2 0
mcp-memory/internal/storage/relationships.go:685.29,687.3 1 0
mcp-memory/internal/storage/relationships.go:690.2,690.29 1 0
mcp-memory/internal/storage/relationships.go:690.29,691.22 1 0
mcp-memory/internal/storage/relationships.go:691.22,693.4 1 0
mcp-memory/internal/storage/relationships.go:697.79,709.2 7 0
mcp-memory/internal/storage/retry_wrapper.go:18.83,19.19 1 16
mcp-memory/internal/storage/retry_wrapper.go:19.19,21.3 1 0
mcp-memory/internal/storage/retry_wrapper.go:22.2,25.3 1 16
mcp-memory/internal/storage/retry_wrapper.go:29.41,38.2 1 0
mcp-memory/internal/storage/retry_wrapper.go:41.46,42.16 1 2
mcp-memory/internal/storage/retry_wrapper.go:42.16,44.3 1 0
mcp-memory/internal/storage/retry_wrapper.go:47.2,60.44 3 2
mcp-memory/internal/storage/retry_wrapper.go:60.44,61.42 1 6
mcp-memory/internal/storage/retry_wrapper.go:61.42,63.4 1 2
mcp-memory/internal/storage/retry_wrapper.go:67.2,70.35 2 0
mcp-memory/internal/storage/retry_wrapper.go:70.35,72.3 1 0
mcp-memory/internal/storage/retry_wrapper.go:74.2,74.14 1 0
mcp-memory/internal/storage/retry_wrapper.go:78.48,82.2 1 6
mcp-memory/internal/storage/retry_wrapper.go:84.52,85.43 1 0
mcp-memory/internal/storage/retry_wrapper.go:85.43,86.50 1 0
mcp-memory/internal/storage/retry_wrapper.go:86.50,88.4 1 0
mcp-memory/internal/storage/retry_wrapper.go:90.2,90.14 1 0
mcp-memory/internal/storage/retry_wrapper.go:93.40,94.22 1 0
mcp-memory/internal/storage/retry_wrapper.go:94.22,96.3 1 0
mcp-memory/internal/storage/retry_wrapper.go:97.2,97.30 1 0
mcp-memory/internal/storage/retry_wrapper.go:97.30,98.37 1 0
mcp-memory/internal/storage/retry_wrapper.go:98.37,100.4 1 0
mcp-memory/internal/storage/retry_wrapper.go:102.2,102.13 1 0
mcp-memory/internal/storage/retry_wrapper.go:105.27,106.26 1 0
mcp-memory/internal/storage/retry_wrapper.go:106.26,108.3 1 0
mcp-memory/internal/storage/retry_wrapper.go:109.2,109.10 1 0
mcp-memory/internal/storage/retry_wrapper.go:113.70,114.62 1 1
mcp-memory/internal/storage/retry_wrapper.go:114.62,116.3 1 1
mcp-memory/internal/storage/retry_wrapper.go:117.2,117.23 1 1
mcp-memory/internal/storage/retry_wrapper.go:117.23,119.3 1 0
mcp-memory/internal/storage/retry_wrapper.go:120.2,120.12 1 1
mcp-memory/internal/storage/retry_wrapper.go:124.96,125.62 1 5
mcp-memory/internal/storage/retry_wrapper.go:125.62,127.3 1 7
mcp-memory/internal/storage/retry_wrapper.go:128.2,128.23 1 5
mcp-memory/internal/storage/retry_wrapper.go:128.23,130.3 1 2
mcp-memory/internal/storage/retry_wrapper.go:131.2,131.12 1 3
mcp-memory/internal/storage/retry_wrapper.go:135.137,138.62 2 1
mcp-memory/internal/storage/retry_wrapper.go:138.62,142.3 3 2
mcp-memory/internal/storage/retry_wrapper.go:144.2,144.23 1 1
mcp-memory/internal/storage/retry_wrapper.go:144.23,146.3 1 0
mcp-memory/internal/storage/retry_wrapper.go:147.2,147.21 1 1
mcp-memory/internal/storage/retry_wrapper.go:151.106,154.62 2 1
mcp-memory/internal/storage/retry_wrapper.go:154.62,158.3 3 2
mcp-memory/internal/storage/retry_wrapper.go:160.2,160.23 1 1
mcp-memory/internal/storage/retry_wrapper.go:160.23,162.3 1 0
mcp-memory/internal/storage/retry_wrapper.go:163.2,163.19 1 1
mcp-memory/internal/storage/retry_wrapper.go:167.147,170.62 2 1
mcp-memory/internal/storage/retry_wrapper.go:170.62,174.3 3 2
mcp-memory/internal/storage/retry_wrapper.go:176.2,176.23 1 1
mcp-memory/internal/storage/retry_wrapper.go:176.23,178.3 1 0
mcp-memory/internal/storage/retry_wrapper.go:179.2,179.20 1 1
mcp-memory/internal/storage/retry_wrapper.go:183.120,186.62 2 1
mcp-memory/internal/storage/retry_wrapper.go:186.62,190.3 3 2
mcp-memory/internal/storage/retry_wrapper.go:192.2,192.23 1 1
mcp-memory/internal/storage/retry_wrapper.go:192.23,194.3 1 0
mcp-memory/internal/storage/retry_wrapper.go:195.2,195.20 1 1
mcp-memory/internal/storage/retry_wrapper.go:199.77,200.62 1 1
mcp-memory/internal/storage/retry_wrapper.go:200.62,202.3 1 2
mcp-memory/internal/storage/retry_wrapper.go:203.2,203.23 1 1
mcp-memory/internal/storage/retry_wrapper.go:203.23,205.3 1 0
mcp-memory/internal/storage/retry_wrapper.go:206.2,206.12 1 1
mcp-memory/internal/storage/retry_wrapper.go:210.97,211.62 1 1
mcp-memory/internal/storage/retry_wrapper.go:211.62,213.3 1 2
mcp-memory/internal/storage/retry_wrapper.go:214.2,214.23 1 1
mcp-memory/internal/storage/retry_wrapper.go:214.23,216.3 1 0
mcp-memory/internal/storage/retry_wrapper.go:217.2,217.12 1 1
mcp-memory/internal/storage/retry_wrapper.go:221.71,233.66 3 1
mcp-memory/internal/storage/retry_wrapper.go:233.66,235.3 1 2
mcp-memory/internal/storage/retry_wrapper.go:237.2,237.23 1 1
mcp-memory/internal/storage/retry_wrapper.go:237.23,239.3 1 0
mcp-memory/internal/storage/retry_wrapper.go:240.2,240.12 1 1
mcp-memory/internal/storage/retry_wrapper.go:244.83,247.62 2 1
mcp-memory/internal/storage/retry_wrapper.go:247.62,251.3 3 2
mcp-memory/internal/storage/retry_wrapper.go:253.2,253.23 1 1
mcp-memory/internal/storage/retry_wrapper.go:253.23,255.3 1 0
mcp-memory/internal/storage/retry_wrapper.go:256.2,256.19 1 1
mcp-memory/internal/storage/retry_wrapper.go:260.93,274.67 4 1
mcp-memory/internal/storage/retry_wrapper.go:274.67,278.3 3 2
mcp-memory/internal/storage/retry_wrapper.go:280.2,280.23 1 1
mcp-memory/internal/storage/retry_wrapper.go:280.23,282.3 1 0
mcp-memory/internal/storage/retry_wrapper.go:283.2,283.19 1 1
mcp-memory/internal/storage/retry_wrapper.go:287.46,289.2 1 1
mcp-memory/internal/storage/retry_wrapper.go:294.101,297.62 2 0
mcp-memory/internal/storage/retry_wrapper.go:297.62,301.3 3 0
mcp-memory/internal/storage/retry_wrapper.go:303.2,303.23 1 0
mcp-memory/internal/storage/retry_wrapper.go:303.23,305.3 1 0
mcp-memory/internal/storage/retry_wrapper.go:306.2,306.20 1 0
mcp-memory/internal/storage/retry_wrapper.go:310.95,311.62 1 0
mcp-memory/internal/storage/retry_wrapper.go:311.62,313.3 1 0
mcp-memory/internal/storage/retry_wrapper.go:314.2,314.23 1 0
mcp-memory/internal/storage/retry_wrapper.go:314.23,316.3 1 0
mcp-memory/internal/storage/retry_wrapper.go:317.2,317.12 1 0
mcp-memory/internal/storage/retry_wrapper.go:321.87,324.62 2 0
mcp-memory/internal/storage/retry_wrapper.go:324.62,328.3 3 0
mcp-memory/internal/storage/retry_wrapper.go:330.2,330.23 1 0
mcp-memory/internal/storage/retry_wrapper.go:330.23,332.3 1 0
mcp-memory/internal/storage/retry_wrapper.go:333.2,333.25 1 0
mcp-memory/internal/storage/retry_wrapper.go:337.155,340.62 2 0
mcp-memory/internal/storage/retry_wrapper.go:340.62,344.3 3 0
mcp-memory/internal/storage/retry_wrapper.go:346.2,346.23 1 0
mcp-memory/internal/storage/retry_wrapper.go:346.23,348.3 1 0
mcp-memory/internal/storage/retry_wrapper.go:349.2,349.20 1 0
mcp-memory/internal/storage/retry_wrapper.go:353.101,354.62 1 0
mcp-memory/internal/storage/retry_wrapper.go:354.62,356.3 1 0
mcp-memory/internal/storage/retry_wrapper.go:357.2,357.23 1 0
mcp-memory/internal/storage/retry_wrapper.go:357.23,359.3 1 0
mcp-memory/internal/storage/retry_wrapper.go:360.2,360.12 1 0
mcp-memory/internal/storage/retry_wrapper.go:364.120,367.67 2 1
mcp-memory/internal/storage/retry_wrapper.go:367.67,371.3 3 2
mcp-memory/internal/storage/retry_wrapper.go:373.2,373.28 1 1
mcp-memory/internal/storage/retry_wrapper.go:373.28,375.3 1 0
mcp-memory/internal/storage/retry_wrapper.go:376.2,376.20 1 1
mcp-memory/internal/storage/retry_wrapper.go:380.101,383.67 2 1
mcp-memory/internal/storage/retry_wrapper.go:383.67,387.3 3 2
mcp-memory/internal/storage/retry_wrapper.go:389.2,389.28 1 1
mcp-memory/internal/storage/retry_wrapper.go:389.28,391.3 1 0
mcp-memory/internal/storage/retry_wrapper.go:392.2,392.20 1 1
mcp-memory/internal/storage/retry_wrapper.go:398.217,401.62 2 0
mcp-memory/internal/storage/retry_wrapper.go:401.62,405.3 3 0
mcp-memory/internal/storage/retry_wrapper.go:407.2,407.23 1 0
mcp-memory/internal/storage/retry_wrapper.go:407.23,409.3 1 0
mcp-memory/internal/storage/retry_wrapper.go:410.2,410.26 1 0
mcp-memory/internal/storage/retry_wrapper.go:414.137,417.62 2 0
mcp-memory/internal/storage/retry_wrapper.go:417.62,421.3 3 0
mcp-memory/internal/storage/retry_wrapper.go:423.2,423.23 1 0
mcp-memory/internal/storage/retry_wrapper.go:423.23,425.3 1 0
mcp-memory/internal/storage/retry_wrapper.go:426.2,426.27 1 0
mcp-memory/internal/storage/retry_wrapper.go:430.175,433.62 2 0
mcp-memory/internal/storage/retry_wrapper.go:433.62,437.3 3 0
mcp-memory/internal/storage/retry_wrapper.go:439.2,439.23 1 0
mcp-memory/internal/storage/retry_wrapper.go:439.23,441.3 1 0
mcp-memory/internal/storage/retry_wrapper.go:442.2,442.29 1 0
mcp-memory/internal/storage/retry_wrapper.go:446.154,447.62 1 0
mcp-memory/internal/storage/retry_wrapper.go:447.62,449.3 1 0
mcp-memory/internal/storage/retry_wrapper.go:451.2,451.23 1 0
mcp-memory/internal/storage/retry_wrapper.go:451.23,453.3 1 0
mcp-memory/internal/storage/retry_wrapper.go:454.2,454.12 1 0
mcp-memory/internal/storage/retry_wrapper.go:458.101,459.62 1 0
mcp-memory/internal/storage/retry_wrapper.go:459.62,461.3 1 0
mcp-memory/internal/storage/retry_wrapper.go:463.2,463.23 1 0
mcp-memory/internal/storage/retry_wrapper.go:463.23,465.3 1 0
mcp-memory/internal/storage/retry_wrapper.go:466.2,466.12 1 0
mcp-memory/internal/storage/retry_wrapper.go:470.131,473.62 2 0
mcp-memory/internal/storage/retry_wrapper.go:473.62,477.3 3 0
mcp-memory/internal/storage/retry_wrapper.go:479.2,479.23 1 0
mcp-memory/internal/storage/retry_wrapper.go:479.23,481.3 1 0
mcp-memory/internal/storage/retry_wrapper.go:482.2,482.26 1 0
mcp-memory/internal/storage/pool/connection_pool.go:42.38,50.2 1 0
mcp-memory/internal/storage/pool/connection_pool.go:61.78,66.60 4 223
mcp-memory/internal/storage/pool/connection_pool.go:66.60,68.3 1 1
mcp-memory/internal/storage/pool/connection_pool.go:69.2,69.61 1 222
mcp-memory/internal/storage/pool/connection_pool.go:69.61,71.3 1 0
mcp-memory/internal/storage/pool/connection_pool.go:72.2,72.14 1 222
mcp-memory/internal/storage/pool/connection_pool.go:75.34,80.2 4 213
mcp-memory/internal/storage/pool/connection_pool.go:104.86,105.19 1 10
mcp-memory/internal/storage/pool/connection_pool.go:105.19,107.3 1 0
mcp-memory/internal/storage/pool/connection_pool.go:109.2,109.25 1 10
mcp-memory/internal/storage/pool/connection_pool.go:109.25,111.3 1 0
mcp-memory/internal/storage/pool/connection_pool.go:112.2,112.59 1 10
mcp-memory/internal/storage/pool/connection_pool.go:112.59,114.3 1 0
mcp-memory/internal/storage/pool/connection_pool.go:116.2,127.38 4 10
mcp-memory/internal/storage/pool/connection_pool.go:127.38,128.52 1 13
mcp-memory/internal/storage/pool/connection_pool.go:128.52,132.4 2 0
mcp-memory/internal/storage/pool/connection_pool.go:136.2,136.36 1 10
mcp-memory/internal/storage/pool/connection_pool.go:136.36,140.3 3 1
mcp-memory/internal/storage/pool/connection_pool.go:142.2,142.18 1 10
mcp-memory/internal/storage/pool/connection_pool.go:146.71,147.38 1 257
mcp-memory/internal/storage/pool/connection_pool.go:147.38,149.3 1 1
mcp-memory/internal/storage/pool/connection_pool.go:151.2,155.9 3 256
mcp-memory/internal/storage/pool/connection_pool.go:156.29,157.16 1 44
mcp-memory/internal/storage/pool/connection_pool.go:157.16,159.4 1 0
mcp-memory/internal/storage/pool/connection_pool.go:162.3,162.85 1 44
mcp-memory/internal/storage/pool/connection_pool.go:162.85,165.50 2 2
mcp-memory/internal/storage/pool/connection_pool.go:165.50,167.5 1 0
mcp-memory/internal/storage/pool/connection_pool.go:168.4,168.21 1 2
mcp-memory/internal/storage/pool/connection_pool.go:171.3,173.44 3 42
mcp-memory/internal/storage/pool/connection_pool.go:175.10,178.37 2 212
mcp-memory/internal/storage/pool/connection_pool.go:178.37,179.50 1 40
mcp-memory/internal/storage/pool/connection_pool.go:179.50,181.5 1 1
mcp-memory/internal/storage/pool/connection_pool.go:182.4,182.21 1 39
mcp-memory/internal/storage/pool/connection_pool.go:186.3,186.10 1 172
mcp-memory/internal/storage/pool/connection_pool.go:187.30,188.17 1 171
mcp-memory/internal/storage/pool/connection_pool.go:188.17,190.5 1 0
mcp-memory/internal/storage/pool/connection_pool.go:192.4,192.86 1 171
mcp-memory/internal/storage/pool/connection_pool.go:192.86,195.5 2 0
mcp-memory/internal/storage/pool/connection_pool.go:197.4,199.45 3 171
mcp-memory/internal/storage/pool/connection_pool.go:201.21,202.25 1 1
mcp-memory/internal/storage/pool/connection_pool.go:208.53,211.9 2 213
mcp-memory/internal/storage/pool/connection_pool.go:211.9,213.3 1 0
mcp-memory/internal/storage/pool/connection_pool.go:216.2,216.38 1 213
mcp-memory/internal/storage/pool/connection_pool.go:216.38,218.40 1 1
mcp-memory/internal/storage/pool/connection_pool.go:218.40,220.4 1 1
mcp-memory/internal/storage/pool/connection_pool.go:221.3,221.23 1 1
mcp-memory/internal/storage/pool/connection_pool.go:224.2,227.43 2 212
mcp-memory/internal/storage/pool/connection_pool.go:227.43,230.3 2 0
mcp-memory/internal/storage/pool/connection_pool.go:233.2,234.36 2 212
mcp-memory/internal/storage/pool/connection_pool.go:234.36,237.3 2 27
mcp-memory/internal/storage/pool/connection_pool.go:240.2,240.9 1 185
mcp-memory/internal/storage/pool/connection_pool.go:241.30,242.13 1 184
mcp-memory/internal/storage/pool/connection_pool.go:243.10,246.13 2 1
mcp-memory/internal/storage/pool/connection_pool.go:251.40,252.50 1 10
mcp-memory/internal/storage/pool/connection_pool.go:252.50,254.3 1 0
mcp-memory/internal/storage/pool/connection_pool.go:257.2,257.27 1 10
mcp-memory/internal/storage/pool/connection_pool.go:257.27,262.3 3 1
mcp-memory/internal/storage/pool/connection_pool.go:265.2,267.32 3 10
mcp-memory/internal/storage/pool/connection_pool.go:267.32,268.41 1 23
mcp-memory/internal/storage/pool/connection_pool.go:268.41,270.4 1 0
mcp-memory/internal/storage/pool/connection_pool.go:273.2,273.16 1 10
mcp-memory/internal/storage/pool/connection_pool.go:277.44,291.2 3 4
mcp-memory/internal/storage/pool/connection_pool.go:294.70,296.16 2 56
mcp-memory/internal/storage/pool/connection_pool.go:296.16,299.3 2 1
mcp-memory/internal/storage/pool/connection_pool.go:301.2,307.9 2 55
mcp-memory/internal/storage/pool/connection_pool.go:308.27,310.13 2 55
mcp-memory/internal/storage/pool/connection_pool.go:311.10,314.26 2 0
mcp-memory/internal/storage/pool/connection_pool.go:319.60,320.33 1 31
mcp-memory/internal/storage/pool/connection_pool.go:320.33,322.3 1 0
mcp-memory/internal/storage/pool/connection_pool.go:324.2,324.40 1 31
mcp-memory/internal/storage/pool/connection_pool.go:324.40,326.3 1 0
mcp-memory/internal/storage/pool/connection_pool.go:327.2,327.39 1 31
mcp-memory/internal/storage/pool/connection_pool.go:331.44,333.6 2 1
mcp-memory/internal/storage/pool/connection_pool.go:333.6,334.10 1 9
mcp-memory/internal/storage/pool/connection_pool.go:335.27,336.26 1 8
mcp-memory/internal/storage/pool/connection_pool.go:337.23,338.10 1 1
mcp-memory/internal/storage/pool/connection_pool.go:344.47,347.6 2 8
mcp-memory/internal/storage/pool/connection_pool.go:347.6,348.10 1 16
mcp-memory/internal/storage/pool/connection_pool.go:349.30,350.17 1 8
mcp-memory/internal/storage/pool/connection_pool.go:350.17,351.13 1 0
mcp-memory/internal/storage/pool/connection_pool.go:353.4,353.33 1 8
mcp-memory/internal/storage/pool/connection_pool.go:354.11,355.25 1 8
mcp-memory/internal/storage/pool/connection_pool.go:359.1,360.29 1 0
mcp-memory/internal/storage/pool/connection_pool.go:360.29,366.20 2 8
mcp-memory/internal/storage/pool/connection_pool.go:366.20,368.12 2 1
mcp-memory/internal/storage/pool/connection_pool.go:372.3,372.10 1 7
mcp-memory/internal/storage/pool/connection_pool.go:373.28,373.28 0 7
mcp-memory/internal/storage/pool/connection_pool.go:375.11,377.27 1 0
mcp-memory/internal/storage/pool/connection_pool.go:382.2,382.38 1 8
mcp-memory/internal/storage/pool/connection_pool.go:382.38,384.38 2 8
mcp-memory/internal/storage/pool/connection_pool.go:384.38,386.50 2 1
mcp-memory/internal/storage/pool/connection_pool.go:386.50,388.10 2 0
mcp-memory/internal/storage/pool/connection_pool.go:390.4,391.17 2 1
mcp-memory/internal/storage/pool/connection_pool.go:404.39,407.15 3 1
mcp-memory/internal/storage/pool/connection_pool.go:407.15,409.3 1 0
mcp-memory/internal/storage/pool/connection_pool.go:410.2,410.29 1 1
mcp-memory/internal/storage/pool/connection_pool.go:413.38,415.15 2 0
mcp-memory/internal/storage/pool/connection_pool.go:415.15,418.3 2 0
mcp-memory/internal/storage/pool/connection_pool.go:419.2,423.24 3 0
mcp-memory/internal/storage/pool/connection_pool.go:426.38,428.2 1 0
mcp-memory/internal/storage/pool/connection_pool.go:431.44,433.2 1 5
