mode: atomic
mcp-memory/cmd/demo/main.go:16.13,22.16 4 0
mcp-memory/cmd/demo/main.go:22.16,43.3 2 0
mcp-memory/cmd/demo/main.go:46.2,47.16 2 0
mcp-memory/cmd/demo/main.go:47.16,49.3 1 0
mcp-memory/cmd/demo/main.go:52.2,53.42 2 0
mcp-memory/cmd/demo/main.go:53.42,56.3 2 0
mcp-memory/cmd/demo/main.go:59.2,64.29 5 0
mcp-memory/cmd/demo/main.go:64.29,67.3 2 0
mcp-memory/cmd/demo/main.go:69.2,75.40 4 0
mcp-memory/cmd/demo/main.go:75.40,81.17 4 0
mcp-memory/cmd/demo/main.go:81.17,83.4 1 0
mcp-memory/cmd/demo/main.go:83.9,85.4 1 0
mcp-memory/cmd/demo/main.go:88.2,96.39 7 0
mcp-memory/cmd/demo/main.go:96.39,98.3 1 0
mcp-memory/cmd/graphql/main.go:22.13,25.16 2 0
mcp-memory/cmd/graphql/main.go:25.16,27.3 1 0
mcp-memory/cmd/graphql/main.go:30.2,31.16 2 0
mcp-memory/cmd/graphql/main.go:31.16,33.3 1 0
mcp-memory/cmd/graphql/main.go:35.2,38.67 2 0
mcp-memory/cmd/graphql/main.go:38.67,41.3 2 0
mcp-memory/cmd/graphql/main.go:43.2,43.51 1 0
mcp-memory/cmd/graphql/main.go:43.51,45.3 1 0
mcp-memory/cmd/graphql/main.go:48.2,49.16 2 0
mcp-memory/cmd/graphql/main.go:49.16,52.3 2 0
mcp-memory/cmd/graphql/main.go:53.2,53.15 1 0
mcp-memory/cmd/graphql/main.go:53.15,53.43 1 0
mcp-memory/cmd/graphql/main.go:56.2,75.67 9 0
mcp-memory/cmd/graphql/main.go:75.67,76.24 1 0
mcp-memory/cmd/graphql/main.go:76.24,79.4 2 0
mcp-memory/cmd/graphql/main.go:80.3,80.63 1 0
mcp-memory/cmd/graphql/main.go:84.2,88.16 3 0
mcp-memory/cmd/graphql/main.go:88.16,90.3 1 0
mcp-memory/cmd/graphql/main.go:92.2,101.12 2 0
mcp-memory/cmd/graphql/main.go:101.12,105.77 4 0
mcp-memory/cmd/graphql/main.go:105.77,108.4 2 0
mcp-memory/cmd/graphql/main.go:112.2,121.42 7 0
mcp-memory/cmd/graphql/main.go:121.42,123.3 1 0
mcp-memory/cmd/graphql/main.go:125.2,125.30 1 0
mcp-memory/cmd/graphql/main.go:129.62,130.54 1 0
mcp-memory/cmd/graphql/main.go:130.54,132.52 2 0
mcp-memory/cmd/graphql/main.go:132.52,136.4 3 0
mcp-memory/cmd/graphql/main.go:137.3,138.29 2 0
mcp-memory/cmd/graphql/main.go:143.43,144.71 1 0
mcp-memory/cmd/graphql/main.go:144.71,149.28 4 0
mcp-memory/cmd/graphql/main.go:149.28,152.4 2 0
mcp-memory/cmd/graphql/main.go:154.3,154.23 1 0
mcp-memory/cmd/openapi/main.go:18.13,19.22 1 0
mcp-memory/cmd/openapi/main.go:19.22,26.3 6 0
mcp-memory/cmd/openapi/main.go:28.2,30.17 2 0
mcp-memory/cmd/openapi/main.go:31.15,32.23 1 0
mcp-memory/cmd/openapi/main.go:33.18,34.17 1 0
mcp-memory/cmd/openapi/main.go:35.18,36.17 1 0
mcp-memory/cmd/openapi/main.go:37.10,39.13 2 0
mcp-memory/cmd/openapi/main.go:43.27,47.82 2 0
mcp-memory/cmd/openapi/main.go:47.82,49.17 2 0
mcp-memory/cmd/openapi/main.go:49.17,52.4 2 0
mcp-memory/cmd/openapi/main.go:54.3,55.38 2 0
mcp-memory/cmd/openapi/main.go:59.2,59.74 1 0
mcp-memory/cmd/openapi/main.go:59.74,90.3 3 0
mcp-memory/cmd/openapi/main.go:93.2,93.70 1 0
mcp-memory/cmd/openapi/main.go:93.70,95.3 1 0
mcp-memory/cmd/openapi/main.go:97.2,98.16 2 0
mcp-memory/cmd/openapi/main.go:98.16,100.3 1 0
mcp-memory/cmd/openapi/main.go:102.2,104.33 3 0
mcp-memory/cmd/openapi/main.go:107.21,109.16 2 0
mcp-memory/cmd/openapi/main.go:109.16,112.3 2 0
mcp-memory/cmd/openapi/main.go:115.2,115.67 1 0
mcp-memory/cmd/openapi/main.go:115.67,118.3 2 0
mcp-memory/cmd/openapi/main.go:120.2,126.56 5 0
mcp-memory/cmd/openapi/main.go:129.21,137.2 7 0
mcp-memory/cmd/openapi/main.go:139.38,141.62 2 0
mcp-memory/cmd/openapi/main.go:141.62,143.3 1 0
mcp-memory/cmd/openapi/main.go:145.2,146.16 2 0
mcp-memory/cmd/openapi/main.go:146.16,148.3 1 0
mcp-memory/cmd/openapi/main.go:151.2,152.56 2 0
mcp-memory/cmd/openapi/main.go:152.56,154.3 1 0
mcp-memory/cmd/openapi/main.go:156.2,157.16 2 0
mcp-memory/cmd/openapi/main.go:157.16,159.3 1 0
mcp-memory/cmd/openapi/main.go:162.2,164.16 3 0
mcp-memory/cmd/openapi/main.go:164.16,166.3 1 0
mcp-memory/cmd/openapi/main.go:168.2,168.17 1 0
mcp-memory/cmd/openapi/main.go:171.43,173.43 2 0
mcp-memory/cmd/openapi/main.go:173.43,174.26 1 0
mcp-memory/cmd/openapi/main.go:174.26,176.4 1 0
mcp-memory/cmd/openapi/main.go:177.3,177.27 1 0
mcp-memory/cmd/openapi/main.go:177.27,179.4 1 0
mcp-memory/cmd/openapi/main.go:180.3,180.26 1 0
mcp-memory/cmd/openapi/main.go:180.26,182.4 1 0
mcp-memory/cmd/openapi/main.go:183.3,183.29 1 0
mcp-memory/cmd/openapi/main.go:183.29,185.4 1 0
mcp-memory/cmd/openapi/main.go:186.3,186.28 1 0
mcp-memory/cmd/openapi/main.go:186.28,188.4 1 0
mcp-memory/cmd/openapi/main.go:190.2,190.14 1 0
mcp-memory/cmd/migrate/main.go:49.13,62.48 3 0
mcp-memory/cmd/migrate/main.go:62.48,66.3 3 0
mcp-memory/cmd/migrate/main.go:68.2,68.48 1 0
mcp-memory/cmd/migrate/main.go:68.48,72.3 3 0
mcp-memory/cmd/migrate/main.go:75.2,75.14 1 0
mcp-memory/cmd/migrate/main.go:75.14,77.3 1 0
mcp-memory/cmd/migrate/main.go:80.2,81.16 2 0
mcp-memory/cmd/migrate/main.go:81.16,83.3 1 0
mcp-memory/cmd/migrate/main.go:86.2,87.25 2 0
mcp-memory/cmd/migrate/main.go:87.25,89.3 1 0
mcp-memory/cmd/migrate/main.go:91.2,91.54 1 0
mcp-memory/cmd/migrate/main.go:91.54,93.3 1 0
mcp-memory/cmd/migrate/main.go:96.2,97.16 2 0
mcp-memory/cmd/migrate/main.go:97.16,99.3 1 0
mcp-memory/cmd/migrate/main.go:102.2,102.71 1 0
mcp-memory/cmd/migrate/main.go:102.71,104.3 1 0
mcp-memory/cmd/migrate/main.go:107.2,107.25 1 0
mcp-memory/cmd/migrate/main.go:111.144,116.68 2 0
mcp-memory/cmd/migrate/main.go:116.68,118.3 1 0
mcp-memory/cmd/migrate/main.go:120.2,130.8 1 0
mcp-memory/cmd/migrate/main.go:134.73,139.36 2 0
mcp-memory/cmd/migrate/main.go:139.36,140.56 1 0
mcp-memory/cmd/migrate/main.go:140.56,142.4 1 0
mcp-memory/cmd/migrate/main.go:146.2,146.46 1 0
mcp-memory/cmd/migrate/main.go:146.46,147.55 1 0
mcp-memory/cmd/migrate/main.go:147.55,149.4 1 0
mcp-memory/cmd/migrate/main.go:153.2,153.36 1 0
mcp-memory/cmd/migrate/main.go:153.36,154.58 1 0
mcp-memory/cmd/migrate/main.go:154.58,156.4 1 0
mcp-memory/cmd/migrate/main.go:160.2,161.16 2 0
mcp-memory/cmd/migrate/main.go:161.16,163.3 1 0
mcp-memory/cmd/migrate/main.go:165.2,168.21 3 0
mcp-memory/cmd/migrate/main.go:168.21,170.3 1 0
mcp-memory/cmd/migrate/main.go:173.2,173.57 1 0
mcp-memory/cmd/migrate/main.go:173.57,175.3 1 0
mcp-memory/cmd/migrate/main.go:178.2,178.16 1 0
mcp-memory/cmd/migrate/main.go:178.16,179.59 1 0
mcp-memory/cmd/migrate/main.go:179.59,181.4 1 0
mcp-memory/cmd/migrate/main.go:184.2,188.12 3 0
mcp-memory/cmd/migrate/main.go:192.99,193.21 1 0
mcp-memory/cmd/migrate/main.go:193.21,195.3 1 0
mcp-memory/cmd/migrate/main.go:196.2,196.35 1 0
mcp-memory/cmd/migrate/main.go:200.78,204.16 3 0
mcp-memory/cmd/migrate/main.go:204.16,206.3 1 0
mcp-memory/cmd/migrate/main.go:207.2,207.15 1 0
mcp-memory/cmd/migrate/main.go:207.15,208.48 1 0
mcp-memory/cmd/migrate/main.go:208.48,210.4 1 0
mcp-memory/cmd/migrate/main.go:213.2,219.52 3 0
mcp-memory/cmd/migrate/main.go:219.52,221.3 1 0
mcp-memory/cmd/migrate/main.go:223.2,225.32 2 0
mcp-memory/cmd/migrate/main.go:225.32,226.77 1 0
mcp-memory/cmd/migrate/main.go:226.77,228.4 1 0
mcp-memory/cmd/migrate/main.go:231.2,231.31 1 0
mcp-memory/cmd/migrate/main.go:235.101,259.2 12 0
mcp-memory/cmd/migrate/main.go:262.104,265.46 2 0
mcp-memory/cmd/migrate/main.go:265.46,267.24 2 0
mcp-memory/cmd/migrate/main.go:267.24,269.4 1 0
mcp-memory/cmd/migrate/main.go:271.3,273.16 2 0
mcp-memory/cmd/migrate/main.go:273.16,276.4 2 0
mcp-memory/cmd/migrate/main.go:276.9,277.54 1 0
mcp-memory/cmd/migrate/main.go:277.54,280.13 3 0
mcp-memory/cmd/migrate/main.go:282.4,282.41 1 0
mcp-memory/cmd/migrate/main.go:285.3,291.73 3 0
mcp-memory/cmd/migrate/main.go:295.2,295.101 1 0
mcp-memory/cmd/migrate/main.go:295.101,297.3 1 0
mcp-memory/cmd/migrate/main.go:299.2,299.12 1 0
mcp-memory/cmd/migrate/main.go:303.99,305.16 2 0
mcp-memory/cmd/migrate/main.go:305.16,307.3 1 0
mcp-memory/cmd/migrate/main.go:309.2,309.23 1 0
mcp-memory/cmd/migrate/main.go:309.23,312.3 1 0
mcp-memory/cmd/migrate/main.go:314.2,314.12 1 0
mcp-memory/cmd/migrate/main.go:318.113,323.16 3 0
mcp-memory/cmd/migrate/main.go:323.16,325.3 1 0
mcp-memory/cmd/migrate/main.go:327.2,331.53 2 0
mcp-memory/cmd/migrate/main.go:331.53,333.3 1 0
mcp-memory/cmd/migrate/main.go:336.2,336.29 1 0
mcp-memory/cmd/migrate/main.go:336.29,338.35 2 0
mcp-memory/cmd/migrate/main.go:338.35,341.18 3 0
mcp-memory/cmd/migrate/main.go:341.18,343.5 1 0
mcp-memory/cmd/migrate/main.go:345.4,345.42 1 0
mcp-memory/cmd/migrate/main.go:345.42,347.5 1 0
mcp-memory/cmd/migrate/main.go:351.2,353.12 3 0
mcp-memory/cmd/migrate/main.go:357.79,361.31 3 0
mcp-memory/cmd/migrate/main.go:361.31,362.42 1 0
mcp-memory/cmd/migrate/main.go:362.42,365.4 2 0
mcp-memory/cmd/migrate/main.go:368.2,368.23 1 0
mcp-memory/cmd/migrate/main.go:368.23,370.3 1 0
mcp-memory/cmd/migrate/main.go:370.8,373.3 2 0
mcp-memory/cmd/migrate/main.go:375.2,375.12 1 0
mcp-memory/cmd/migrate/main.go:379.75,381.16 2 0
mcp-memory/cmd/migrate/main.go:381.16,384.3 1 0
mcp-memory/cmd/migrate/main.go:386.2,386.27 1 0
mcp-memory/cmd/migrate/main.go:386.27,388.3 1 0
mcp-memory/cmd/migrate/main.go:390.2,390.12 1 0
mcp-memory/cmd/migrate/main.go:394.78,401.56 4 0
mcp-memory/cmd/migrate/main.go:401.56,403.3 1 0
mcp-memory/cmd/migrate/main.go:407.2,409.16 3 0
mcp-memory/cmd/migrate/main.go:409.16,411.3 1 0
mcp-memory/cmd/migrate/main.go:412.2,412.15 1 0
mcp-memory/cmd/migrate/main.go:412.15,413.48 1 0
mcp-memory/cmd/migrate/main.go:413.48,415.4 1 0
mcp-memory/cmd/migrate/main.go:418.2,418.12 1 0
mcp-memory/cmd/migrate/main.go:422.41,433.15 10 0
mcp-memory/cmd/migrate/main.go:433.15,435.3 1 0
mcp-memory/cmd/migrate/main.go:437.2,437.31 1 0
mcp-memory/cmd/migrate/main.go:437.31,439.3 1 0
mcp-memory/cmd/migrate/main.go:441.2,441.75 1 0
mcp-memory/cmd/migrate/main.go:441.75,443.3 1 0
mcp-memory/cmd/migrate/main.go:444.2,444.38 1 0
mcp-memory/cmd/migrate/main.go:447.27,448.11 1 0
mcp-memory/cmd/migrate/main.go:448.11,450.3 1 0
mcp-memory/cmd/migrate/main.go:451.2,451.10 1 0
mcp-memory/cmd/test-mcp/main.go:17.13,43.16 5 0
mcp-memory/cmd/test-mcp/main.go:43.16,45.3 1 0
mcp-memory/cmd/test-mcp/main.go:48.2,49.42 2 0
mcp-memory/cmd/test-mcp/main.go:49.42,51.3 1 0
mcp-memory/cmd/test-mcp/main.go:53.2,74.23 5 0
mcp-memory/cmd/test-mcp/main.go:74.23,76.3 1 0
mcp-memory/cmd/test-mcp/main.go:76.8,78.76 2 0
mcp-memory/cmd/test-mcp/main.go:78.76,80.4 1 0
mcp-memory/cmd/test-mcp/main.go:84.2,92.23 4 0
mcp-memory/cmd/test-mcp/main.go:92.23,94.3 1 0
mcp-memory/cmd/test-mcp/main.go:94.8,96.61 2 0
mcp-memory/cmd/test-mcp/main.go:96.61,97.58 1 0
mcp-memory/cmd/test-mcp/main.go:97.58,99.32 2 0
mcp-memory/cmd/test-mcp/main.go:99.32,101.6 1 0
mcp-memory/cmd/test-mcp/main.go:107.2,119.23 4 0
mcp-memory/cmd/test-mcp/main.go:119.23,121.3 1 0
mcp-memory/cmd/test-mcp/main.go:121.8,123.76 2 0
mcp-memory/cmd/test-mcp/main.go:123.76,125.4 1 0
mcp-memory/cmd/test-mcp/main.go:129.2,137.23 4 0
mcp-memory/cmd/test-mcp/main.go:137.23,139.3 1 0
mcp-memory/cmd/test-mcp/main.go:139.8,141.76 2 0
mcp-memory/cmd/test-mcp/main.go:141.76,143.4 1 0
mcp-memory/cmd/test-mcp/main.go:146.2,153.62 8 0
mcp-memory/examples/error_handling_integration.go:18.26,23.105 2 0
mcp-memory/examples/error_handling_integration.go:23.105,29.20 2 0
mcp-memory/examples/error_handling_integration.go:29.20,32.4 2 0
mcp-memory/examples/error_handling_integration.go:35.3,36.22 2 0
mcp-memory/examples/error_handling_integration.go:36.22,39.4 2 0
mcp-memory/examples/error_handling_integration.go:42.3,42.84 1 0
mcp-memory/examples/error_handling_integration.go:42.84,44.4 1 0
mcp-memory/examples/error_handling_integration.go:47.3,58.4 2 0
mcp-memory/examples/error_handling_integration.go:62.2,62.25 1 0
mcp-memory/examples/error_handling_integration.go:66.27,70.62 2 0
mcp-memory/examples/error_handling_integration.go:70.62,73.19 2 0
mcp-memory/examples/error_handling_integration.go:73.19,77.4 3 0
mcp-memory/examples/error_handling_integration.go:80.3,80.29 1 0
mcp-memory/examples/error_handling_integration.go:80.29,84.4 3 0
mcp-memory/examples/error_handling_integration.go:87.3,89.95 3 0
mcp-memory/examples/error_handling_integration.go:92.2,92.17 1 0
mcp-memory/examples/error_handling_integration.go:96.31,99.91 2 0
mcp-memory/examples/error_handling_integration.go:99.91,101.70 1 0
mcp-memory/examples/error_handling_integration.go:101.70,103.4 1 0
mcp-memory/examples/error_handling_integration.go:106.3,107.29 2 0
mcp-memory/examples/error_handling_integration.go:107.29,109.4 1 0
mcp-memory/examples/error_handling_integration.go:111.3,112.10 2 0
mcp-memory/examples/error_handling_integration.go:112.10,114.4 1 0
mcp-memory/examples/error_handling_integration.go:117.3,117.27 1 0
mcp-memory/examples/error_handling_integration.go:117.27,119.4 1 0
mcp-memory/examples/error_handling_integration.go:122.3,122.47 1 0
mcp-memory/examples/error_handling_integration.go:122.47,124.11 2 0
mcp-memory/examples/error_handling_integration.go:124.11,126.5 1 0
mcp-memory/examples/error_handling_integration.go:128.4,129.37 2 0
mcp-memory/examples/error_handling_integration.go:129.37,131.5 1 0
mcp-memory/examples/error_handling_integration.go:135.3,135.13 1 0
mcp-memory/examples/error_handling_integration.go:138.2,138.33 1 0
mcp-memory/examples/error_handling_integration.go:142.29,145.67 2 0
mcp-memory/examples/error_handling_integration.go:145.67,147.54 1 0
mcp-memory/examples/error_handling_integration.go:147.54,149.4 1 0
mcp-memory/examples/error_handling_integration.go:152.3,152.51 1 0
mcp-memory/examples/error_handling_integration.go:152.51,154.4 1 0
mcp-memory/examples/error_handling_integration.go:156.3,156.13 1 0
mcp-memory/examples/error_handling_integration.go:159.2,159.26 1 0
mcp-memory/examples/error_handling_integration.go:163.33,165.64 1 0
mcp-memory/examples/error_handling_integration.go:165.64,167.30 1 0
mcp-memory/examples/error_handling_integration.go:167.30,174.4 1 0
mcp-memory/examples/error_handling_integration.go:175.3,175.13 1 0
mcp-memory/examples/error_handling_integration.go:178.2,178.20 1 0
mcp-memory/examples/error_handling_integration.go:182.36,185.95 2 0
mcp-memory/examples/error_handling_integration.go:185.95,187.77 1 0
mcp-memory/examples/error_handling_integration.go:187.77,191.4 2 0
mcp-memory/examples/error_handling_integration.go:197.3,197.58 1 0
mcp-memory/examples/error_handling_integration.go:200.2,200.21 1 0
mcp-memory/examples/error_handling_integration.go:204.42,207.89 2 0
mcp-memory/examples/error_handling_integration.go:207.89,208.17 1 0
mcp-memory/examples/error_handling_integration.go:208.17,210.4 1 0
mcp-memory/examples/error_handling_integration.go:213.3,214.34 2 0
mcp-memory/examples/error_handling_integration.go:214.34,216.4 1 0
mcp-memory/examples/error_handling_integration.go:219.3,219.19 1 0
mcp-memory/examples/error_handling_integration.go:220.19,223.16 2 0
mcp-memory/examples/error_handling_integration.go:225.15,226.49 1 0
mcp-memory/examples/error_handling_integration.go:228.18,231.20 2 0
mcp-memory/examples/error_handling_integration.go:233.20,237.16 2 0
mcp-memory/examples/error_handling_integration.go:241.2,241.17 1 0
mcp-memory/examples/error_handling_integration.go:246.40,249.2 1 0
mcp-memory/examples/error_handling_integration.go:251.42,254.2 1 0
mcp-memory/examples/error_handling_integration.go:256.48,258.22 1 0
mcp-memory/examples/error_handling_integration.go:258.22,260.3 1 0
mcp-memory/examples/error_handling_integration.go:261.2,261.12 1 0
mcp-memory/examples/error_handling_integration.go:264.45,266.32 1 0
mcp-memory/examples/error_handling_integration.go:266.32,268.3 1 0
mcp-memory/examples/error_handling_integration.go:269.2,269.12 1 0
mcp-memory/examples/error_handling_integration.go:273.28,276.120 2 0
mcp-memory/examples/error_handling_integration.go:276.120,277.17 1 0
mcp-memory/examples/error_handling_integration.go:277.17,279.4 1 0
mcp-memory/examples/error_handling_integration.go:282.3,283.34 2 0
mcp-memory/examples/error_handling_integration.go:283.34,285.4 1 0
mcp-memory/examples/error_handling_integration.go:288.3,291.53 2 0
mcp-memory/examples/error_handling_integration.go:294.2,294.23 1 0
mcp-memory/examples/error_handling_integration.go:298.32,300.94 1 0
mcp-memory/examples/error_handling_integration.go:300.94,308.3 1 0
mcp-memory/examples/error_handling_integration.go:311.2,311.31 1 0
mcp-memory/examples/error_handling_integration.go:311.31,317.3 2 0
mcp-memory/examples/error_handling_integration.go:320.37,322.2 1 0
mcp-memory/cmd/server/main.go:35.13,45.16 4 0
mcp-memory/cmd/server/main.go:45.16,47.3 1 0
mcp-memory/cmd/server/main.go:50.2,51.16 2 0
mcp-memory/cmd/server/main.go:51.16,53.3 1 0
mcp-memory/cmd/server/main.go:56.2,57.48 2 0
mcp-memory/cmd/server/main.go:57.48,59.3 1 0
mcp-memory/cmd/server/main.go:62.2,68.15 4 0
mcp-memory/cmd/server/main.go:69.15,76.46 4 0
mcp-memory/cmd/server/main.go:76.46,77.41 1 0
mcp-memory/cmd/server/main.go:77.41,81.5 3 0
mcp-memory/cmd/server/main.go:84.14,88.64 3 0
mcp-memory/cmd/server/main.go:88.64,89.41 1 0
mcp-memory/cmd/server/main.go:89.41,93.5 3 0
mcp-memory/cmd/server/main.go:96.10,99.9 3 0
mcp-memory/cmd/server/main.go:103.2,103.45 1 0
mcp-memory/cmd/server/main.go:103.45,105.3 1 0
mcp-memory/cmd/server/main.go:108.88,118.16 5 0
mcp-memory/cmd/server/main.go:118.16,120.3 1 0
mcp-memory/cmd/server/main.go:122.2,123.16 2 0
mcp-memory/cmd/server/main.go:123.16,125.3 1 0
mcp-memory/cmd/server/main.go:128.2,128.48 1 0
mcp-memory/cmd/server/main.go:128.48,130.3 1 0
mcp-memory/cmd/server/main.go:133.2,138.16 4 0
mcp-memory/cmd/server/main.go:138.16,141.75 2 0
mcp-memory/cmd/server/main.go:141.75,147.33 5 0
mcp-memory/cmd/server/main.go:147.33,150.5 2 0
mcp-memory/cmd/server/main.go:152.4,156.19 2 0
mcp-memory/cmd/server/main.go:156.19,158.5 1 0
mcp-memory/cmd/server/main.go:160.8,171.75 3 0
mcp-memory/cmd/server/main.go:171.75,177.33 4 0
mcp-memory/cmd/server/main.go:177.33,180.5 2 0
mcp-memory/cmd/server/main.go:183.4,183.21 1 0
mcp-memory/cmd/server/main.go:188.2,188.70 1 0
mcp-memory/cmd/server/main.go:188.70,195.32 5 0
mcp-memory/cmd/server/main.go:195.32,198.4 2 0
mcp-memory/cmd/server/main.go:200.3,200.25 1 0
mcp-memory/cmd/server/main.go:200.25,203.4 2 0
mcp-memory/cmd/server/main.go:206.3,207.62 2 0
mcp-memory/cmd/server/main.go:207.62,210.4 2 0
mcp-memory/cmd/server/main.go:213.3,217.57 3 0
mcp-memory/cmd/server/main.go:217.57,219.4 1 0
mcp-memory/cmd/server/main.go:223.2,223.70 1 0
mcp-memory/cmd/server/main.go:223.70,225.32 1 0
mcp-memory/cmd/server/main.go:225.32,231.4 5 0
mcp-memory/cmd/server/main.go:234.3,234.25 1 0
mcp-memory/cmd/server/main.go:234.25,240.63 4 0
mcp-memory/cmd/server/main.go:240.63,243.5 2 0
mcp-memory/cmd/server/main.go:246.4,250.58 3 0
mcp-memory/cmd/server/main.go:250.58,252.5 1 0
mcp-memory/cmd/server/main.go:253.4,253.10 1 0
mcp-memory/cmd/server/main.go:257.3,257.24 1 0
mcp-memory/cmd/server/main.go:257.24,260.4 2 0
mcp-memory/cmd/server/main.go:263.3,271.10 7 0
mcp-memory/cmd/server/main.go:271.10,274.4 2 0
mcp-memory/cmd/server/main.go:277.3,284.7 5 0
mcp-memory/cmd/server/main.go:284.7,285.11 1 0
mcp-memory/cmd/server/main.go:286.20,289.20 2 0
mcp-memory/cmd/server/main.go:290.30,291.11 1 0
mcp-memory/cmd/server/main.go:297.2,298.43 1 0
mcp-memory/cmd/server/main.go:298.43,300.4 1 0
mcp-memory/cmd/server/main.go:304.2,304.69 1 0
mcp-memory/cmd/server/main.go:304.69,307.60 1 0
mcp-memory/cmd/server/main.go:307.60,310.4 2 0
mcp-memory/cmd/server/main.go:313.3,314.17 2 0
mcp-memory/cmd/server/main.go:314.17,317.4 2 0
mcp-memory/cmd/server/main.go:320.3,334.78 8 0
mcp-memory/cmd/server/main.go:338.2,338.73 1 0
mcp-memory/cmd/server/main.go:338.73,341.3 2 0
mcp-memory/cmd/server/main.go:343.2,353.12 2 0
mcp-memory/cmd/server/main.go:353.12,360.80 7 0
mcp-memory/cmd/server/main.go:360.80,362.4 1 0
mcp-memory/cmd/server/main.go:366.2,374.37 4 0
mcp-memory/internal/analytics/memory_analytics.go:43.69,54.2 3 7
mcp-memory/internal/analytics/memory_analytics.go:57.82,62.13 4 7
mcp-memory/internal/analytics/memory_analytics.go:62.13,68.3 2 2
mcp-memory/internal/analytics/memory_analytics.go:70.2,75.12 5 7
mcp-memory/internal/analytics/memory_analytics.go:79.98,84.13 4 7
mcp-memory/internal/analytics/memory_analytics.go:84.13,90.3 2 1
mcp-memory/internal/analytics/memory_analytics.go:92.2,94.16 3 7
mcp-memory/internal/analytics/memory_analytics.go:94.16,96.3 1 5
mcp-memory/internal/analytics/memory_analytics.go:97.2,99.12 2 7
mcp-memory/internal/analytics/memory_analytics.go:103.96,110.25 3 14
mcp-memory/internal/analytics/memory_analytics.go:110.25,112.21 2 10
mcp-memory/internal/analytics/memory_analytics.go:112.21,114.4 1 7
mcp-memory/internal/analytics/memory_analytics.go:114.9,116.4 1 3
mcp-memory/internal/analytics/memory_analytics.go:117.8,120.3 1 4
mcp-memory/internal/analytics/memory_analytics.go:123.2,123.25 1 14
mcp-memory/internal/analytics/memory_analytics.go:123.25,125.21 2 10
mcp-memory/internal/analytics/memory_analytics.go:125.21,129.4 2 8
mcp-memory/internal/analytics/memory_analytics.go:129.9,131.4 1 2
mcp-memory/internal/analytics/memory_analytics.go:132.8,135.3 1 4
mcp-memory/internal/analytics/memory_analytics.go:138.2,143.31 3 14
mcp-memory/internal/analytics/memory_analytics.go:147.99,148.20 1 4
mcp-memory/internal/analytics/memory_analytics.go:149.27,151.92 1 2
mcp-memory/internal/analytics/memory_analytics.go:151.92,152.94 1 1
mcp-memory/internal/analytics/memory_analytics.go:152.94,154.5 1 1
mcp-memory/internal/analytics/memory_analytics.go:155.4,155.14 1 0
mcp-memory/internal/analytics/memory_analytics.go:158.3,158.13 1 1
mcp-memory/internal/analytics/memory_analytics.go:159.33,160.13 1 1
mcp-memory/internal/analytics/memory_analytics.go:161.35,163.79 1 1
mcp-memory/internal/analytics/memory_analytics.go:163.79,165.4 1 1
mcp-memory/internal/analytics/memory_analytics.go:166.3,166.13 1 0
mcp-memory/internal/analytics/memory_analytics.go:167.31,168.13 1 0
mcp-memory/internal/analytics/memory_analytics.go:169.43,170.13 1 0
mcp-memory/internal/analytics/memory_analytics.go:171.30,172.13 1 0
mcp-memory/internal/analytics/memory_analytics.go:173.33,174.13 1 0
mcp-memory/internal/analytics/memory_analytics.go:175.31,176.13 1 0
mcp-memory/internal/analytics/memory_analytics.go:177.35,178.13 1 0
mcp-memory/internal/analytics/memory_analytics.go:179.89,180.13 1 0
mcp-memory/internal/analytics/memory_analytics.go:181.10,182.13 1 0
mcp-memory/internal/analytics/memory_analytics.go:187.103,188.20 1 4
mcp-memory/internal/analytics/memory_analytics.go:189.27,191.93 1 2
mcp-memory/internal/analytics/memory_analytics.go:191.93,193.4 1 1
mcp-memory/internal/analytics/memory_analytics.go:194.3,194.13 1 1
mcp-memory/internal/analytics/memory_analytics.go:195.33,196.13 1 1
mcp-memory/internal/analytics/memory_analytics.go:197.35,198.13 1 1
mcp-memory/internal/analytics/memory_analytics.go:199.31,200.13 1 0
mcp-memory/internal/analytics/memory_analytics.go:201.43,202.13 1 0
mcp-memory/internal/analytics/memory_analytics.go:203.30,204.13 1 0
mcp-memory/internal/analytics/memory_analytics.go:205.33,206.13 1 0
mcp-memory/internal/analytics/memory_analytics.go:207.31,208.13 1 0
mcp-memory/internal/analytics/memory_analytics.go:209.35,210.13 1 0
mcp-memory/internal/analytics/memory_analytics.go:211.89,212.13 1 0
mcp-memory/internal/analytics/memory_analytics.go:213.10,214.13 1 0
mcp-memory/internal/analytics/memory_analytics.go:219.100,220.20 1 14
mcp-memory/internal/analytics/memory_analytics.go:221.31,222.13 1 4
mcp-memory/internal/analytics/memory_analytics.go:223.43,224.14 1 2
mcp-memory/internal/analytics/memory_analytics.go:225.30,226.14 1 2
mcp-memory/internal/analytics/memory_analytics.go:227.33,228.14 1 0
mcp-memory/internal/analytics/memory_analytics.go:229.31,230.14 1 0
mcp-memory/internal/analytics/memory_analytics.go:231.35,232.14 1 0
mcp-memory/internal/analytics/memory_analytics.go:233.89,234.13 1 1
mcp-memory/internal/analytics/memory_analytics.go:236.27,238.92 2 2
mcp-memory/internal/analytics/memory_analytics.go:238.92,241.94 2 1
mcp-memory/internal/analytics/memory_analytics.go:241.94,243.5 1 1
mcp-memory/internal/analytics/memory_analytics.go:244.9,244.100 1 1
mcp-memory/internal/analytics/memory_analytics.go:244.100,246.4 1 0
mcp-memory/internal/analytics/memory_analytics.go:247.3,247.19 1 2
mcp-memory/internal/analytics/memory_analytics.go:248.33,249.14 1 1
mcp-memory/internal/analytics/memory_analytics.go:250.35,252.79 2 1
mcp-memory/internal/analytics/memory_analytics.go:252.79,254.4 1 1
mcp-memory/internal/analytics/memory_analytics.go:255.3,255.19 1 1
mcp-memory/internal/analytics/memory_analytics.go:256.10,257.13 1 1
mcp-memory/internal/analytics/memory_analytics.go:262.116,263.26 1 14
mcp-memory/internal/analytics/memory_analytics.go:263.26,267.18 3 4
mcp-memory/internal/analytics/memory_analytics.go:267.18,269.4 1 0
mcp-memory/internal/analytics/memory_analytics.go:270.3,270.17 1 4
mcp-memory/internal/analytics/memory_analytics.go:273.2,274.22 2 10
mcp-memory/internal/analytics/memory_analytics.go:274.22,278.18 3 3
mcp-memory/internal/analytics/memory_analytics.go:278.18,280.4 1 1
mcp-memory/internal/analytics/memory_analytics.go:281.3,281.17 1 2
mcp-memory/internal/analytics/memory_analytics.go:284.2,285.16 2 7
mcp-memory/internal/analytics/memory_analytics.go:285.16,289.18 3 0
mcp-memory/internal/analytics/memory_analytics.go:289.18,291.4 1 0
mcp-memory/internal/analytics/memory_analytics.go:292.3,292.17 1 0
mcp-memory/internal/analytics/memory_analytics.go:295.2,297.17 3 7
mcp-memory/internal/analytics/memory_analytics.go:297.17,299.3 1 0
mcp-memory/internal/analytics/memory_analytics.go:300.2,300.16 1 7
mcp-memory/internal/analytics/memory_analytics.go:304.92,306.16 2 4
mcp-memory/internal/analytics/memory_analytics.go:306.16,308.3 1 1
mcp-memory/internal/analytics/memory_analytics.go:311.2,311.44 1 3
mcp-memory/internal/analytics/memory_analytics.go:311.44,313.3 1 2
mcp-memory/internal/analytics/memory_analytics.go:316.2,320.12 4 3
mcp-memory/internal/analytics/memory_analytics.go:320.12,331.28 5 1
mcp-memory/internal/analytics/memory_analytics.go:331.28,334.4 2 1
mcp-memory/internal/analytics/memory_analytics.go:336.3,336.22 1 1
mcp-memory/internal/analytics/memory_analytics.go:340.2,344.37 3 3
mcp-memory/internal/analytics/memory_analytics.go:348.99,350.16 2 1
mcp-memory/internal/analytics/memory_analytics.go:350.16,352.3 1 0
mcp-memory/internal/analytics/memory_analytics.go:354.2,354.44 1 1
mcp-memory/internal/analytics/memory_analytics.go:354.44,356.3 1 1
mcp-memory/internal/analytics/memory_analytics.go:358.2,362.37 4 1
mcp-memory/internal/analytics/memory_analytics.go:366.129,369.16 2 1
mcp-memory/internal/analytics/memory_analytics.go:369.16,371.3 1 0
mcp-memory/internal/analytics/memory_analytics.go:374.2,380.31 3 1
mcp-memory/internal/analytics/memory_analytics.go:380.31,382.100 1 5
mcp-memory/internal/analytics/memory_analytics.go:382.100,383.12 1 1
mcp-memory/internal/analytics/memory_analytics.go:386.3,387.67 2 4
mcp-memory/internal/analytics/memory_analytics.go:391.2,391.37 1 1
mcp-memory/internal/analytics/memory_analytics.go:391.37,392.40 1 3
mcp-memory/internal/analytics/memory_analytics.go:392.40,393.41 1 6
mcp-memory/internal/analytics/memory_analytics.go:393.41,395.5 1 2
mcp-memory/internal/analytics/memory_analytics.go:400.2,401.48 2 1
mcp-memory/internal/analytics/memory_analytics.go:401.48,403.3 1 3
mcp-memory/internal/analytics/memory_analytics.go:405.2,405.20 1 1
mcp-memory/internal/analytics/memory_analytics.go:409.40,410.29 1 7
mcp-memory/internal/analytics/memory_analytics.go:410.29,412.3 1 0
mcp-memory/internal/analytics/memory_analytics.go:416.36,422.35 4 6
mcp-memory/internal/analytics/memory_analytics.go:422.35,425.3 2 3
mcp-memory/internal/analytics/memory_analytics.go:426.2,429.31 2 6
mcp-memory/internal/analytics/memory_analytics.go:429.31,430.63 1 3
mcp-memory/internal/analytics/memory_analytics.go:430.63,433.4 1 1
mcp-memory/internal/analytics/memory_analytics.go:438.35,441.2 2 6
mcp-memory/internal/analytics/memory_analytics.go:444.39,445.11 1 22
mcp-memory/internal/analytics/memory_analytics.go:445.11,447.3 1 3
mcp-memory/internal/analytics/memory_analytics.go:448.2,448.10 1 19
mcp-memory/internal/bulk/alias_manager.go:129.85,130.19 1 0
mcp-memory/internal/bulk/alias_manager.go:130.19,132.3 1 0
mcp-memory/internal/bulk/alias_manager.go:134.2,138.3 1 0
mcp-memory/internal/bulk/alias_manager.go:142.87,144.48 1 0
mcp-memory/internal/bulk/alias_manager.go:144.48,146.3 1 0
mcp-memory/internal/bulk/alias_manager.go:149.2,149.65 1 0
mcp-memory/internal/bulk/alias_manager.go:149.65,151.3 1 0
mcp-memory/internal/bulk/alias_manager.go:154.2,154.20 1 0
mcp-memory/internal/bulk/alias_manager.go:154.20,156.3 1 0
mcp-memory/internal/bulk/alias_manager.go:159.2,169.52 7 0
mcp-memory/internal/bulk/alias_manager.go:169.52,171.3 1 0
mcp-memory/internal/bulk/alias_manager.go:173.2,173.20 1 0
mcp-memory/internal/bulk/alias_manager.go:177.105,180.13 3 0
mcp-memory/internal/bulk/alias_manager.go:180.13,183.3 2 0
mcp-memory/internal/bulk/alias_manager.go:186.2,193.50 6 0
mcp-memory/internal/bulk/alias_manager.go:193.50,196.3 2 0
mcp-memory/internal/bulk/alias_manager.go:199.2,199.35 1 0
mcp-memory/internal/bulk/alias_manager.go:199.35,200.92 1 0
mcp-memory/internal/bulk/alias_manager.go:200.92,203.4 2 0
mcp-memory/internal/bulk/alias_manager.go:207.2,211.54 3 0
mcp-memory/internal/bulk/alias_manager.go:211.54,213.3 1 0
mcp-memory/internal/bulk/alias_manager.go:215.2,215.22 1 0
mcp-memory/internal/bulk/alias_manager.go:219.80,222.13 3 0
mcp-memory/internal/bulk/alias_manager.go:222.13,225.3 2 0
mcp-memory/internal/bulk/alias_manager.go:227.2,231.62 3 0
mcp-memory/internal/bulk/alias_manager.go:231.62,233.3 1 0
mcp-memory/internal/bulk/alias_manager.go:235.2,235.12 1 0
mcp-memory/internal/bulk/alias_manager.go:239.66,244.13 4 0
mcp-memory/internal/bulk/alias_manager.go:244.13,246.3 1 0
mcp-memory/internal/bulk/alias_manager.go:248.2,248.19 1 0
mcp-memory/internal/bulk/alias_manager.go:252.99,255.18 2 0
mcp-memory/internal/bulk/alias_manager.go:255.18,257.3 1 0
mcp-memory/internal/bulk/alias_manager.go:258.2,258.18 1 0
mcp-memory/internal/bulk/alias_manager.go:258.18,260.3 1 0
mcp-memory/internal/bulk/alias_manager.go:263.2,267.16 3 0
mcp-memory/internal/bulk/alias_manager.go:267.16,269.3 1 0
mcp-memory/internal/bulk/alias_manager.go:271.2,280.20 3 0
mcp-memory/internal/bulk/alias_manager.go:284.114,289.33 3 0
mcp-memory/internal/bulk/alias_manager.go:289.33,291.17 2 0
mcp-memory/internal/bulk/alias_manager.go:291.17,293.12 2 0
mcp-memory/internal/bulk/alias_manager.go:295.3,295.24 1 0
mcp-memory/internal/bulk/alias_manager.go:298.2,298.21 1 0
mcp-memory/internal/bulk/alias_manager.go:302.79,307.35 4 0
mcp-memory/internal/bulk/alias_manager.go:307.35,308.39 1 0
mcp-memory/internal/bulk/alias_manager.go:308.39,310.4 1 0
mcp-memory/internal/bulk/alias_manager.go:314.2,314.42 1 0
mcp-memory/internal/bulk/alias_manager.go:314.42,315.31 1 0
mcp-memory/internal/bulk/alias_manager.go:315.31,317.4 1 0
mcp-memory/internal/bulk/alias_manager.go:318.3,318.58 1 0
mcp-memory/internal/bulk/alias_manager.go:322.2,322.53 1 0
mcp-memory/internal/bulk/alias_manager.go:322.53,324.3 1 0
mcp-memory/internal/bulk/alias_manager.go:326.2,326.21 1 0
mcp-memory/internal/bulk/alias_manager.go:341.58,342.22 1 0
mcp-memory/internal/bulk/alias_manager.go:342.22,344.3 1 0
mcp-memory/internal/bulk/alias_manager.go:346.2,346.38 1 0
mcp-memory/internal/bulk/alias_manager.go:346.38,348.3 1 0
mcp-memory/internal/bulk/alias_manager.go:350.2,350.22 1 0
mcp-memory/internal/bulk/alias_manager.go:350.22,352.3 1 0
mcp-memory/internal/bulk/alias_manager.go:354.2,354.40 1 0
mcp-memory/internal/bulk/alias_manager.go:357.60,361.2 2 0
mcp-memory/internal/bulk/alias_manager.go:363.66,364.21 1 0
mcp-memory/internal/bulk/alias_manager.go:365.24,366.32 1 0
mcp-memory/internal/bulk/alias_manager.go:366.32,368.4 1 0
mcp-memory/internal/bulk/alias_manager.go:369.23,370.54 1 0
mcp-memory/internal/bulk/alias_manager.go:370.54,372.4 1 0
mcp-memory/internal/bulk/alias_manager.go:373.24,374.27 1 0
mcp-memory/internal/bulk/alias_manager.go:374.27,376.4 1 0
mcp-memory/internal/bulk/alias_manager.go:377.28,378.63 1 0
mcp-memory/internal/bulk/alias_manager.go:378.63,380.4 1 0
mcp-memory/internal/bulk/alias_manager.go:381.10,382.60 1 0
mcp-memory/internal/bulk/alias_manager.go:384.2,384.12 1 0
mcp-memory/internal/bulk/alias_manager.go:387.61,391.2 2 0
mcp-memory/internal/bulk/alias_manager.go:393.61,397.35 3 0
mcp-memory/internal/bulk/alias_manager.go:397.35,398.25 1 0
mcp-memory/internal/bulk/alias_manager.go:398.25,400.4 1 0
mcp-memory/internal/bulk/alias_manager.go:402.2,402.12 1 0
mcp-memory/internal/bulk/alias_manager.go:405.57,409.45 3 0
mcp-memory/internal/bulk/alias_manager.go:409.45,411.3 1 0
mcp-memory/internal/bulk/alias_manager.go:412.2,412.12 1 0
mcp-memory/internal/bulk/alias_manager.go:415.81,419.36 3 0
mcp-memory/internal/bulk/alias_manager.go:419.36,420.44 1 0
mcp-memory/internal/bulk/alias_manager.go:420.44,422.4 1 0
mcp-memory/internal/bulk/alias_manager.go:424.2,424.12 1 0
mcp-memory/internal/bulk/alias_manager.go:427.53,431.50 3 0
mcp-memory/internal/bulk/alias_manager.go:431.50,435.3 3 0
mcp-memory/internal/bulk/alias_manager.go:438.115,439.21 1 0
mcp-memory/internal/bulk/alias_manager.go:440.24,441.53 1 0
mcp-memory/internal/bulk/alias_manager.go:442.23,443.51 1 0
mcp-memory/internal/bulk/alias_manager.go:444.24,445.53 1 0
mcp-memory/internal/bulk/alias_manager.go:446.28,447.61 1 0
mcp-memory/internal/bulk/alias_manager.go:448.10,449.69 1 0
mcp-memory/internal/bulk/alias_manager.go:453.119,455.30 2 0
mcp-memory/internal/bulk/alias_manager.go:455.30,457.17 2 0
mcp-memory/internal/bulk/alias_manager.go:457.17,459.12 2 0
mcp-memory/internal/bulk/alias_manager.go:461.3,461.34 1 0
mcp-memory/internal/bulk/alias_manager.go:463.2,463.20 1 0
mcp-memory/internal/bulk/alias_manager.go:466.117,479.2 2 0
mcp-memory/internal/bulk/alias_manager.go:481.115,485.2 1 0
mcp-memory/internal/bulk/alias_manager.go:487.134,489.2 1 0
mcp-memory/internal/bulk/alias_manager.go:491.67,501.35 3 0
mcp-memory/internal/bulk/alias_manager.go:501.35,505.3 3 0
mcp-memory/internal/bulk/alias_manager.go:508.2,510.33 3 0
mcp-memory/internal/bulk/alias_manager.go:510.33,511.17 1 0
mcp-memory/internal/bulk/alias_manager.go:511.17,514.4 2 0
mcp-memory/internal/bulk/alias_manager.go:517.2,517.15 1 0
mcp-memory/internal/bulk/alias_manager.go:520.81,522.54 1 0
mcp-memory/internal/bulk/alias_manager.go:522.54,524.3 1 0
mcp-memory/internal/bulk/alias_manager.go:527.2,527.81 1 0
mcp-memory/internal/bulk/alias_manager.go:527.81,529.3 1 0
mcp-memory/internal/bulk/alias_manager.go:532.2,532.26 1 0
mcp-memory/internal/bulk/alias_manager.go:532.26,534.41 2 0
mcp-memory/internal/bulk/alias_manager.go:534.41,535.49 1 0
mcp-memory/internal/bulk/alias_manager.go:535.49,536.30 1 0
mcp-memory/internal/bulk/alias_manager.go:536.30,538.11 2 0
mcp-memory/internal/bulk/alias_manager.go:541.4,541.13 1 0
mcp-memory/internal/bulk/alias_manager.go:541.13,542.10 1 0
mcp-memory/internal/bulk/alias_manager.go:545.3,545.13 1 0
mcp-memory/internal/bulk/alias_manager.go:545.13,547.4 1 0
mcp-memory/internal/bulk/alias_manager.go:551.2,551.25 1 0
mcp-memory/internal/bulk/alias_manager.go:551.25,554.65 2 0
mcp-memory/internal/bulk/alias_manager.go:554.65,556.4 1 0
mcp-memory/internal/bulk/alias_manager.go:559.2,559.13 1 0
mcp-memory/internal/bulk/alias_manager.go:562.85,563.22 1 0
mcp-memory/internal/bulk/alias_manager.go:563.22,565.3 1 0
mcp-memory/internal/bulk/alias_manager.go:566.2,567.39 1 0
mcp-memory/internal/bulk/alias_manager.go:572.72,576.2 1 0
mcp-memory/internal/bulk/alias_manager.go:578.81,581.2 1 0
mcp-memory/internal/bulk/bulk_exporter.go:125.77,126.19 1 0
mcp-memory/internal/bulk/bulk_exporter.go:126.19,128.3 1 0
mcp-memory/internal/bulk/bulk_exporter.go:130.2,133.3 1 0
mcp-memory/internal/bulk/bulk_exporter.go:137.96,140.16 2 0
mcp-memory/internal/bulk/bulk_exporter.go:140.16,142.3 1 0
mcp-memory/internal/bulk/bulk_exporter.go:145.2,157.24 6 0
mcp-memory/internal/bulk/bulk_exporter.go:158.24,159.56 1 0
mcp-memory/internal/bulk/bulk_exporter.go:160.28,161.55 1 0
mcp-memory/internal/bulk/bulk_exporter.go:162.23,163.55 1 0
mcp-memory/internal/bulk/bulk_exporter.go:164.27,165.69 1 0
mcp-memory/internal/bulk/bulk_exporter.go:166.10,167.74 1 0
mcp-memory/internal/bulk/bulk_exporter.go:170.2,170.16 1 0
mcp-memory/internal/bulk/bulk_exporter.go:170.16,172.3 1 0
mcp-memory/internal/bulk/bulk_exporter.go:175.2,175.44 1 0
mcp-memory/internal/bulk/bulk_exporter.go:175.44,177.17 2 0
mcp-memory/internal/bulk/bulk_exporter.go:177.17,179.4 1 0
mcp-memory/internal/bulk/bulk_exporter.go:182.2,192.20 2 0
mcp-memory/internal/bulk/bulk_exporter.go:196.111,200.30 2 0
mcp-memory/internal/bulk/bulk_exporter.go:200.30,202.17 2 0
mcp-memory/internal/bulk/bulk_exporter.go:202.17,204.4 1 0
mcp-memory/internal/bulk/bulk_exporter.go:205.3,205.41 1 0
mcp-memory/internal/bulk/bulk_exporter.go:206.8,209.17 2 0
mcp-memory/internal/bulk/bulk_exporter.go:209.17,211.4 1 0
mcp-memory/internal/bulk/bulk_exporter.go:212.3,212.21 1 0
mcp-memory/internal/bulk/bulk_exporter.go:216.2,217.31 2 0
mcp-memory/internal/bulk/bulk_exporter.go:217.31,218.39 1 0
mcp-memory/internal/bulk/bulk_exporter.go:218.39,220.4 1 0
mcp-memory/internal/bulk/bulk_exporter.go:223.2,223.28 1 0
mcp-memory/internal/bulk/bulk_exporter.go:227.93,229.32 1 0
mcp-memory/internal/bulk/bulk_exporter.go:229.32,231.47 2 0
mcp-memory/internal/bulk/bulk_exporter.go:231.47,232.36 1 0
mcp-memory/internal/bulk/bulk_exporter.go:232.36,234.10 2 0
mcp-memory/internal/bulk/bulk_exporter.go:237.3,237.13 1 0
mcp-memory/internal/bulk/bulk_exporter.go:237.13,239.4 1 0
mcp-memory/internal/bulk/bulk_exporter.go:243.2,243.32 1 0
mcp-memory/internal/bulk/bulk_exporter.go:243.32,245.47 2 0
mcp-memory/internal/bulk/bulk_exporter.go:245.47,246.31 1 0
mcp-memory/internal/bulk/bulk_exporter.go:246.31,248.10 2 0
mcp-memory/internal/bulk/bulk_exporter.go:251.3,251.13 1 0
mcp-memory/internal/bulk/bulk_exporter.go:251.13,253.4 1 0
mcp-memory/internal/bulk/bulk_exporter.go:257.2,257.29 1 0
mcp-memory/internal/bulk/bulk_exporter.go:257.29,258.87 1 0
mcp-memory/internal/bulk/bulk_exporter.go:258.87,260.4 1 0
mcp-memory/internal/bulk/bulk_exporter.go:261.3,261.82 1 0
mcp-memory/internal/bulk/bulk_exporter.go:261.82,263.4 1 0
mcp-memory/internal/bulk/bulk_exporter.go:267.2,267.26 1 0
mcp-memory/internal/bulk/bulk_exporter.go:267.26,268.41 1 0
mcp-memory/internal/bulk/bulk_exporter.go:268.41,270.49 2 0
mcp-memory/internal/bulk/bulk_exporter.go:270.49,271.30 1 0
mcp-memory/internal/bulk/bulk_exporter.go:271.30,273.11 2 0
mcp-memory/internal/bulk/bulk_exporter.go:276.4,276.14 1 0
mcp-memory/internal/bulk/bulk_exporter.go:276.14,278.5 1 0
mcp-memory/internal/bulk/bulk_exporter.go:283.2,283.30 1 0
mcp-memory/internal/bulk/bulk_exporter.go:283.30,285.43 2 0
mcp-memory/internal/bulk/bulk_exporter.go:285.43,286.41 1 0
mcp-memory/internal/bulk/bulk_exporter.go:286.41,288.10 2 0
mcp-memory/internal/bulk/bulk_exporter.go:291.3,291.13 1 0
mcp-memory/internal/bulk/bulk_exporter.go:291.13,293.4 1 0
mcp-memory/internal/bulk/bulk_exporter.go:297.2,297.34 1 0
mcp-memory/internal/bulk/bulk_exporter.go:297.34,299.50 2 0
mcp-memory/internal/bulk/bulk_exporter.go:299.50,300.47 1 0
mcp-memory/internal/bulk/bulk_exporter.go:300.47,302.10 2 0
mcp-memory/internal/bulk/bulk_exporter.go:305.3,305.13 1 0
mcp-memory/internal/bulk/bulk_exporter.go:305.13,307.4 1 0
mcp-memory/internal/bulk/bulk_exporter.go:311.2,311.33 1 0
mcp-memory/internal/bulk/bulk_exporter.go:311.33,312.87 1 0
mcp-memory/internal/bulk/bulk_exporter.go:312.87,314.4 1 0
mcp-memory/internal/bulk/bulk_exporter.go:317.2,317.13 1 0
mcp-memory/internal/bulk/bulk_exporter.go:321.90,322.25 1 0
mcp-memory/internal/bulk/bulk_exporter.go:322.25,324.3 1 0
mcp-memory/internal/bulk/bulk_exporter.go:325.2,325.25 1 0
mcp-memory/internal/bulk/bulk_exporter.go:325.25,327.3 1 0
mcp-memory/internal/bulk/bulk_exporter.go:329.2,329.41 1 0
mcp-memory/internal/bulk/bulk_exporter.go:329.41,332.24 2 0
mcp-memory/internal/bulk/bulk_exporter.go:333.20,334.58 1 0
mcp-memory/internal/bulk/bulk_exporter.go:335.15,336.58 1 0
mcp-memory/internal/bulk/bulk_exporter.go:337.21,338.72 1 0
mcp-memory/internal/bulk/bulk_exporter.go:339.21,340.52 1 0
mcp-memory/internal/bulk/bulk_exporter.go:341.11,342.58 1 0
mcp-memory/internal/bulk/bulk_exporter.go:345.3,345.30 1 0
mcp-memory/internal/bulk/bulk_exporter.go:345.30,347.4 1 0
mcp-memory/internal/bulk/bulk_exporter.go:348.3,348.14 1 0
mcp-memory/internal/bulk/bulk_exporter.go:353.126,354.53 1 0
mcp-memory/internal/bulk/bulk_exporter.go:354.53,356.3 1 0
mcp-memory/internal/bulk/bulk_exporter.go:358.2,359.15 2 0
mcp-memory/internal/bulk/bulk_exporter.go:359.15,361.3 1 0
mcp-memory/internal/bulk/bulk_exporter.go:362.2,362.26 1 0
mcp-memory/internal/bulk/bulk_exporter.go:362.26,364.3 1 0
mcp-memory/internal/bulk/bulk_exporter.go:366.2,367.26 2 0
mcp-memory/internal/bulk/bulk_exporter.go:367.26,369.24 2 0
mcp-memory/internal/bulk/bulk_exporter.go:369.24,371.4 1 0
mcp-memory/internal/bulk/bulk_exporter.go:374.2,374.26 1 0
mcp-memory/internal/bulk/bulk_exporter.go:378.113,385.25 4 0
mcp-memory/internal/bulk/bulk_exporter.go:385.25,387.3 1 0
mcp-memory/internal/bulk/bulk_exporter.go:387.8,389.3 1 0
mcp-memory/internal/bulk/bulk_exporter.go:391.2,391.16 1 0
mcp-memory/internal/bulk/bulk_exporter.go:391.16,393.3 1 0
mcp-memory/internal/bulk/bulk_exporter.go:395.2,395.44 1 0
mcp-memory/internal/bulk/bulk_exporter.go:399.110,409.31 6 0
mcp-memory/internal/bulk/bulk_exporter.go:409.31,411.3 1 0
mcp-memory/internal/bulk/bulk_exporter.go:414.2,414.54 1 0
mcp-memory/internal/bulk/bulk_exporter.go:414.54,417.39 2 0
mcp-memory/internal/bulk/bulk_exporter.go:417.39,421.27 2 0
mcp-memory/internal/bulk/bulk_exporter.go:421.27,423.5 1 0
mcp-memory/internal/bulk/bulk_exporter.go:425.4,428.31 3 0
mcp-memory/internal/bulk/bulk_exporter.go:428.31,433.37 5 0
mcp-memory/internal/bulk/bulk_exporter.go:433.37,435.6 1 0
mcp-memory/internal/bulk/bulk_exporter.go:436.5,436.30 1 0
mcp-memory/internal/bulk/bulk_exporter.go:439.4,439.34 1 0
mcp-memory/internal/bulk/bulk_exporter.go:443.2,444.31 2 0
mcp-memory/internal/bulk/bulk_exporter.go:448.112,458.29 4 0
mcp-memory/internal/bulk/bulk_exporter.go:458.29,460.3 1 0
mcp-memory/internal/bulk/bulk_exporter.go:462.2,462.45 1 0
mcp-memory/internal/bulk/bulk_exporter.go:462.45,464.3 1 0
mcp-memory/internal/bulk/bulk_exporter.go:467.2,467.31 1 0
mcp-memory/internal/bulk/bulk_exporter.go:467.31,481.30 2 0
mcp-memory/internal/bulk/bulk_exporter.go:481.30,487.4 1 0
mcp-memory/internal/bulk/bulk_exporter.go:489.3,489.46 1 0
mcp-memory/internal/bulk/bulk_exporter.go:489.46,491.4 1 0
mcp-memory/internal/bulk/bulk_exporter.go:494.2,495.39 2 0
mcp-memory/internal/bulk/bulk_exporter.go:495.39,497.3 1 0
mcp-memory/internal/bulk/bulk_exporter.go:499.2,500.36 2 0
mcp-memory/internal/bulk/bulk_exporter.go:504.137,509.15 3 0
mcp-memory/internal/bulk/bulk_exporter.go:509.15,509.40 1 0
mcp-memory/internal/bulk/bulk_exporter.go:512.2,513.16 2 0
mcp-memory/internal/bulk/bulk_exporter.go:513.16,515.3 1 0
mcp-memory/internal/bulk/bulk_exporter.go:517.2,517.83 1 0
mcp-memory/internal/bulk/bulk_exporter.go:517.83,519.3 1 0
mcp-memory/internal/bulk/bulk_exporter.go:522.2,523.16 2 0
mcp-memory/internal/bulk/bulk_exporter.go:523.16,525.3 1 0
mcp-memory/internal/bulk/bulk_exporter.go:527.2,527.79 1 0
mcp-memory/internal/bulk/bulk_exporter.go:527.79,529.3 1 0
mcp-memory/internal/bulk/bulk_exporter.go:532.2,534.87 2 0
mcp-memory/internal/bulk/bulk_exporter.go:534.87,536.3 1 0
mcp-memory/internal/bulk/bulk_exporter.go:539.2,539.42 1 0
mcp-memory/internal/bulk/bulk_exporter.go:539.42,541.3 1 0
mcp-memory/internal/bulk/bulk_exporter.go:544.2,545.42 2 0
mcp-memory/internal/bulk/bulk_exporter.go:549.94,557.54 2 0
mcp-memory/internal/bulk/bulk_exporter.go:557.54,559.3 1 0
mcp-memory/internal/bulk/bulk_exporter.go:561.2,562.12 2 0
mcp-memory/internal/bulk/bulk_exporter.go:566.100,567.21 1 0
mcp-memory/internal/bulk/bulk_exporter.go:568.23,569.32 1 0
mcp-memory/internal/bulk/bulk_exporter.go:570.22,571.31 1 0
mcp-memory/internal/bulk/bulk_exporter.go:572.23,573.37 1 0
mcp-memory/internal/bulk/bulk_exporter.go:574.10,575.37 1 0
mcp-memory/internal/bulk/bulk_exporter.go:580.71,584.58 3 0
mcp-memory/internal/bulk/bulk_exporter.go:584.58,586.3 1 0
mcp-memory/internal/bulk/bulk_exporter.go:588.2,588.43 1 0
mcp-memory/internal/bulk/bulk_exporter.go:588.43,590.3 1 0
mcp-memory/internal/bulk/bulk_exporter.go:592.2,593.48 2 0
mcp-memory/internal/bulk/bulk_exporter.go:597.70,602.16 4 0
mcp-memory/internal/bulk/bulk_exporter.go:602.16,604.3 1 0
mcp-memory/internal/bulk/bulk_exporter.go:606.2,606.54 1 0
mcp-memory/internal/bulk/bulk_exporter.go:606.54,608.3 1 0
mcp-memory/internal/bulk/bulk_exporter.go:610.2,610.42 1 0
mcp-memory/internal/bulk/bulk_exporter.go:610.42,612.3 1 0
mcp-memory/internal/bulk/bulk_exporter.go:614.2,615.48 2 0
mcp-memory/internal/bulk/bulk_exporter.go:619.127,622.31 2 0
mcp-memory/internal/bulk/bulk_exporter.go:622.31,632.30 2 0
mcp-memory/internal/bulk/bulk_exporter.go:632.30,634.4 1 0
mcp-memory/internal/bulk/bulk_exporter.go:636.3,636.58 1 0
mcp-memory/internal/bulk/bulk_exporter.go:636.58,638.4 1 0
mcp-memory/internal/bulk/bulk_exporter.go:640.3,640.63 1 0
mcp-memory/internal/bulk/bulk_exporter.go:640.63,642.4 1 0
mcp-memory/internal/bulk/bulk_exporter.go:644.3,644.32 1 0
mcp-memory/internal/bulk/bulk_exporter.go:647.2,647.21 1 0
mcp-memory/internal/bulk/bulk_exporter.go:651.84,664.31 4 0
mcp-memory/internal/bulk/bulk_exporter.go:664.31,669.13 2 0
mcp-memory/internal/bulk/bulk_exporter.go:669.13,672.4 2 0
mcp-memory/internal/bulk/bulk_exporter.go:672.9,673.40 1 0
mcp-memory/internal/bulk/bulk_exporter.go:673.40,675.5 1 0
mcp-memory/internal/bulk/bulk_exporter.go:676.4,676.37 1 0
mcp-memory/internal/bulk/bulk_exporter.go:676.37,678.5 1 0
mcp-memory/internal/bulk/bulk_exporter.go:682.3,685.43 2 0
mcp-memory/internal/bulk/bulk_exporter.go:685.43,687.4 1 0
mcp-memory/internal/bulk/bulk_exporter.go:690.3,690.67 1 0
mcp-memory/internal/bulk/bulk_exporter.go:690.67,692.4 1 0
mcp-memory/internal/bulk/bulk_exporter.go:695.2,697.21 2 0
mcp-memory/internal/bulk/bulk_exporter.go:697.21,702.3 1 0
mcp-memory/internal/bulk/bulk_exporter.go:704.2,704.17 1 0
mcp-memory/internal/bulk/bulk_importer.go:111.48,112.19 1 0
mcp-memory/internal/bulk/bulk_importer.go:112.19,114.3 1 0
mcp-memory/internal/bulk/bulk_importer.go:116.2,118.3 1 0
mcp-memory/internal/bulk/bulk_importer.go:122.109,128.34 2 0
mcp-memory/internal/bulk/bulk_importer.go:128.34,130.3 1 0
mcp-memory/internal/bulk/bulk_importer.go:133.2,133.24 1 0
mcp-memory/internal/bulk/bulk_importer.go:134.18,135.52 1 0
mcp-memory/internal/bulk/bulk_importer.go:136.22,137.56 1 0
mcp-memory/internal/bulk/bulk_importer.go:138.17,139.51 1 0
mcp-memory/internal/bulk/bulk_importer.go:140.21,141.55 1 0
mcp-memory/internal/bulk/bulk_importer.go:142.18,145.40 2 0
mcp-memory/internal/bulk/bulk_importer.go:146.10,147.67 1 0
mcp-memory/internal/bulk/bulk_importer.go:152.61,156.66 2 0
mcp-memory/internal/bulk/bulk_importer.go:156.66,158.3 1 0
mcp-memory/internal/bulk/bulk_importer.go:161.2,162.73 2 0
mcp-memory/internal/bulk/bulk_importer.go:162.73,164.3 1 0
mcp-memory/internal/bulk/bulk_importer.go:167.2,167.24 1 0
mcp-memory/internal/bulk/bulk_importer.go:167.24,169.3 1 0
mcp-memory/internal/bulk/bulk_importer.go:172.2,172.23 1 0
mcp-memory/internal/bulk/bulk_importer.go:176.133,179.62 2 0
mcp-memory/internal/bulk/bulk_importer.go:179.62,181.3 1 0
mcp-memory/internal/bulk/bulk_importer.go:184.2,185.61 2 0
mcp-memory/internal/bulk/bulk_importer.go:185.61,188.3 2 0
mcp-memory/internal/bulk/bulk_importer.go:191.2,192.72 2 0
mcp-memory/internal/bulk/bulk_importer.go:192.72,194.3 1 0
mcp-memory/internal/bulk/bulk_importer.go:197.2,198.16 2 0
mcp-memory/internal/bulk/bulk_importer.go:198.16,200.3 1 0
mcp-memory/internal/bulk/bulk_importer.go:202.2,202.51 1 0
mcp-memory/internal/bulk/bulk_importer.go:206.137,208.16 2 0
mcp-memory/internal/bulk/bulk_importer.go:208.16,210.3 1 0
mcp-memory/internal/bulk/bulk_importer.go:212.2,212.51 1 0
mcp-memory/internal/bulk/bulk_importer.go:216.132,219.16 3 0
mcp-memory/internal/bulk/bulk_importer.go:219.16,221.3 1 0
mcp-memory/internal/bulk/bulk_importer.go:223.2,223.23 1 0
mcp-memory/internal/bulk/bulk_importer.go:223.23,225.3 1 0
mcp-memory/internal/bulk/bulk_importer.go:228.2,231.37 3 0
mcp-memory/internal/bulk/bulk_importer.go:231.37,233.17 2 0
mcp-memory/internal/bulk/bulk_importer.go:233.17,240.12 3 0
mcp-memory/internal/bulk/bulk_importer.go:243.3,243.34 1 0
mcp-memory/internal/bulk/bulk_importer.go:246.2,247.51 2 0
mcp-memory/internal/bulk/bulk_importer.go:251.138,254.16 2 0
mcp-memory/internal/bulk/bulk_importer.go:254.16,256.3 1 0
mcp-memory/internal/bulk/bulk_importer.go:259.2,262.36 2 0
mcp-memory/internal/bulk/bulk_importer.go:262.36,264.3 1 0
mcp-memory/internal/bulk/bulk_importer.go:264.8,264.42 1 0
mcp-memory/internal/bulk/bulk_importer.go:264.42,266.3 1 0
mcp-memory/internal/bulk/bulk_importer.go:268.2,268.90 1 0
mcp-memory/internal/bulk/bulk_importer.go:272.107,275.34 2 0
mcp-memory/internal/bulk/bulk_importer.go:276.25,277.45 1 0
mcp-memory/internal/bulk/bulk_importer.go:278.25,279.45 1 0
mcp-memory/internal/bulk/bulk_importer.go:280.33,281.53 1 0
mcp-memory/internal/bulk/bulk_importer.go:282.20,283.46 1 0
mcp-memory/internal/bulk/bulk_importer.go:284.10,285.46 1 0
mcp-memory/internal/bulk/bulk_importer.go:290.110,294.34 3 0
mcp-memory/internal/bulk/bulk_importer.go:294.34,296.17 2 0
mcp-memory/internal/bulk/bulk_importer.go:296.17,297.12 1 0
mcp-memory/internal/bulk/bulk_importer.go:300.3,301.17 2 0
mcp-memory/internal/bulk/bulk_importer.go:301.17,303.4 1 0
mcp-memory/internal/bulk/bulk_importer.go:304.3,304.34 1 0
mcp-memory/internal/bulk/bulk_importer.go:307.2,307.20 1 0
mcp-memory/internal/bulk/bulk_importer.go:311.110,315.47 3 0
mcp-memory/internal/bulk/bulk_importer.go:315.47,317.22 2 0
mcp-memory/internal/bulk/bulk_importer.go:317.22,319.4 1 0
mcp-memory/internal/bulk/bulk_importer.go:321.3,323.17 3 0
mcp-memory/internal/bulk/bulk_importer.go:323.17,325.4 1 0
mcp-memory/internal/bulk/bulk_importer.go:326.3,326.34 1 0
mcp-memory/internal/bulk/bulk_importer.go:329.2,329.20 1 0
mcp-memory/internal/bulk/bulk_importer.go:333.118,338.23 3 0
mcp-memory/internal/bulk/bulk_importer.go:338.23,341.17 2 0
mcp-memory/internal/bulk/bulk_importer.go:341.17,343.4 1 0
mcp-memory/internal/bulk/bulk_importer.go:344.3,344.48 1 0
mcp-memory/internal/bulk/bulk_importer.go:347.2,348.32 2 0
mcp-memory/internal/bulk/bulk_importer.go:348.32,349.22 1 0
mcp-memory/internal/bulk/bulk_importer.go:349.22,357.58 4 0
mcp-memory/internal/bulk/bulk_importer.go:357.58,359.5 1 0
mcp-memory/internal/bulk/bulk_importer.go:361.4,362.18 2 0
mcp-memory/internal/bulk/bulk_importer.go:362.18,364.5 1 0
mcp-memory/internal/bulk/bulk_importer.go:365.4,365.35 1 0
mcp-memory/internal/bulk/bulk_importer.go:369.2,369.20 1 0
mcp-memory/internal/bulk/bulk_importer.go:373.111,376.35 2 0
mcp-memory/internal/bulk/bulk_importer.go:376.35,378.3 1 0
mcp-memory/internal/bulk/bulk_importer.go:381.2,382.25 2 0
mcp-memory/internal/bulk/bulk_importer.go:382.25,384.3 1 0
mcp-memory/internal/bulk/bulk_importer.go:387.2,387.44 1 0
mcp-memory/internal/bulk/bulk_importer.go:391.141,392.32 1 0
mcp-memory/internal/bulk/bulk_importer.go:392.32,394.3 1 0
mcp-memory/internal/bulk/bulk_importer.go:397.2,398.31 2 0
mcp-memory/internal/bulk/bulk_importer.go:398.31,399.22 1 0
mcp-memory/internal/bulk/bulk_importer.go:399.22,401.4 1 0
mcp-memory/internal/bulk/bulk_importer.go:405.2,406.19 2 0
mcp-memory/internal/bulk/bulk_importer.go:406.19,408.3 1 0
mcp-memory/internal/bulk/bulk_importer.go:410.2,411.21 2 0
mcp-memory/internal/bulk/bulk_importer.go:411.21,413.22 2 0
mcp-memory/internal/bulk/bulk_importer.go:413.22,415.4 1 0
mcp-memory/internal/bulk/bulk_importer.go:419.2,420.24 2 0
mcp-memory/internal/bulk/bulk_importer.go:420.24,422.3 1 0
mcp-memory/internal/bulk/bulk_importer.go:423.2,427.59 3 0
mcp-memory/internal/bulk/bulk_importer.go:427.59,428.72 1 0
mcp-memory/internal/bulk/bulk_importer.go:428.72,430.4 1 0
mcp-memory/internal/bulk/bulk_importer.go:434.2,442.56 2 0
mcp-memory/internal/bulk/bulk_importer.go:442.56,444.3 1 0
mcp-memory/internal/bulk/bulk_importer.go:445.2,445.47 1 0
mcp-memory/internal/bulk/bulk_importer.go:445.47,447.3 1 0
mcp-memory/internal/bulk/bulk_importer.go:448.2,448.56 1 0
mcp-memory/internal/bulk/bulk_importer.go:448.56,450.3 1 0
mcp-memory/internal/bulk/bulk_importer.go:451.2,451.38 1 0
mcp-memory/internal/bulk/bulk_importer.go:451.38,453.3 1 0
mcp-memory/internal/bulk/bulk_importer.go:456.2,466.19 2 0
mcp-memory/internal/bulk/bulk_importer.go:470.123,472.2 1 0
mcp-memory/internal/bulk/bulk_importer.go:475.158,477.21 2 0
mcp-memory/internal/bulk/bulk_importer.go:477.21,479.3 1 0
mcp-memory/internal/bulk/bulk_importer.go:481.2,489.41 2 0
mcp-memory/internal/bulk/bulk_importer.go:489.41,491.3 1 0
mcp-memory/internal/bulk/bulk_importer.go:493.2,503.19 2 0
mcp-memory/internal/bulk/bulk_importer.go:507.133,509.58 1 0
mcp-memory/internal/bulk/bulk_importer.go:509.58,511.3 1 0
mcp-memory/internal/bulk/bulk_importer.go:514.2,514.49 1 0
mcp-memory/internal/bulk/bulk_importer.go:514.49,516.3 1 0
mcp-memory/internal/bulk/bulk_importer.go:518.2,518.65 1 0
mcp-memory/internal/bulk/bulk_importer.go:522.126,525.31 2 0
mcp-memory/internal/bulk/bulk_importer.go:525.31,527.10 2 0
mcp-memory/internal/bulk/bulk_importer.go:527.10,528.12 1 0
mcp-memory/internal/bulk/bulk_importer.go:531.3,532.17 2 0
mcp-memory/internal/bulk/bulk_importer.go:532.17,534.4 1 0
mcp-memory/internal/bulk/bulk_importer.go:535.3,535.34 1 0
mcp-memory/internal/bulk/bulk_importer.go:538.2,538.20 1 0
mcp-memory/internal/bulk/bulk_importer.go:542.123,544.16 2 0
mcp-memory/internal/bulk/bulk_importer.go:544.16,546.3 1 0
mcp-memory/internal/bulk/bulk_importer.go:547.2,547.47 1 0
mcp-memory/internal/bulk/bulk_importer.go:551.144,553.9 2 0
mcp-memory/internal/bulk/bulk_importer.go:553.9,555.3 1 0
mcp-memory/internal/bulk/bulk_importer.go:557.2,561.31 3 0
mcp-memory/internal/bulk/bulk_importer.go:562.23,563.37 1 0
mcp-memory/internal/bulk/bulk_importer.go:564.35,565.38 1 0
mcp-memory/internal/bulk/bulk_importer.go:566.16,567.40 1 0
mcp-memory/internal/bulk/bulk_importer.go:570.2,570.76 1 0
mcp-memory/internal/bulk/bulk_importer.go:574.138,577.31 2 0
mcp-memory/internal/bulk/bulk_importer.go:577.31,579.29 1 0
mcp-memory/internal/bulk/bulk_importer.go:579.29,580.43 1 0
mcp-memory/internal/bulk/bulk_importer.go:580.43,586.13 3 0
mcp-memory/internal/bulk/bulk_importer.go:591.3,591.76 1 0
mcp-memory/internal/bulk/bulk_importer.go:591.76,597.12 3 0
mcp-memory/internal/bulk/bulk_importer.go:600.3,602.26 3 0
mcp-memory/internal/bulk/bulk_importer.go:606.2,608.20 2 0
mcp-memory/internal/bulk/bulk_importer.go:612.88,617.16 1 0
mcp-memory/internal/bulk/bulk_importer.go:618.26,618.26 0 0
mcp-memory/internal/bulk/bulk_importer.go:620.31,620.31 0 0
mcp-memory/internal/bulk/bulk_importer.go:622.27,622.27 0 0
mcp-memory/internal/bulk/bulk_importer.go:624.26,626.30 1 0
mcp-memory/internal/bulk/bulk_importer.go:626.30,628.4 1 0
mcp-memory/internal/bulk/bulk_importer.go:630.10,631.59 1 0
mcp-memory/internal/bulk/bulk_importer.go:634.2,634.12 1 0
mcp-memory/internal/bulk/bulk_importer.go:638.61,641.24 2 0
mcp-memory/internal/bulk/bulk_importer.go:641.24,643.3 1 0
mcp-memory/internal/bulk/bulk_importer.go:644.2,644.47 1 0
mcp-memory/internal/bulk/bulk_importer.go:648.54,650.2 1 0
mcp-memory/internal/bulk/bulk_importer.go:653.53,655.2 1 0
mcp-memory/internal/bulk/bulk_importer.go:658.149,660.16 2 0
mcp-memory/internal/bulk/bulk_importer.go:660.16,662.3 1 0
mcp-memory/internal/bulk/bulk_importer.go:663.2,663.15 1 0
mcp-memory/internal/bulk/bulk_importer.go:663.15,664.54 1 0
mcp-memory/internal/bulk/bulk_importer.go:664.54,666.4 1 0
mcp-memory/internal/bulk/bulk_importer.go:669.2,673.6 3 0
mcp-memory/internal/bulk/bulk_importer.go:673.6,675.29 2 0
mcp-memory/internal/bulk/bulk_importer.go:675.29,676.9 1 0
mcp-memory/internal/bulk/bulk_importer.go:678.3,678.17 1 0
mcp-memory/internal/bulk/bulk_importer.go:678.17,680.4 1 0
mcp-memory/internal/bulk/bulk_importer.go:683.3,683.37 1 0
mcp-memory/internal/bulk/bulk_importer.go:683.37,684.12 1 0
mcp-memory/internal/bulk/bulk_importer.go:688.3,689.17 2 0
mcp-memory/internal/bulk/bulk_importer.go:689.17,695.12 3 0
mcp-memory/internal/bulk/bulk_importer.go:699.3,700.17 2 0
mcp-memory/internal/bulk/bulk_importer.go:700.17,706.12 3 0
mcp-memory/internal/bulk/bulk_importer.go:709.3,709.43 1 0
mcp-memory/internal/bulk/bulk_importer.go:712.2,713.54 2 0
mcp-memory/internal/bulk/bulk_importer.go:717.142,720.16 3 0
mcp-memory/internal/bulk/bulk_importer.go:720.16,722.3 1 0
mcp-memory/internal/bulk/bulk_importer.go:724.2,726.38 2 0
mcp-memory/internal/bulk/bulk_importer.go:726.38,728.30 1 0
mcp-memory/internal/bulk/bulk_importer.go:728.30,729.12 1 0
mcp-memory/internal/bulk/bulk_importer.go:733.3,734.17 2 0
mcp-memory/internal/bulk/bulk_importer.go:734.17,740.12 3 0
mcp-memory/internal/bulk/bulk_importer.go:744.3,745.54 2 0
mcp-memory/internal/bulk/bulk_importer.go:745.54,747.4 1 0
mcp-memory/internal/bulk/bulk_importer.go:748.3,748.17 1 0
mcp-memory/internal/bulk/bulk_importer.go:748.17,754.12 3 0
mcp-memory/internal/bulk/bulk_importer.go:758.3,759.17 2 0
mcp-memory/internal/bulk/bulk_importer.go:759.17,765.12 3 0
mcp-memory/internal/bulk/bulk_importer.go:768.3,768.43 1 0
mcp-memory/internal/bulk/bulk_importer.go:771.2,772.54 2 0
mcp-memory/internal/bulk/bulk_importer.go:776.125,780.13 2 0
mcp-memory/internal/bulk/bulk_importer.go:781.15,782.58 1 0
mcp-memory/internal/bulk/bulk_importer.go:783.26,784.62 1 0
mcp-memory/internal/bulk/bulk_importer.go:785.14,786.57 1 0
mcp-memory/internal/bulk/bulk_importer.go:787.14,789.62 1 0
mcp-memory/internal/bulk/bulk_importer.go:790.10,792.42 1 0
mcp-memory/internal/bulk/bulk_importer.go:797.124,800.65 2 0
mcp-memory/internal/bulk/bulk_importer.go:800.65,802.3 1 0
mcp-memory/internal/bulk/bulk_importer.go:805.2,806.64 2 0
mcp-memory/internal/bulk/bulk_importer.go:806.64,808.3 1 0
mcp-memory/internal/bulk/bulk_importer.go:810.2,810.71 1 0
mcp-memory/internal/bulk/bulk_importer.go:814.134,829.2 2 0
mcp-memory/internal/bulk/bulk_importer.go:832.129,835.16 3 0
mcp-memory/internal/bulk/bulk_importer.go:835.16,837.3 1 0
mcp-memory/internal/bulk/bulk_importer.go:839.2,839.23 1 0
mcp-memory/internal/bulk/bulk_importer.go:839.23,841.3 1 0
mcp-memory/internal/bulk/bulk_importer.go:844.2,847.37 3 0
mcp-memory/internal/bulk/bulk_importer.go:847.37,849.17 2 0
mcp-memory/internal/bulk/bulk_importer.go:849.17,851.12 1 0
mcp-memory/internal/bulk/bulk_importer.go:853.3,853.34 1 0
mcp-memory/internal/bulk/bulk_importer.go:856.2,856.20 1 0
mcp-memory/internal/bulk/bulk_importer.go:860.73,863.2 1 0
mcp-memory/internal/bulk/bulk_importer.go:866.46,868.18 1 0
mcp-memory/internal/bulk/bulk_importer.go:868.18,870.3 1 0
mcp-memory/internal/bulk/bulk_importer.go:872.2,873.51 2 0
mcp-memory/internal/bulk/bulk_manager.go:129.75,130.19 1 4
mcp-memory/internal/bulk/bulk_manager.go:130.19,132.3 1 4
mcp-memory/internal/bulk/bulk_manager.go:134.2,138.3 1 4
mcp-memory/internal/bulk/bulk_manager.go:142.88,144.32 1 2
mcp-memory/internal/bulk/bulk_manager.go:144.32,146.3 1 0
mcp-memory/internal/bulk/bulk_manager.go:147.2,147.37 1 2
mcp-memory/internal/bulk/bulk_manager.go:147.37,149.3 1 0
mcp-memory/internal/bulk/bulk_manager.go:152.2,152.18 1 2
mcp-memory/internal/bulk/bulk_manager.go:152.18,154.3 1 2
mcp-memory/internal/bulk/bulk_manager.go:156.2,173.12 6 2
mcp-memory/internal/bulk/bulk_manager.go:173.12,174.57 1 2
mcp-memory/internal/bulk/bulk_manager.go:174.57,176.4 1 0
mcp-memory/internal/bulk/bulk_manager.go:179.2,179.29 1 2
mcp-memory/internal/bulk/bulk_manager.go:183.70,186.13 3 1
mcp-memory/internal/bulk/bulk_manager.go:186.13,189.3 2 0
mcp-memory/internal/bulk/bulk_manager.go:192.2,195.22 3 1
mcp-memory/internal/bulk/bulk_manager.go:199.61,204.13 4 0
mcp-memory/internal/bulk/bulk_manager.go:204.13,206.3 1 0
mcp-memory/internal/bulk/bulk_manager.go:209.2,210.12 2 0
mcp-memory/internal/bulk/bulk_manager.go:214.91,219.35 4 1
mcp-memory/internal/bulk/bulk_manager.go:219.35,221.3 1 0
mcp-memory/internal/bulk/bulk_manager.go:222.2,223.34 2 1
mcp-memory/internal/bulk/bulk_manager.go:223.34,226.50 2 0
mcp-memory/internal/bulk/bulk_manager.go:226.50,227.12 1 0
mcp-memory/internal/bulk/bulk_manager.go:230.3,232.41 2 0
mcp-memory/internal/bulk/bulk_manager.go:232.41,233.9 1 0
mcp-memory/internal/bulk/bulk_manager.go:237.2,237.21 1 1
mcp-memory/internal/bulk/bulk_manager.go:241.83,244.13 3 2
mcp-memory/internal/bulk/bulk_manager.go:244.13,247.3 2 0
mcp-memory/internal/bulk/bulk_manager.go:248.2,252.15 4 2
mcp-memory/internal/bulk/bulk_manager.go:252.15,255.54 3 2
mcp-memory/internal/bulk/bulk_manager.go:255.54,258.4 2 2
mcp-memory/internal/bulk/bulk_manager.go:262.2,268.30 5 2
mcp-memory/internal/bulk/bulk_manager.go:268.30,269.59 1 0
mcp-memory/internal/bulk/bulk_manager.go:269.59,273.4 3 0
mcp-memory/internal/bulk/bulk_manager.go:277.2,277.23 1 2
mcp-memory/internal/bulk/bulk_manager.go:277.23,279.3 1 0
mcp-memory/internal/bulk/bulk_manager.go:282.2,282.22 1 2
mcp-memory/internal/bulk/bulk_manager.go:283.22,284.47 1 2
mcp-memory/internal/bulk/bulk_manager.go:285.23,286.48 1 0
mcp-memory/internal/bulk/bulk_manager.go:287.23,288.48 1 0
mcp-memory/internal/bulk/bulk_manager.go:289.10,290.63 1 0
mcp-memory/internal/bulk/bulk_manager.go:295.76,296.34 1 0
mcp-memory/internal/bulk/bulk_manager.go:296.34,297.42 1 0
mcp-memory/internal/bulk/bulk_manager.go:297.42,303.4 1 0
mcp-memory/internal/bulk/bulk_manager.go:306.2,306.71 1 0
mcp-memory/internal/bulk/bulk_manager.go:306.71,308.3 1 0
mcp-memory/internal/bulk/bulk_manager.go:310.2,310.12 1 0
mcp-memory/internal/bulk/bulk_manager.go:314.72,318.22 2 0
mcp-memory/internal/bulk/bulk_manager.go:319.39,320.26 1 0
mcp-memory/internal/bulk/bulk_manager.go:320.26,324.4 3 0
mcp-memory/internal/bulk/bulk_manager.go:325.23,326.23 1 0
mcp-memory/internal/bulk/bulk_manager.go:326.23,330.4 3 0
mcp-memory/internal/bulk/bulk_manager.go:331.10,334.59 3 0
mcp-memory/internal/bulk/bulk_manager.go:337.2,342.12 5 0
mcp-memory/internal/bulk/bulk_manager.go:346.96,354.16 5 2
mcp-memory/internal/bulk/bulk_manager.go:354.16,356.3 1 0
mcp-memory/internal/bulk/bulk_manager.go:357.2,357.12 1 2
mcp-memory/internal/bulk/bulk_manager.go:361.97,363.34 1 0
mcp-memory/internal/bulk/bulk_manager.go:363.34,364.54 1 0
mcp-memory/internal/bulk/bulk_manager.go:364.54,372.35 2 0
mcp-memory/internal/bulk/bulk_manager.go:372.35,375.5 2 0
mcp-memory/internal/bulk/bulk_manager.go:376.4,376.26 1 0
mcp-memory/internal/bulk/bulk_manager.go:377.9,379.4 1 0
mcp-memory/internal/bulk/bulk_manager.go:381.3,385.33 4 0
mcp-memory/internal/bulk/bulk_manager.go:388.2,390.12 3 0
mcp-memory/internal/bulk/bulk_manager.go:394.97,403.16 5 0
mcp-memory/internal/bulk/bulk_manager.go:403.16,405.3 1 0
mcp-memory/internal/bulk/bulk_manager.go:406.2,406.12 1 0
mcp-memory/internal/bulk/bulk_manager.go:411.50,412.23 1 10
mcp-memory/internal/bulk/bulk_manager.go:413.39,414.25 1 10
mcp-memory/internal/bulk/bulk_manager.go:415.23,416.22 1 0
mcp-memory/internal/bulk/bulk_manager.go:417.10,418.11 1 0
mcp-memory/internal/bulk/bulk_manager.go:422.58,425.20 3 5
mcp-memory/internal/bulk/bulk_manager.go:425.20,427.3 1 0
mcp-memory/internal/bulk/bulk_manager.go:428.2,428.49 1 5
mcp-memory/internal/bulk/bulk_manager.go:431.110,433.46 2 2
mcp-memory/internal/bulk/bulk_manager.go:433.46,435.24 2 2
mcp-memory/internal/bulk/bulk_manager.go:435.24,437.4 1 2
mcp-memory/internal/bulk/bulk_manager.go:438.3,438.43 1 2
mcp-memory/internal/bulk/bulk_manager.go:440.2,440.16 1 2
mcp-memory/internal/bulk/bulk_manager.go:443.75,445.43 2 0
mcp-memory/internal/bulk/bulk_manager.go:445.43,447.21 2 0
mcp-memory/internal/bulk/bulk_manager.go:447.21,449.4 1 0
mcp-memory/internal/bulk/bulk_manager.go:450.3,450.40 1 0
mcp-memory/internal/bulk/bulk_manager.go:452.2,452.16 1 0
mcp-memory/internal/bulk/bulk_manager.go:455.56,457.25 2 3
mcp-memory/internal/bulk/bulk_manager.go:457.25,459.3 1 2
mcp-memory/internal/bulk/bulk_manager.go:460.2,460.27 1 3
mcp-memory/internal/bulk/bulk_manager.go:460.27,462.3 1 0
mcp-memory/internal/bulk/bulk_manager.go:464.2,472.25 2 3
mcp-memory/internal/bulk/bulk_manager.go:472.25,474.3 1 2
mcp-memory/internal/bulk/bulk_manager.go:476.2,476.17 1 3
mcp-memory/internal/bulk/bulk_manager.go:479.75,480.34 1 2
mcp-memory/internal/bulk/bulk_manager.go:480.34,482.3 1 0
mcp-memory/internal/bulk/bulk_manager.go:484.2,486.55 3 2
mcp-memory/internal/bulk/bulk_manager.go:489.67,490.40 1 4
mcp-memory/internal/bulk/bulk_manager.go:490.40,492.3 1 0
mcp-memory/internal/bulk/bulk_manager.go:497.35,499.2 1 2
mcp-memory/internal/bulk/bulk_manager.go:501.38,503.2 1 0
mcp-memory/internal/bulk/bulk_manager.go:519.59,521.19 2 0
mcp-memory/internal/bulk/bulk_manager.go:522.56,522.56 0 0
mcp-memory/internal/bulk/bulk_manager.go:524.10,525.71 1 0
mcp-memory/internal/bulk/bulk_manager.go:528.2,529.30 2 0
mcp-memory/internal/bulk/bulk_manager.go:529.30,531.3 1 0
mcp-memory/internal/bulk/bulk_manager.go:533.2,545.8 1 0
mcp-memory/internal/bulk/bulk_manager.go:549.161,552.32 2 2
mcp-memory/internal/bulk/bulk_manager.go:552.32,553.10 1 2
mcp-memory/internal/bulk/bulk_manager.go:554.21,555.20 1 0
mcp-memory/internal/bulk/bulk_manager.go:556.32,556.32 0 2
mcp-memory/internal/bulk/bulk_manager.go:559.3,560.61 2 2
mcp-memory/internal/bulk/bulk_manager.go:560.61,561.17 1 2
mcp-memory/internal/bulk/bulk_manager.go:561.17,564.5 2 2
mcp-memory/internal/bulk/bulk_manager.go:566.4,566.33 1 2
mcp-memory/internal/bulk/bulk_manager.go:566.33,567.55 1 2
mcp-memory/internal/bulk/bulk_manager.go:567.55,575.37 2 0
mcp-memory/internal/bulk/bulk_manager.go:575.37,578.7 2 0
mcp-memory/internal/bulk/bulk_manager.go:579.6,579.28 1 0
mcp-memory/internal/bulk/bulk_manager.go:580.11,582.6 1 2
mcp-memory/internal/bulk/bulk_manager.go:584.5,589.35 5 2
mcp-memory/internal/bulk/bulk_manager.go:594.2,598.12 4 2
mcp-memory/internal/bulk/bulk_manager.go:602.145,605.32 2 0
mcp-memory/internal/bulk/bulk_manager.go:605.32,606.10 1 0
mcp-memory/internal/bulk/bulk_manager.go:607.21,608.20 1 0
mcp-memory/internal/bulk/bulk_manager.go:609.32,609.32 0 0
mcp-memory/internal/bulk/bulk_manager.go:612.3,613.41 2 0
mcp-memory/internal/bulk/bulk_manager.go:613.41,614.17 1 0
mcp-memory/internal/bulk/bulk_manager.go:614.17,617.5 2 0
mcp-memory/internal/bulk/bulk_manager.go:619.4,619.27 1 0
mcp-memory/internal/bulk/bulk_manager.go:619.27,620.53 1 0
mcp-memory/internal/bulk/bulk_manager.go:620.53,628.37 2 0
mcp-memory/internal/bulk/bulk_manager.go:628.37,631.7 2 0
mcp-memory/internal/bulk/bulk_manager.go:632.6,632.28 1 0
mcp-memory/internal/bulk/bulk_manager.go:633.11,635.6 1 0
mcp-memory/internal/bulk/bulk_manager.go:637.5,642.35 5 0
mcp-memory/internal/bulk/bulk_manager.go:647.2,651.12 4 0
mcp-memory/internal/chains/analyzer.go:19.98,23.2 1 0
mcp-memory/internal/chains/analyzer.go:26.139,41.2 7 0
mcp-memory/internal/chains/analyzer.go:44.126,45.22 1 0
mcp-memory/internal/chains/analyzer.go:45.22,47.3 1 0
mcp-memory/internal/chains/analyzer.go:50.2,51.31 2 0
mcp-memory/internal/chains/analyzer.go:51.31,52.43 1 0
mcp-memory/internal/chains/analyzer.go:52.43,54.4 1 0
mcp-memory/internal/chains/analyzer.go:58.2,60.41 3 0
mcp-memory/internal/chains/analyzer.go:60.41,61.21 1 0
mcp-memory/internal/chains/analyzer.go:61.21,64.4 2 0
mcp-memory/internal/chains/analyzer.go:68.2,76.31 4 0
mcp-memory/internal/chains/analyzer.go:80.90,81.46 1 0
mcp-memory/internal/chains/analyzer.go:81.46,83.3 1 0
mcp-memory/internal/chains/analyzer.go:85.2,86.22 2 0
mcp-memory/internal/chains/analyzer.go:86.22,90.3 3 0
mcp-memory/internal/chains/analyzer.go:92.2,92.30 1 0
mcp-memory/internal/chains/analyzer.go:92.30,94.3 1 0
mcp-memory/internal/chains/analyzer.go:96.2,96.59 1 0
mcp-memory/internal/chains/analyzer.go:100.85,106.2 2 0
mcp-memory/internal/chains/analyzer.go:109.95,110.48 1 0
mcp-memory/internal/chains/analyzer.go:110.48,112.3 1 0
mcp-memory/internal/chains/analyzer.go:114.2,115.30 2 0
mcp-memory/internal/chains/analyzer.go:115.30,117.3 1 0
mcp-memory/internal/chains/analyzer.go:119.2,120.30 2 0
mcp-memory/internal/chains/analyzer.go:120.30,122.3 1 0
mcp-memory/internal/chains/analyzer.go:125.2,126.22 2 0
mcp-memory/internal/chains/analyzer.go:126.22,127.14 1 0
mcp-memory/internal/chains/analyzer.go:127.14,129.4 1 0
mcp-memory/internal/chains/analyzer.go:132.2,133.16 2 0
mcp-memory/internal/chains/analyzer.go:133.16,135.3 1 0
mcp-memory/internal/chains/analyzer.go:137.2,137.47 1 0
mcp-memory/internal/chains/analyzer.go:141.152,143.85 1 0
mcp-memory/internal/chains/analyzer.go:143.85,145.3 1 0
mcp-memory/internal/chains/analyzer.go:148.2,148.45 1 0
mcp-memory/internal/chains/analyzer.go:148.45,150.3 1 0
mcp-memory/internal/chains/analyzer.go:153.2,153.48 1 0
mcp-memory/internal/chains/analyzer.go:153.48,155.3 1 0
mcp-memory/internal/chains/analyzer.go:158.2,159.54 1 0
mcp-memory/internal/chains/analyzer.go:159.54,161.3 1 0
mcp-memory/internal/chains/analyzer.go:164.2,164.85 1 0
mcp-memory/internal/chains/analyzer.go:164.85,166.3 1 0
mcp-memory/internal/chains/analyzer.go:169.2,169.27 1 0
mcp-memory/internal/chains/analyzer.go:173.131,189.2 3 0
mcp-memory/internal/chains/analyzer.go:192.93,195.31 2 0
mcp-memory/internal/chains/analyzer.go:195.31,197.3 1 0
mcp-memory/internal/chains/analyzer.go:200.2,202.34 3 0
mcp-memory/internal/chains/analyzer.go:202.34,203.23 1 0
mcp-memory/internal/chains/analyzer.go:203.23,206.4 2 0
mcp-memory/internal/chains/analyzer.go:210.2,220.53 2 0
mcp-memory/internal/chains/analyzer.go:220.53,222.3 1 0
mcp-memory/internal/chains/analyzer.go:224.2,224.30 1 0
mcp-memory/internal/chains/analyzer.go:228.95,229.22 1 0
mcp-memory/internal/chains/analyzer.go:229.22,232.26 2 0
mcp-memory/internal/chains/analyzer.go:232.26,234.4 1 0
mcp-memory/internal/chains/analyzer.go:235.3,235.46 1 0
mcp-memory/internal/chains/analyzer.go:238.2,238.49 1 0
mcp-memory/internal/chains/analyzer.go:238.49,240.3 1 0
mcp-memory/internal/chains/analyzer.go:242.2,242.39 1 0
mcp-memory/internal/chains/analyzer.go:246.140,249.31 2 0
mcp-memory/internal/chains/analyzer.go:249.31,250.48 1 0
mcp-memory/internal/chains/analyzer.go:250.48,252.4 1 0
mcp-memory/internal/chains/analyzer.go:253.3,253.47 1 0
mcp-memory/internal/chains/analyzer.go:253.47,255.4 1 0
mcp-memory/internal/chains/analyzer.go:259.2,267.26 3 0
mcp-memory/internal/chains/analyzer.go:267.26,269.3 1 0
mcp-memory/internal/chains/analyzer.go:271.2,273.13 2 0
mcp-memory/internal/chains/analyzer.go:277.91,285.42 3 0
mcp-memory/internal/chains/analyzer.go:285.42,287.3 1 0
mcp-memory/internal/chains/analyzer.go:290.2,290.37 1 0
mcp-memory/internal/chains/analyzer.go:290.37,291.40 1 0
mcp-memory/internal/chains/analyzer.go:291.40,292.41 1 0
mcp-memory/internal/chains/analyzer.go:292.41,294.5 1 0
mcp-memory/internal/chains/analyzer.go:299.2,300.44 2 0
mcp-memory/internal/chains/analyzer.go:300.44,302.3 1 0
mcp-memory/internal/chains/analyzer.go:304.2,304.15 1 0
mcp-memory/internal/chains/memory_chain.go:82.78,88.2 1 5
mcp-memory/internal/chains/memory_chain.go:91.147,92.28 1 7
mcp-memory/internal/chains/memory_chain.go:92.28,94.3 1 0
mcp-memory/internal/chains/memory_chain.go:97.2,109.44 2 7
mcp-memory/internal/chains/memory_chain.go:109.44,110.47 1 10
mcp-memory/internal/chains/memory_chain.go:110.47,112.18 2 14
mcp-memory/internal/chains/memory_chain.go:112.18,113.13 1 0
mcp-memory/internal/chains/memory_chain.go:116.4,116.22 1 14
mcp-memory/internal/chains/memory_chain.go:116.22,125.5 2 11
mcp-memory/internal/chains/memory_chain.go:130.2,130.56 1 7
mcp-memory/internal/chains/memory_chain.go:130.56,132.3 1 0
mcp-memory/internal/chains/memory_chain.go:135.2,139.19 4 7
mcp-memory/internal/chains/memory_chain.go:143.151,146.16 2 1
mcp-memory/internal/chains/memory_chain.go:146.16,148.3 1 0
mcp-memory/internal/chains/memory_chain.go:151.2,151.36 1 1
mcp-memory/internal/chains/memory_chain.go:151.36,152.21 1 2
mcp-memory/internal/chains/memory_chain.go:152.21,154.4 1 0
mcp-memory/internal/chains/memory_chain.go:158.2,161.40 2 1
mcp-memory/internal/chains/memory_chain.go:161.40,163.17 2 2
mcp-memory/internal/chains/memory_chain.go:163.17,164.12 1 0
mcp-memory/internal/chains/memory_chain.go:167.3,167.21 1 2
mcp-memory/internal/chains/memory_chain.go:167.21,176.4 2 2
mcp-memory/internal/chains/memory_chain.go:180.2,181.57 2 1
mcp-memory/internal/chains/memory_chain.go:181.57,183.3 1 0
mcp-memory/internal/chains/memory_chain.go:185.2,185.12 1 1
mcp-memory/internal/chains/memory_chain.go:189.118,190.21 1 0
mcp-memory/internal/chains/memory_chain.go:190.21,192.3 1 0
mcp-memory/internal/chains/memory_chain.go:195.2,196.16 2 0
mcp-memory/internal/chains/memory_chain.go:196.16,200.3 2 0
mcp-memory/internal/chains/memory_chain.go:202.2,202.55 1 0
mcp-memory/internal/chains/memory_chain.go:206.103,208.2 1 1
mcp-memory/internal/chains/memory_chain.go:211.117,213.16 2 1
mcp-memory/internal/chains/memory_chain.go:213.16,215.3 1 0
mcp-memory/internal/chains/memory_chain.go:218.2,219.35 2 1
mcp-memory/internal/chains/memory_chain.go:219.35,222.71 2 3
mcp-memory/internal/chains/memory_chain.go:222.71,224.4 1 0
mcp-memory/internal/chains/memory_chain.go:228.2,229.18 2 1
mcp-memory/internal/chains/memory_chain.go:233.112,235.16 2 0
mcp-memory/internal/chains/memory_chain.go:235.16,237.3 1 0
mcp-memory/internal/chains/memory_chain.go:240.2,242.40 3 0
mcp-memory/internal/chains/memory_chain.go:242.40,244.3 1 0
mcp-memory/internal/chains/memory_chain.go:246.2,246.37 1 0
mcp-memory/internal/chains/memory_chain.go:246.37,248.3 1 0
mcp-memory/internal/chains/memory_chain.go:250.2,250.19 1 0
mcp-memory/internal/chains/memory_chain.go:254.132,257.16 2 1
mcp-memory/internal/chains/memory_chain.go:257.16,259.3 1 0
mcp-memory/internal/chains/memory_chain.go:261.2,262.16 2 1
mcp-memory/internal/chains/memory_chain.go:262.16,264.3 1 0
mcp-memory/internal/chains/memory_chain.go:267.2,268.37 2 1
mcp-memory/internal/chains/memory_chain.go:268.37,270.3 1 2
mcp-memory/internal/chains/memory_chain.go:271.2,271.37 1 1
mcp-memory/internal/chains/memory_chain.go:271.37,273.3 1 2
mcp-memory/internal/chains/memory_chain.go:275.2,276.29 2 1
mcp-memory/internal/chains/memory_chain.go:276.29,278.3 1 4
mcp-memory/internal/chains/memory_chain.go:281.2,282.36 2 1
mcp-memory/internal/chains/memory_chain.go:282.36,285.3 2 1
mcp-memory/internal/chains/memory_chain.go:286.2,286.36 1 1
mcp-memory/internal/chains/memory_chain.go:286.36,288.47 2 1
mcp-memory/internal/chains/memory_chain.go:288.47,290.41 1 0
mcp-memory/internal/chains/memory_chain.go:290.41,292.5 1 0
mcp-memory/internal/chains/memory_chain.go:293.9,295.4 1 1
mcp-memory/internal/chains/memory_chain.go:298.2,299.31 2 1
mcp-memory/internal/chains/memory_chain.go:299.31,301.3 1 2
mcp-memory/internal/chains/memory_chain.go:304.2,318.62 2 1
mcp-memory/internal/chains/memory_chain.go:318.62,320.3 1 0
mcp-memory/internal/chains/memory_chain.go:326.2,326.25 1 1
mcp-memory/internal/chains/memory_chain.go:331.99,336.12 4 4
mcp-memory/internal/chains/memory_chain.go:336.12,338.3 1 4
mcp-memory/internal/chains/memory_chain.go:341.2,342.16 2 0
mcp-memory/internal/chains/memory_chain.go:342.16,344.3 1 0
mcp-memory/internal/chains/memory_chain.go:347.2,351.19 4 0
mcp-memory/internal/chains/memory_chain.go:354.88,355.18 1 1
mcp-memory/internal/chains/memory_chain.go:355.18,357.3 1 0
mcp-memory/internal/chains/memory_chain.go:359.2,363.21 4 1
mcp-memory/internal/chains/memory_chain.go:363.21,369.40 4 3
mcp-memory/internal/chains/memory_chain.go:369.40,370.23 1 3
mcp-memory/internal/chains/memory_chain.go:370.23,372.5 1 1
mcp-memory/internal/chains/memory_chain.go:374.4,374.26 1 2
mcp-memory/internal/chains/memory_chain.go:374.26,380.5 5 2
mcp-memory/internal/chains/memory_chain.go:384.2,384.12 1 0
mcp-memory/internal/chains/memory_chain.go:387.65,389.31 2 7
mcp-memory/internal/chains/memory_chain.go:389.31,391.3 1 17
mcp-memory/internal/chains/memory_chain.go:392.2,392.12 1 7
mcp-memory/internal/chains/memory_chain.go:395.31,397.2 1 8
mcp-memory/internal/chains/memory_chain.go:399.46,402.19 3 8
mcp-memory/internal/chains/memory_chain.go:402.19,404.3 1 64
mcp-memory/internal/chains/memory_chain.go:405.2,405.18 1 8
mcp-memory/internal/chains/store.go:18.50,23.2 1 6
mcp-memory/internal/chains/store.go:26.86,27.36 1 9
mcp-memory/internal/chains/store.go:27.36,29.3 1 0
mcp-memory/internal/chains/store.go:31.2,38.41 4 9
mcp-memory/internal/chains/store.go:38.41,39.50 1 24
mcp-memory/internal/chains/store.go:39.50,41.4 1 19
mcp-memory/internal/chains/store.go:43.3,44.57 2 24
mcp-memory/internal/chains/store.go:44.57,45.35 1 5
mcp-memory/internal/chains/store.go:45.35,47.10 2 0
mcp-memory/internal/chains/store.go:50.3,50.13 1 24
mcp-memory/internal/chains/store.go:50.13,52.4 1 24
mcp-memory/internal/chains/store.go:55.2,55.12 1 9
mcp-memory/internal/chains/store.go:59.96,64.13 4 5
mcp-memory/internal/chains/store.go:64.13,66.3 1 1
mcp-memory/internal/chains/store.go:69.2,69.32 1 4
mcp-memory/internal/chains/store.go:73.108,78.13 4 2
mcp-memory/internal/chains/store.go:78.13,80.3 1 0
mcp-memory/internal/chains/store.go:82.2,83.35 2 2
mcp-memory/internal/chains/store.go:83.35,84.49 1 3
mcp-memory/internal/chains/store.go:84.49,86.4 1 3
mcp-memory/internal/chains/store.go:89.2,89.20 1 2
mcp-memory/internal/chains/store.go:93.87,94.36 1 2
mcp-memory/internal/chains/store.go:94.36,96.3 1 0
mcp-memory/internal/chains/store.go:98.2,102.13 4 2
mcp-memory/internal/chains/store.go:102.13,104.3 1 0
mcp-memory/internal/chains/store.go:107.2,107.44 1 2
mcp-memory/internal/chains/store.go:107.44,108.56 1 7
mcp-memory/internal/chains/store.go:108.56,110.32 2 5
mcp-memory/internal/chains/store.go:110.32,111.23 1 5
mcp-memory/internal/chains/store.go:111.23,113.6 1 0
mcp-memory/internal/chains/store.go:115.4,115.29 1 5
mcp-memory/internal/chains/store.go:115.29,117.5 1 5
mcp-memory/internal/chains/store.go:117.10,119.5 1 0
mcp-memory/internal/chains/store.go:124.2,124.41 1 2
mcp-memory/internal/chains/store.go:124.41,125.50 1 7
mcp-memory/internal/chains/store.go:125.50,127.4 1 7
mcp-memory/internal/chains/store.go:128.3,129.57 2 7
mcp-memory/internal/chains/store.go:129.57,130.35 1 0
mcp-memory/internal/chains/store.go:130.35,132.10 2 0
mcp-memory/internal/chains/store.go:135.3,135.13 1 7
mcp-memory/internal/chains/store.go:135.13,137.4 1 7
mcp-memory/internal/chains/store.go:141.2,143.12 2 2
mcp-memory/internal/chains/store.go:147.83,152.13 4 1
mcp-memory/internal/chains/store.go:152.13,154.3 1 0
mcp-memory/internal/chains/store.go:157.2,157.41 1 1
mcp-memory/internal/chains/store.go:157.41,158.56 1 4
mcp-memory/internal/chains/store.go:158.56,160.32 2 4
mcp-memory/internal/chains/store.go:160.32,161.22 1 4
mcp-memory/internal/chains/store.go:161.22,163.6 1 0
mcp-memory/internal/chains/store.go:165.4,165.29 1 4
mcp-memory/internal/chains/store.go:165.29,167.5 1 4
mcp-memory/internal/chains/store.go:167.10,169.5 1 0
mcp-memory/internal/chains/store.go:174.2,176.12 2 1
mcp-memory/internal/chains/store.go:180.103,186.33 4 1
mcp-memory/internal/chains/store.go:186.33,188.3 1 1
mcp-memory/internal/chains/store.go:191.2,191.37 1 1
mcp-memory/internal/chains/store.go:191.37,192.40 1 0
mcp-memory/internal/chains/store.go:192.40,193.54 1 0
mcp-memory/internal/chains/store.go:193.54,195.5 1 0
mcp-memory/internal/chains/store.go:200.2,202.25 3 1
mcp-memory/internal/chains/store.go:202.25,204.3 1 0
mcp-memory/internal/chains/store.go:205.2,205.23 1 1
mcp-memory/internal/chains/store.go:205.23,207.3 1 1
mcp-memory/internal/chains/store.go:209.2,209.31 1 1
mcp-memory/internal/chains/store.go:213.73,214.18 1 8
mcp-memory/internal/chains/store.go:214.18,216.3 1 0
mcp-memory/internal/chains/store.go:219.2,233.35 5 8
mcp-memory/internal/chains/store.go:233.35,242.27 2 8
mcp-memory/internal/chains/store.go:242.27,244.36 2 0
[...]
mcp-memory/internal/storage/relationships.go:551.26,553.3 1 0
mcp-memory/internal/storage/relationships.go:555.2,555.41 1 0
mcp-memory/internal/storage/relationships.go:559.68,561.2 1 0
mcp-memory/internal/storage/relationships.go:563.70,565.2 1 0
mcp-memory/internal/storage/relationships.go:567.66,569.2 1 0
mcp-memory/internal/storage/relationships.go:571.72,573.2 1 0
mcp-memory/internal/storage/relationships.go:575.73,577.2 1 0
mcp-memory/internal/storage/relationships.go:579.104,580.35 1 0
mcp-memory/internal/storage/relationships.go:580.35,582.3 1 0
mcp-memory/internal/storage/relationships.go:583.2,583.11 1 0
mcp-memory/internal/storage/relationships.go:586.106,587.35 1 0
mcp-memory/internal/storage/relationships.go:587.35,589.3 1 0
mcp-memory/internal/storage/relationships.go:590.2,590.12 1 0
mcp-memory/internal/storage/relationships.go:593.102,594.35 1 0
mcp-memory/internal/storage/relationships.go:594.35,596.3 1 0
mcp-memory/internal/storage/relationships.go:597.2,597.10 1 0
mcp-memory/internal/storage/relationships.go:600.64,601.16 1 0
mcp-memory/internal/storage/relationships.go:601.16,603.3 1 0
mcp-memory/internal/storage/relationships.go:605.2,605.28 1 0
mcp-memory/internal/storage/relationships.go:605.28,607.3 1 0
mcp-memory/internal/storage/relationships.go:608.2,608.36 1 0
mcp-memory/internal/storage/relationships.go:611.116,612.18 1 0
mcp-memory/internal/storage/relationships.go:612.18,614.3 1 0
mcp-memory/internal/storage/relationships.go:615.2,615.21 1 0
mcp-memory/internal/storage/relationships.go:615.21,617.3 1 0
mcp-memory/internal/storage/relationships.go:619.2,619.48 1 0
mcp-memory/internal/storage/relationships.go:619.48,621.17 2 0
mcp-memory/internal/storage/relationships.go:622.21,623.94 1 0
mcp-memory/internal/storage/relationships.go:624.21,625.98 1 0
mcp-memory/internal/storage/relationships.go:626.27,627.104 1 0
mcp-memory/internal/storage/relationships.go:628.11,629.94 1 0
mcp-memory/internal/storage/relationships.go:632.3,632.26 1 0
mcp-memory/internal/storage/relationships.go:632.26,634.4 1 0
mcp-memory/internal/storage/relationships.go:635.3,635.14 1 0
mcp-memory/internal/storage/relationships.go:639.116,640.29 1 0
mcp-memory/internal/storage/relationships.go:640.29,642.3 1 0
mcp-memory/internal/storage/relationships.go:645.2,646.21 2 0
mcp-memory/internal/storage/relationships.go:646.21,648.3 1 0
mcp-memory/internal/storage/relationships.go:651.2,652.36 2 0
mcp-memory/internal/storage/relationships.go:652.36,654.3 1 0
mcp-memory/internal/storage/relationships.go:657.2,657.89 1 0
mcp-memory/internal/storage/relationships.go:657.89,658.22 1 0
mcp-memory/internal/storage/relationships.go:658.22,660.4 1 0
mcp-memory/internal/storage/relationships.go:661.3,661.31 1 0
mcp-memory/internal/storage/relationships.go:663.2,663.92 1 0
mcp-memory/internal/storage/relationships.go:663.92,664.22 1 0
mcp-memory/internal/storage/relationships.go:664.22,666.4 1 0
mcp-memory/internal/storage/relationships.go:667.3,667.28 1 0
mcp-memory/internal/storage/relationships.go:669.2,669.93 1 0
mcp-memory/internal/storage/relationships.go:669.93,670.22 1 0
mcp-memory/internal/storage/relationships.go:670.22,672.4 1 0
mcp-memory/internal/storage/relationships.go:673.3,673.29 1 0
mcp-memory/internal/storage/relationships.go:677.2,677.21 1 0
mcp-memory/internal/storage/relationships.go:677.21,679.3 1 0
mcp-memory/internal/storage/relationships.go:680.2,680.18 1 0
mcp-memory/internal/storage/relationships.go:683.85,685.29 2 0
mcp-memory/internal/storage/relationships.go:685.29,687.3 1 0
mcp-memory/internal/storage/relationships.go:690.2,690.29 1 0
mcp-memory/internal/storage/relationships.go:690.29,691.22 1 0
mcp-memory/internal/storage/relationships.go:691.22,693.4 1 0
mcp-memory/internal/storage/relationships.go:697.79,709.2 7 0
mcp-memory/internal/storage/retry_wrapper.go:18.83,19.19 1 16
mcp-memory/internal/storage/retry_wrapper.go:19.19,21.3 1 0
mcp-memory/internal/storage/retry_wrapper.go:22.2,25.3 1 16
mcp-memory/internal/storage/retry_wrapper.go:29.41,38.2 1 0
mcp-memory/internal/storage/retry_wrapper.go:41.46,42.16 1 2
mcp-memory/internal/storage/retry_wrapper.go:42.16,44.3 1 0
mcp-memory/internal/storage/retry_wrapper.go:47.2,60.44 3 2
mcp-memory/internal/storage/retry_wrapper.go:60.44,61.42 1 6
mcp-memory/internal/storage/retry_wrapper.go:61.42,63.4 1 2
mcp-memory/internal/storage/retry_wrapper.go:67.2,70.35 2 0
mcp-memory/internal/storage/retry_wrapper.go:70.35,72.3 1 0
mcp-memory/internal/storage/retry_wrapper.go:74.2,74.14 1 0
mcp-memory/internal/storage/retry_wrapper.go:78.48,82.2 1 6
mcp-memory/internal/storage/retry_wrapper.go:84.52,85.43 1 0
mcp-memory/internal/storage/retry_wrapper.go:85.43,86.50 1 0
mcp-memory/internal/storage/retry_wrapper.go:86.50,88.4 1 0
mcp-memory/internal/storage/retry_wrapper.go:90.2,90.14 1 0
mcp-memory/internal/storage/retry_wrapper.go:93.40,94.22 1 0
mcp-memory/internal/storage/retry_wrapper.go:94.22,96.3 1 0
mcp-memory/internal/storage/retry_wrapper.go:97.2,97.30 1 0
mcp-memory/internal/storage/retry_wrapper.go:97.30,98.37 1 0
mcp-memory/internal/storage/retry_wrapper.go:98.37,100.4 1 0
mcp-memory/internal/storage/retry_wrapper.go:102.2,102.13 1 0
mcp-memory/internal/storage/retry_wrapper.go:105.27,106.26 1 0
mcp-memory/internal/storage/retry_wrapper.go:106.26,108.3 1 0
mcp-memory/internal/storage/retry_wrapper.go:109.2,109.10 1 0
mcp-memory/internal/storage/retry_wrapper.go:113.70,114.62 1 1
mcp-memory/internal/storage/retry_wrapper.go:114.62,116.3 1 1
mcp-memory/internal/storage/retry_wrapper.go:117.2,117.23 1 1
mcp-memory/internal/storage/retry_wrapper.go:117.23,119.3 1 0
mcp-memory/internal/storage/retry_wrapper.go:120.2,120.12 1 1
mcp-memory/internal/storage/retry_wrapper.go:124.96,125.62 1 5
mcp-memory/internal/storage/retry_wrapper.go:125.62,127.3 1 7
mcp-memory/internal/storage/retry_wrapper.go:128.2,128.23 1 5
mcp-memory/internal/storage/retry_wrapper.go:128.23,130.3 1 2
mcp-memory/internal/storage/retry_wrapper.go:131.2,131.12 1 3
mcp-memory/internal/storage/retry_wrapper.go:135.137,138.62 2 1
mcp-memory/internal/storage/retry_wrapper.go:138.62,142.3 3 2
mcp-memory/internal/storage/retry_wrapper.go:144.2,144.23 1 1
mcp-memory/internal/storage/retry_wrapper.go:144.23,146.3 1 0
mcp-memory/internal/storage/retry_wrapper.go:147.2,147.21 1 1
mcp-memory/internal/storage/retry_wrapper.go:151.106,154.62 2 1
mcp-memory/internal/storage/retry_wrapper.go:154.62,158.3 3 2
mcp-memory/internal/storage/retry_wrapper.go:160.2,160.23 1 1
mcp-memory/internal/storage/retry_wrapper.go:160.23,162.3 1 0
mcp-memory/internal/storage/retry_wrapper.go:163.2,163.19 1 1
mcp-memory/internal/storage/retry_wrapper.go:167.147,170.62 2 1
mcp-memory/internal/storage/retry_wrapper.go:170.62,174.3 3 2
mcp-memory/internal/storage/retry_wrapper.go:176.2,176.23 1 1
mcp-memory/internal/storage/retry_wrapper.go:176.23,178.3 1 0
mcp-memory/internal/storage/retry_wrapper.go:179.2,179.20 1 1
mcp-memory/internal/storage/retry_wrapper.go:183.120,186.62 2 1
mcp-memory/internal/storage/retry_wrapper.go:186.62,190.3 3 2
mcp-memory/internal/storage/retry_wrapper.go:192.2,192.23 1 1
mcp-memory/internal/storage/retry_wrapper.go:192.23,194.3 1 0
mcp-memory/internal/storage/retry_wrapper.go:195.2,195.20 1 1
mcp-memory/internal/storage/retry_wrapper.go:199.77,200.62 1 1
mcp-memory/internal/storage/retry_wrapper.go:200.62,202.3 1 2
mcp-memory/internal/storage/retry_wrapper.go:203.2,203.23 1 1
mcp-memory/internal/storage/retry_wrapper.go:203.23,205.3 1 0
mcp-memory/internal/storage/retry_wrapper.go:206.2,206.12 1 1
mcp-memory/internal/storage/retry_wrapper.go:210.97,211.62 1 1
mcp-memory/internal/storage/retry_wrapper.go:211.62,213.3 1 2
mcp-memory/internal/storage/retry_wrapper.go:214.2,214.23 1 1
mcp-memory/internal/storage/retry_wrapper.go:214.23,216.3 1 0
mcp-memory/internal/storage/retry_wrapper.go:217.2,217.12 1 1
mcp-memory/internal/storage/retry_wrapper.go:221.71,233.66 3 1
mcp-memory/internal/storage/retry_wrapper.go:233.66,235.3 1 2
mcp-memory/internal/storage/retry_wrapper.go:237.2,237.23 1 1
mcp-memory/internal/storage/retry_wrapper.go:237.23,239.3 1 0
mcp-memory/internal/storage/retry_wrapper.go:240.2,240.12 1 1
mcp-memory/internal/storage/retry_wrapper.go:244.83,247.62 2 1
mcp-memory/internal/storage/retry_wrapper.go:247.62,251.3 3 2
mcp-memory/internal/storage/retry_wrapper.go:253.2,253.23 1 1
mcp-memory/internal/storage/retry_wrapper.go:253.23,255.3 1 0
mcp-memory/internal/storage/retry_wrapper.go:256.2,256.19 1 1
mcp-memory/internal/storage/retry_wrapper.go:260.93,274.67 4 1
mcp-memory/internal/storage/retry_wrapper.go:274.67,278.3 3 2
mcp-memory/internal/storage/retry_wrapper.go:280.2,280.23 1 1
mcp-memory/internal/storage/retry_wrapper.go:280.23,282.3 1 0
mcp-memory/internal/storage/retry_wrapper.go:283.2,283.19 1 1
mcp-memory/internal/storage/retry_wrapper.go:287.46,289.2 1 1
mcp-memory/internal/storage/retry_wrapper.go:294.101,297.62 2 0
mcp-memory/internal/storage/retry_wrapper.go:297.62,301.3 3 0
mcp-memory/internal/storage/retry_wrapper.go:303.2,303.23 1 0
mcp-memory/internal/storage/retry_wrapper.go:303.23,305.3 1 0
mcp-memory/internal/storage/retry_wrapper.go:306.2,306.20 1 0
mcp-memory/internal/storage/retry_wrapper.go:310.95,311.62 1 0
mcp-memory/internal/storage/retry_wrapper.go:311.62,313.3 1 0
mcp-memory/internal/storage/retry_wrapper.go:314.2,314.23 1 0
mcp-memory/internal/storage/retry_wrapper.go:314.23,316.3 1 0
mcp-memory/internal/storage/retry_wrapper.go:317.2,317.12 1 0
mcp-memory/internal/storage/retry_wrapper.go:321.87,324.62 2 0
mcp-memory/internal/storage/retry_wrapper.go:324.62,328.3 3 0
mcp-memory/internal/storage/retry_wrapper.go:330.2,330.23 1 0
mcp-memory/internal/storage/retry_wrapper.go:330.23,332.3 1 0
mcp-memory/internal/storage/retry_wrapper.go:333.2,333.25 1 0
mcp-memory/internal/storage/retry_wrapper.go:337.155,340.62 2 0
mcp-memory/internal/storage/retry_wrapper.go:340.62,344.3 3 0
mcp-memory/internal/storage/retry_wrapper.go:346.2,346.23 1 0
mcp-memory/internal/storage/retry_wrapper.go:346.23,348.3 1 0
mcp-memory/internal/storage/retry_wrapper.go:349.2,349.20 1 0
mcp-memory/internal/storage/retry_wrapper.go:353.101,354.62 1 0
mcp-memory/internal/storage/retry_wrapper.go:354.62,356.3 1 0
mcp-memory/internal/storage/retry_wrapper.go:357.2,357.23 1 0
mcp-memory/internal/storage/retry_wrapper.go:357.23,359.3 1 0
mcp-memory/internal/storage/retry_wrapper.go:360.2,360.12 1 0
mcp-memory/internal/storage/retry_wrapper.go:364.120,367.67 2 1
mcp-memory/internal/storage/retry_wrapper.go:367.67,371.3 3 2
mcp-memory/internal/storage/retry_wrapper.go:373.2,373.28 1 1
mcp-memory/internal/storage/retry_wrapper.go:373.28,375.3 1 0
mcp-memory/internal/storage/retry_wrapper.go:376.2,376.20 1 1
mcp-memory/internal/storage/retry_wrapper.go:380.101,383.67 2 1
mcp-memory/internal/storage/retry_wrapper.go:383.67,387.3 3 2
mcp-memory/internal/storage/retry_wrapper.go:389.2,389.28 1 1
mcp-memory/internal/storage/retry_wrapper.go:389.28,391.3 1 0
mcp-memory/internal/storage/retry_wrapper.go:392.2,392.20 1 1
mcp-memory/internal/storage/retry_wrapper.go:398.217,401.62 2 0
mcp-memory/internal/storage/retry_wrapper.go:401.62,405.3 3 0
mcp-memory/internal/storage/retry_wrapper.go:407.2,407.23 1 0
mcp-memory/internal/storage/retry_wrapper.go:407.23,409.3 1 0
mcp-memory/internal/storage/retry_wrapper.go:410.2,410.26 1 0
mcp-memory/internal/storage/retry_wrapper.go:414.137,417.62 2 0
mcp-memory/internal/storage/retry_wrapper.go:417.62,421.3 3 0
mcp-memory/internal/storage/retry_wrapper.go:423.2,423.23 1 0
mcp-memory/internal/storage/retry_wrapper.go:423.23,425.3 1 0
mcp-memory/internal/storage/retry_wrapper.go:426.2,426.27 1 0
mcp-memory/internal/storage/retry_wrapper.go:430.175,433.62 2 0
mcp-memory/internal/storage/retry_wrapper.go:433.62,437.3 3 0
mcp-memory/internal/storage/retry_wrapper.go:439.2,439.23 1 0
mcp-memory/internal/storage/retry_wrapper.go:439.23,441.3 1 0
mcp-memory/internal/storage/retry_wrapper.go:442.2,442.29 1 0
mcp-memory/internal/storage/retry_wrapper.go:446.154,447.62 1 0
mcp-memory/internal/storage/retry_wrapper.go:447.62,449.3 1 0
mcp-memory/internal/storage/retry_wrapper.go:451.2,451.23 1 0
mcp-memory/internal/storage/retry_wrapper.go:451.23,453.3 1 0
mcp-memory/internal/storage/retry_wrapper.go:454.2,454.12 1 0
mcp-memory/internal/storage/retry_wrapper.go:458.101,459.62 1 0
mcp-memory/internal/storage/retry_wrapper.go:459.62,461.3 1 0
mcp-memory/internal/storage/retry_wrapper.go:463.2,463.23 1 0
mcp-memory/internal/storage/retry_wrapper.go:463.23,465.3 1 0
mcp-memory/internal/storage/retry_wrapper.go:466.2,466.12 1 0
mcp-memory/internal/storage/retry_wrapper.go:470.131,473.62 2 0
mcp-memory/internal/storage/retry_wrapper.go:473.62,477.3 3 0
mcp-memory/internal/storage/retry_wrapper.go:479.2,479.23 1 0
mcp-memory/internal/storage/retry_wrapper.go:479.23,481.3 1 0
mcp-memory/internal/storage/retry_wrapper.go:482.2,482.26 1 0
mcp-memory/internal/storage/pool/connection_pool.go:42.38,50.2 1 0
mcp-memory/internal/storage/pool/connection_pool.go:61.78,66.60 4 223
mcp-memory/internal/storage/pool/connection_pool.go:66.60,68.3 1 1
mcp-memory/internal/storage/pool/connection_pool.go:69.2,69.61 1 222
mcp-memory/internal/storage/pool/connection_pool.go:69.61,71.3 1 0
mcp-memory/internal/storage/pool/connection_pool.go:72.2,72.14 1 222
mcp-memory/internal/storage/pool/connection_pool.go:75.34,80.2 4 213
mcp-memory/internal/storage/pool/connection_pool.go:104.86,105.19 1 10
mcp-memory/internal/storage/pool/connection_pool.go:105.19,107.3 1 0
mcp-memory/internal/storage/pool/connection_pool.go:109.2,109.25 1 10
mcp-memory/internal/storage/pool/connection_pool.go:109.25,111.3 1 0
mcp-memory/internal/storage/pool/connection_pool.go:112.2,112.59 1 10
mcp-memory/internal/storage/pool/connection_pool.go:112.59,114.3 1 0
mcp-memory/internal/storage/pool/connection_pool.go:116.2,127.38 4 10
mcp-memory/internal/storage/pool/connection_pool.go:127.38,128.52 1 13
mcp-memory/internal/storage/pool/connection_pool.go:128.52,132.4 2 0
mcp-memory/internal/storage/pool/connection_pool.go:136.2,136.36 1 10
mcp-memory/internal/storage/pool/connection_pool.go:136.36,140.3 3 1
mcp-memory/internal/storage/pool/connection_pool.go:142.2,142.18 1 10
mcp-memory/internal/storage/pool/connection_pool.go:146.71,147.38 1 299
mcp-memory/internal/storage/pool/connection_pool.go:147.38,149.3 1 1
mcp-memory/internal/storage/pool/connection_pool.go:151.2,155.9 3 298
mcp-memory/internal/storage/pool/connection_pool.go:156.29,157.16 1 61
mcp-memory/internal/storage/pool/connection_pool.go:157.16,159.4 1 0
mcp-memory/internal/storage/pool/connection_pool.go:162.3,162.85 1 61
mcp-memory/internal/storage/pool/connection_pool.go:162.85,165.50 2 2
mcp-memory/internal/storage/pool/connection_pool.go:165.50,167.5 1 0
mcp-memory/internal/storage/pool/connection_pool.go:168.4,168.21 1 2
mcp-memory/internal/storage/pool/connection_pool.go:171.3,173.44 3 59
mcp-memory/internal/storage/pool/connection_pool.go:175.10,178.37 2 237
mcp-memory/internal/storage/pool/connection_pool.go:178.37,179.50 1 82
mcp-memory/internal/storage/pool/connection_pool.go:179.50,181.5 1 1
mcp-memory/internal/storage/pool/connection_pool.go:182.4,182.21 1 81
mcp-memory/internal/storage/pool/connection_pool.go:186.3,186.10 1 155
mcp-memory/internal/storage/pool/connection_pool.go:187.30,188.17 1 154
mcp-memory/internal/storage/pool/connection_pool.go:188.17,190.5 1 0
mcp-memory/internal/storage/pool/connection_pool.go:192.4,192.86 1 154
mcp-memory/internal/storage/pool/connection_pool.go:192.86,195.5 2 0
mcp-memory/internal/storage/pool/connection_pool.go:197.4,199.45 3 154
mcp-memory/internal/storage/pool/connection_pool.go:201.21,202.25 1 1
mcp-memory/internal/storage/pool/connection_pool.go:208.53,211.9 2 213
mcp-memory/internal/storage/pool/connection_pool.go:211.9,213.3 1 0
mcp-memory/internal/storage/pool/connection_pool.go:216.2,216.38 1 213
mcp-memory/internal/storage/pool/connection_pool.go:216.38,218.40 1 1
mcp-memory/internal/storage/pool/connection_pool.go:218.40,220.4 1 1
mcp-memory/internal/storage/pool/connection_pool.go:221.3,221.23 1 1
mcp-memory/internal/storage/pool/connection_pool.go:224.2,227.43 2 212
mcp-memory/internal/storage/pool/connection_pool.go:227.43,230.3 2 0
mcp-memory/internal/storage/pool/connection_pool.go:233.2,234.36 2 212
mcp-memory/internal/storage/pool/connection_pool.go:234.36,237.3 2 69
mcp-memory/internal/storage/pool/connection_pool.go:240.2,240.9 1 143
mcp-memory/internal/storage/pool/connection_pool.go:241.30,242.13 1 142
mcp-memory/internal/storage/pool/connection_pool.go:243.10,246.13 2 1
mcp-memory/internal/storage/pool/connection_pool.go:251.40,252.50 1 10
mcp-memory/internal/storage/pool/connection_pool.go:252.50,254.3 1 0
mcp-memory/internal/storage/pool/connection_pool.go:257.2,257.27 1 10
mcp-memory/internal/storage/pool/connection_pool.go:257.27,262.3 3 1
mcp-memory/internal/storage/pool/connection_pool.go:265.2,267.32 3 10
mcp-memory/internal/storage/pool/connection_pool.go:267.32,268.41 1 23
mcp-memory/internal/storage/pool/connection_pool.go:268.41,270.4 1 0
mcp-memory/internal/storage/pool/connection_pool.go:273.2,273.16 1 10
mcp-memory/internal/storage/pool/connection_pool.go:277.44,291.2 3 4
mcp-memory/internal/storage/pool/connection_pool.go:294.70,296.16 2 98
mcp-memory/internal/storage/pool/connection_pool.go:296.16,299.3 2 1
mcp-memory/internal/storage/pool/connection_pool.go:301.2,307.9 2 97
mcp-memory/internal/storage/pool/connection_pool.go:308.27,310.13 2 97
mcp-memory/internal/storage/pool/connection_pool.go:311.10,314.26 2 0
mcp-memory/internal/storage/pool/connection_pool.go:319.60,320.33 1 73
mcp-memory/internal/storage/pool/connection_pool.go:320.33,322.3 1 0
mcp-memory/internal/storage/pool/connection_pool.go:324.2,324.40 1 73
mcp-memory/internal/storage/pool/connection_pool.go:324.40,326.3 1 0
mcp-memory/internal/storage/pool/connection_pool.go:327.2,327.39 1 73
mcp-memory/internal/storage/pool/connection_pool.go:331.44,333.6 2 1
mcp-memory/internal/storage/pool/connection_pool.go:333.6,334.10 1 9
mcp-memory/internal/storage/pool/connection_pool.go:335.27,336.26 1 8
mcp-memory/internal/storage/pool/connection_pool.go:337.23,338.10 1 1
mcp-memory/internal/storage/pool/connection_pool.go:344.47,347.6 2 8
mcp-memory/internal/storage/pool/connection_pool.go:347.6,348.10 1 16
mcp-memory/internal/storage/pool/connection_pool.go:349.30,350.17 1 8
mcp-memory/internal/storage/pool/connection_pool.go:350.17,351.13 1 0
mcp-memory/internal/storage/pool/connection_pool.go:353.4,353.33 1 8
mcp-memory/internal/storage/pool/connection_pool.go:354.11,355.25 1 8
mcp-memory/internal/storage/pool/connection_pool.go:359.1,360.29 1 0
mcp-memory/internal/storage/pool/connection_pool.go:360.29,366.20 2 8
mcp-memory/internal/storage/pool/connection_pool.go:366.20,368.12 2 1
mcp-memory/internal/storage/pool/connection_pool.go:372.3,372.10 1 7
mcp-memory/internal/storage/pool/connection_pool.go:373.28,373.28 0 7
mcp-memory/internal/storage/pool/connection_pool.go:375.11,377.27 1 0
mcp-memory/internal/storage/pool/connection_pool.go:382.2,382.38 1 8
mcp-memory/internal/storage/pool/connection_pool.go:382.38,384.38 2 8
mcp-memory/internal/storage/pool/connection_pool.go:384.38,386.50 2 1
mcp-memory/internal/storage/pool/connection_pool.go:386.50,388.10 2 0
mcp-memory/internal/storage/pool/connection_pool.go:390.4,391.17 2 1
mcp-memory/internal/storage/pool/connection_pool.go:404.39,407.15 3 1
mcp-memory/internal/storage/pool/connection_pool.go:407.15,409.3 1 0
mcp-memory/internal/storage/pool/connection_pool.go:410.2,410.29 1 1
mcp-memory/internal/storage/pool/connection_pool.go:413.38,415.15 2 0
mcp-memory/internal/storage/pool/connection_pool.go:415.15,418.3 2 0
mcp-memory/internal/storage/pool/connection_pool.go:419.2,423.24 3 0
mcp-memory/internal/storage/pool/connection_pool.go:426.38,428.2 1 0
mcp-memory/internal/storage/pool/connection_pool.go:431.44,433.2 1 5
